[0.126s] DEBUG:colcon:Command line arguments: ['/usr/bin/colcon', 'build']
[0.126s] DEBUG:colcon:Parsed command line arguments: Namespace(allow_overriding=[], ament_cmake_args=None, base_paths=['.'], build_base='build', catkin_cmake_args=None, catkin_skip_building_tests=False, cmake_args=None, cmake_clean_cache=False, cmake_clean_first=False, cmake_force_configure=False, cmake_target=None, cmake_target_skip_unavailable=False, continue_on_error=False, event_handlers=None, executor='parallel', ignore_user_meta=False, install_base='install', log_base=None, log_level=None, main=<bound method BuildVerb.main of <colcon_core.verb.build.BuildVerb object at 0x7f3ee9120f70>>, merge_install=False, metas=['./colcon.meta'], packages_above=None, packages_above_and_dependencies=None, packages_above_depth=None, packages_end=None, packages_ignore=None, packages_ignore_regex=None, packages_select=None, packages_select_build_failed=False, packages_select_by_dep=None, packages_select_regex=None, packages_select_test_failures=False, packages_skip=None, packages_skip_build_finished=False, packages_skip_by_dep=None, packages_skip_regex=None, packages_skip_test_passed=False, packages_skip_up_to=None, packages_start=None, packages_up_to=None, packages_up_to_regex=None, parallel_workers=24, paths=None, symlink_install=False, test_result_base=None, verb_extension=<colcon_core.verb.build.BuildVerb object at 0x7f3ee9120f70>, verb_name='build', verb_parser=<colcon_defaults.argument_parser.defaults.DefaultArgumentsDecorator object at 0x7f3ee8fe29a0>)
[0.256s] Level 1:colcon.colcon_core.package_discovery:discover_packages(colcon_meta) check parameters
[0.256s] Level 1:colcon.colcon_core.package_discovery:discover_packages(recursive) check parameters
[0.256s] Level 1:colcon.colcon_core.package_discovery:discover_packages(ignore) check parameters
[0.256s] Level 1:colcon.colcon_core.package_discovery:discover_packages(path) check parameters
[0.256s] Level 1:colcon.colcon_core.package_discovery:discover_packages(colcon_meta) discover
[0.256s] Level 1:colcon.colcon_core.package_discovery:discover_packages(recursive) discover
[0.256s] INFO:colcon.colcon_core.package_discovery:Crawling recursively for packages in '/mnt/sda2/code/ros2/work_1'
[0.256s] Level 1:colcon.colcon_core.package_identification:_identify(.) by extensions ['ignore', 'ignore_ament_install']
[0.256s] Level 1:colcon.colcon_core.package_identification:_identify(.) by extension 'ignore'
[0.256s] Level 1:colcon.colcon_core.package_identification:_identify(.) by extension 'ignore_ament_install'
[0.256s] Level 1:colcon.colcon_core.package_identification:_identify(.) by extensions ['colcon_pkg']
[0.256s] Level 1:colcon.colcon_core.package_identification:_identify(.) by extension 'colcon_pkg'
[0.256s] Level 1:colcon.colcon_core.package_identification:_identify(.) by extensions ['colcon_meta']
[0.256s] Level 1:colcon.colcon_core.package_identification:_identify(.) by extension 'colcon_meta'
[0.256s] Level 1:colcon.colcon_core.package_identification:_identify(.) by extensions ['ros']
[0.256s] Level 1:colcon.colcon_core.package_identification:_identify(.) by extension 'ros'
[0.265s] Level 1:colcon.colcon_core.package_identification:_identify(.) by extensions ['cmake', 'python']
[0.265s] Level 1:colcon.colcon_core.package_identification:_identify(.) by extension 'cmake'
[0.265s] Level 1:colcon.colcon_core.package_identification:_identify(.) by extension 'python'
[0.265s] Level 1:colcon.colcon_core.package_identification:_identify(.) by extensions ['python_setup_py']
[0.265s] Level 1:colcon.colcon_core.package_identification:_identify(.) by extension 'python_setup_py'
[0.265s] Level 1:colcon.colcon_core.package_identification:_identify(build) by extensions ['ignore', 'ignore_ament_install']
[0.265s] Level 1:colcon.colcon_core.package_identification:_identify(build) by extension 'ignore'
[0.265s] Level 1:colcon.colcon_core.package_identification:_identify(build) ignored
[0.265s] Level 1:colcon.colcon_core.package_identification:_identify(install) by extensions ['ignore', 'ignore_ament_install']
[0.265s] Level 1:colcon.colcon_core.package_identification:_identify(install) by extension 'ignore'
[0.265s] Level 1:colcon.colcon_core.package_identification:_identify(install) ignored
[0.265s] Level 1:colcon.colcon_core.package_identification:_identify(log) by extensions ['ignore', 'ignore_ament_install']
[0.265s] Level 1:colcon.colcon_core.package_identification:_identify(log) by extension 'ignore'
[0.265s] Level 1:colcon.colcon_core.package_identification:_identify(log) ignored
[0.265s] Level 1:colcon.colcon_core.package_identification:_identify(src) by extensions ['ignore', 'ignore_ament_install']
[0.265s] Level 1:colcon.colcon_core.package_identification:_identify(src) by extension 'ignore'
[0.265s] Level 1:colcon.colcon_core.package_identification:_identify(src) by extension 'ignore_ament_install'
[0.265s] Level 1:colcon.colcon_core.package_identification:_identify(src) by extensions ['colcon_pkg']
[0.266s] Level 1:colcon.colcon_core.package_identification:_identify(src) by extension 'colcon_pkg'
[0.266s] Level 1:colcon.colcon_core.package_identification:_identify(src) by extensions ['colcon_meta']
[0.266s] Level 1:colcon.colcon_core.package_identification:_identify(src) by extension 'colcon_meta'
[0.266s] Level 1:colcon.colcon_core.package_identification:_identify(src) by extensions ['ros']
[0.266s] Level 1:colcon.colcon_core.package_identification:_identify(src) by extension 'ros'
[0.266s] Level 1:colcon.colcon_core.package_identification:_identify(src) by extensions ['cmake', 'python']
[0.266s] Level 1:colcon.colcon_core.package_identification:_identify(src) by extension 'cmake'
[0.266s] Level 1:colcon.colcon_core.package_identification:_identify(src) by extension 'python'
[0.266s] Level 1:colcon.colcon_core.package_identification:_identify(src) by extensions ['python_setup_py']
[0.266s] Level 1:colcon.colcon_core.package_identification:_identify(src) by extension 'python_setup_py'
[0.266s] Level 1:colcon.colcon_core.package_identification:_identify(src/interface) by extensions ['ignore', 'ignore_ament_install']
[0.266s] Level 1:colcon.colcon_core.package_identification:_identify(src/interface) by extension 'ignore'
[0.266s] Level 1:colcon.colcon_core.package_identification:_identify(src/interface) by extension 'ignore_ament_install'
[0.266s] Level 1:colcon.colcon_core.package_identification:_identify(src/interface) by extensions ['colcon_pkg']
[0.266s] Level 1:colcon.colcon_core.package_identification:_identify(src/interface) by extension 'colcon_pkg'
[0.266s] Level 1:colcon.colcon_core.package_identification:_identify(src/interface) by extensions ['colcon_meta']
[0.266s] Level 1:colcon.colcon_core.package_identification:_identify(src/interface) by extension 'colcon_meta'
[0.266s] Level 1:colcon.colcon_core.package_identification:_identify(src/interface) by extensions ['ros']
[0.266s] Level 1:colcon.colcon_core.package_identification:_identify(src/interface) by extension 'ros'
[0.268s] DEBUG:colcon.colcon_core.package_identification:Package 'src/interface' with type 'ros.ament_cmake' and name 'interface'
[0.268s] Level 1:colcon.colcon_core.package_discovery:discover_packages(recursive) using defaults
[0.268s] Level 1:colcon.colcon_core.package_discovery:discover_packages(ignore) discover
[0.268s] Level 1:colcon.colcon_core.package_discovery:discover_packages(ignore) using defaults
[0.268s] Level 1:colcon.colcon_core.package_discovery:discover_packages(path) discover
[0.268s] Level 1:colcon.colcon_core.package_discovery:discover_packages(path) using defaults
[0.279s] Level 1:colcon.colcon_core.package_discovery:discover_packages(prefix_path) check parameters
[0.279s] Level 1:colcon.colcon_core.package_discovery:discover_packages(prefix_path) discover
[0.280s] WARNING:colcon.colcon_ros.prefix_path.ament:The path '/mnt/sda2/code/ros2/work_1/install/cpp_service' in the environment variable AMENT_PREFIX_PATH doesn't exist
[0.280s] WARNING:colcon.colcon_ros.prefix_path.ament:The path '/mnt/sda2/code/ros2/work_1/install/interface' in the environment variable AMENT_PREFIX_PATH doesn't exist
[0.280s] WARNING:colcon.colcon_ros.prefix_path.catkin:The path '/mnt/sda2/code/ros2/work_1/install/cpp_service' in the environment variable CMAKE_PREFIX_PATH doesn't exist
[0.280s] WARNING:colcon.colcon_ros.prefix_path.catkin:The path '/mnt/sda2/code/ros2/work_1/install/interface' in the environment variable CMAKE_PREFIX_PATH doesn't exist
[0.280s] DEBUG:colcon.colcon_installed_package_information.package_discovery:Found 0 installed packages in /mnt/sda2/code/ros2/work_1/install
[0.281s] DEBUG:colcon.colcon_installed_package_information.package_discovery:Found 256 installed packages in /opt/ros/foxy
[0.282s] Level 1:colcon.colcon_core.package_discovery:discover_packages(prefix_path) using defaults
[0.309s] Level 5:colcon.colcon_core.verb:set package 'interface' build argument 'cmake_args' from command line to 'None'
[0.309s] Level 5:colcon.colcon_core.verb:set package 'interface' build argument 'cmake_target' from command line to 'None'
[0.309s] Level 5:colcon.colcon_core.verb:set package 'interface' build argument 'cmake_target_skip_unavailable' from command line to 'False'
[0.309s] Level 5:colcon.colcon_core.verb:set package 'interface' build argument 'cmake_clean_cache' from command line to 'False'
[0.309s] Level 5:colcon.colcon_core.verb:set package 'interface' build argument 'cmake_clean_first' from command line to 'False'
[0.309s] Level 5:colcon.colcon_core.verb:set package 'interface' build argument 'cmake_force_configure' from command line to 'False'
[0.309s] Level 5:colcon.colcon_core.verb:set package 'interface' build argument 'ament_cmake_args' from command line to 'None'
[0.309s] Level 5:colcon.colcon_core.verb:set package 'interface' build argument 'catkin_cmake_args' from command line to 'None'
[0.309s] Level 5:colcon.colcon_core.verb:set package 'interface' build argument 'catkin_skip_building_tests' from command line to 'False'
[0.310s] DEBUG:colcon.colcon_core.verb:Building package 'interface' with the following arguments: {'ament_cmake_args': None, 'build_base': '/mnt/sda2/code/ros2/work_1/build/interface', 'catkin_cmake_args': None, 'catkin_skip_building_tests': False, 'cmake_args': None, 'cmake_clean_cache': False, 'cmake_clean_first': False, 'cmake_force_configure': False, 'cmake_target': None, 'cmake_target_skip_unavailable': False, 'install_base': '/mnt/sda2/code/ros2/work_1/install/interface', 'merge_install': False, 'path': '/mnt/sda2/code/ros2/work_1/src/interface', 'symlink_install': False, 'test_result_base': None}
[0.310s] INFO:colcon.colcon_core.executor:Executing jobs using 'parallel' executor
[0.310s] DEBUG:colcon.colcon_parallel_executor.executor.parallel:run_until_complete
[0.310s] INFO:colcon.colcon_ros.task.ament_cmake.build:Building ROS package in '/mnt/sda2/code/ros2/work_1/src/interface' with build type 'ament_cmake'
[0.311s] INFO:colcon.colcon_cmake.task.cmake.build:Building CMake package in '/mnt/sda2/code/ros2/work_1/src/interface'
[0.312s] INFO:colcon.colcon_core.plugin_system:Skipping extension 'colcon_core.shell.bat': Not used on non-Windows systems
[0.312s] INFO:colcon.colcon_core.shell:Skip shell extension 'powershell' for command environment: Not usable outside of PowerShell
[0.312s] DEBUG:colcon.colcon_core.shell:Skip shell extension 'dsv' for command environment
[0.317s] DEBUG:colcon.colcon_core.event_handler.log_command:Invoking command in '/mnt/sda2/code/ros2/work_1/build/interface': CMAKE_PREFIX_PATH=${CMAKE_PREFIX_PATH}:/opt/ros/foxy /usr/bin/cmake /mnt/sda2/code/ros2/work_1/src/interface -DCMAKE_INSTALL_PREFIX=/mnt/sda2/code/ros2/work_1/install/interface
[1.520s] DEBUG:colcon.colcon_core.event_handler.log_command:Invoked command in '/mnt/sda2/code/ros2/work_1/build/interface' returned '0': CMAKE_PREFIX_PATH=${CMAKE_PREFIX_PATH}:/opt/ros/foxy /usr/bin/cmake /mnt/sda2/code/ros2/work_1/src/interface -DCMAKE_INSTALL_PREFIX=/mnt/sda2/code/ros2/work_1/install/interface
[1.522s] DEBUG:colcon.colcon_core.event_handler.log_command:Invoking command in '/mnt/sda2/code/ros2/work_1/build/interface': CMAKE_PREFIX_PATH=${CMAKE_PREFIX_PATH}:/opt/ros/foxy /usr/bin/cmake --build /mnt/sda2/code/ros2/work_1/build/interface -- -j24 -l24
[3.185s] DEBUG:colcon.colcon_core.event_handler.log_command:Invoked command in '/mnt/sda2/code/ros2/work_1/build/interface' returned '0': CMAKE_PREFIX_PATH=${CMAKE_PREFIX_PATH}:/opt/ros/foxy /usr/bin/cmake --build /mnt/sda2/code/ros2/work_1/build/interface -- -j24 -l24
[3.247s] DEBUG:colcon.colcon_core.event_handler.log_command:Invoking command in '/mnt/sda2/code/ros2/work_1/build/interface': CMAKE_PREFIX_PATH=${CMAKE_PREFIX_PATH}:/opt/ros/foxy /usr/bin/cmake --install /mnt/sda2/code/ros2/work_1/build/interface
[3.288s] Level 1:colcon.colcon_core.environment:create_environment_scripts_only(interface)
[3.288s] DEBUG:colcon.colcon_core.event_handler.log_command:Invoked command in '/mnt/sda2/code/ros2/work_1/build/interface' returned '0': CMAKE_PREFIX_PATH=${CMAKE_PREFIX_PATH}:/opt/ros/foxy /usr/bin/cmake --install /mnt/sda2/code/ros2/work_1/build/interface
[3.290s] Level 1:colcon.colcon_core.environment:checking '/mnt/sda2/code/ros2/work_1/install/interface' for CMake module files
[3.290s] Level 1:colcon.colcon_core.environment:checking '/mnt/sda2/code/ros2/work_1/install/interface' for CMake config files
[3.291s] Level 1:colcon.colcon_core.shell:create_environment_hook('interface', 'cmake_prefix_path')
[3.291s] INFO:colcon.colcon_core.shell:Creating environment hook '/mnt/sda2/code/ros2/work_1/install/interface/share/interface/hook/cmake_prefix_path.ps1'
[3.291s] INFO:colcon.colcon_core.shell:Creating environment descriptor '/mnt/sda2/code/ros2/work_1/install/interface/share/interface/hook/cmake_prefix_path.dsv'
[3.292s] INFO:colcon.colcon_core.shell:Creating environment hook '/mnt/sda2/code/ros2/work_1/install/interface/share/interface/hook/cmake_prefix_path.sh'
[3.292s] Level 1:colcon.colcon_core.environment:checking '/mnt/sda2/code/ros2/work_1/install/interface/lib'
[3.292s] Level 1:colcon.colcon_core.shell:create_environment_hook('interface', 'ld_library_path_lib')
[3.292s] INFO:colcon.colcon_core.shell:Creating environment hook '/mnt/sda2/code/ros2/work_1/install/interface/share/interface/hook/ld_library_path_lib.ps1'
[3.292s] INFO:colcon.colcon_core.shell:Creating environment descriptor '/mnt/sda2/code/ros2/work_1/install/interface/share/interface/hook/ld_library_path_lib.dsv'
[3.293s] INFO:colcon.colcon_core.shell:Creating environment hook '/mnt/sda2/code/ros2/work_1/install/interface/share/interface/hook/ld_library_path_lib.sh'
[3.293s] Level 1:colcon.colcon_core.environment:checking '/mnt/sda2/code/ros2/work_1/install/interface/bin'
[3.293s] Level 1:colcon.colcon_core.environment:checking '/mnt/sda2/code/ros2/work_1/install/interface/lib/pkgconfig/interface.pc'
[3.293s] Level 1:colcon.colcon_core.environment:checking '/mnt/sda2/code/ros2/work_1/install/interface/lib/python3.8/site-packages'
[3.293s] Level 1:colcon.colcon_core.shell:create_environment_hook('interface', 'pythonpath')
[3.293s] INFO:colcon.colcon_core.shell:Creating environment hook '/mnt/sda2/code/ros2/work_1/install/interface/share/interface/hook/pythonpath.ps1'
[3.293s] INFO:colcon.colcon_core.shell:Creating environment descriptor '/mnt/sda2/code/ros2/work_1/install/interface/share/interface/hook/pythonpath.dsv'
[3.293s] INFO:colcon.colcon_core.shell:Creating environment hook '/mnt/sda2/code/ros2/work_1/install/interface/share/interface/hook/pythonpath.sh'
[3.294s] Level 1:colcon.colcon_core.environment:checking '/mnt/sda2/code/ros2/work_1/install/interface/bin'
[3.294s] INFO:colcon.colcon_core.shell:Creating package script '/mnt/sda2/code/ros2/work_1/install/interface/share/interface/package.ps1'
[3.294s] INFO:colcon.colcon_core.shell:Creating package descriptor '/mnt/sda2/code/ros2/work_1/install/interface/share/interface/package.dsv'
[3.295s] INFO:colcon.colcon_core.shell:Creating package script '/mnt/sda2/code/ros2/work_1/install/interface/share/interface/package.sh'
[3.295s] INFO:colcon.colcon_core.shell:Creating package script '/mnt/sda2/code/ros2/work_1/install/interface/share/interface/package.bash'
[3.295s] INFO:colcon.colcon_core.shell:Creating package script '/mnt/sda2/code/ros2/work_1/install/interface/share/interface/package.zsh'
[3.296s] Level 1:colcon.colcon_core.environment:create_file_with_runtime_dependencies(/mnt/sda2/code/ros2/work_1/install/interface/share/colcon-core/packages/interface)
[3.344s] Level 1:colcon.colcon_core.environment:create_environment_scripts_only(interface)
[3.344s] Level 1:colcon.colcon_core.environment:checking '/mnt/sda2/code/ros2/work_1/install/interface' for CMake module files
[3.346s] Level 1:colcon.colcon_core.environment:checking '/mnt/sda2/code/ros2/work_1/install/interface' for CMake config files
[3.347s] Level 1:colcon.colcon_core.shell:create_environment_hook('interface', 'cmake_prefix_path')
[3.347s] INFO:colcon.colcon_core.shell:Creating environment hook '/mnt/sda2/code/ros2/work_1/install/interface/share/interface/hook/cmake_prefix_path.ps1'
[3.348s] INFO:colcon.colcon_core.shell:Creating environment descriptor '/mnt/sda2/code/ros2/work_1/install/interface/share/interface/hook/cmake_prefix_path.dsv'
[3.348s] INFO:colcon.colcon_core.shell:Creating environment hook '/mnt/sda2/code/ros2/work_1/install/interface/share/interface/hook/cmake_prefix_path.sh'
[3.349s] Level 1:colcon.colcon_core.environment:checking '/mnt/sda2/code/ros2/work_1/install/interface/lib'
[3.349s] Level 1:colcon.colcon_core.shell:create_environment_hook('interface', 'ld_library_path_lib')
[3.350s] INFO:colcon.colcon_core.shell:Creating environment hook '/mnt/sda2/code/ros2/work_1/install/interface/share/interface/hook/ld_library_path_lib.ps1'
[3.350s] INFO:colcon.colcon_core.shell:Creating environment descriptor '/mnt/sda2/code/ros2/work_1/install/interface/share/interface/hook/ld_library_path_lib.dsv'
[3.350s] INFO:colcon.colcon_core.shell:Creating environment hook '/mnt/sda2/code/ros2/work_1/install/interface/share/interface/hook/ld_library_path_lib.sh'
[3.351s] Level 1:colcon.colcon_core.environment:checking '/mnt/sda2/code/ros2/work_1/install/interface/bin'
[3.351s] Level 1:colcon.colcon_core.environment:checking '/mnt/sda2/code/ros2/work_1/install/interface/lib/pkgconfig/interface.pc'
[3.351s] Level 1:colcon.colcon_core.environment:checking '/mnt/sda2/code/ros2/work_1/install/interface/lib/python3.8/site-packages'
[3.351s] Level 1:colcon.colcon_core.shell:create_environment_hook('interface', 'pythonpath')
[3.352s] INFO:colcon.colcon_core.shell:Creating environment hook '/mnt/sda2/code/ros2/work_1/install/interface/share/interface/hook/pythonpath.ps1'
[3.352s] INFO:colcon.colcon_core.shell:Creating environment descriptor '/mnt/sda2/code/ros2/work_1/install/interface/share/interface/hook/pythonpath.dsv'
[3.352s] INFO:colcon.colcon_core.shell:Creating environment hook '/mnt/sda2/code/ros2/work_1/install/interface/share/interface/hook/pythonpath.sh'
[3.353s] Level 1:colcon.colcon_core.environment:checking '/mnt/sda2/code/ros2/work_1/install/interface/bin'
[3.353s] INFO:colcon.colcon_core.shell:Creating package script '/mnt/sda2/code/ros2/work_1/install/interface/share/interface/package.ps1'
[3.354s] INFO:colcon.colcon_core.shell:Creating package descriptor '/mnt/sda2/code/ros2/work_1/install/interface/share/interface/package.dsv'
[3.354s] INFO:colcon.colcon_core.shell:Creating package script '/mnt/sda2/code/ros2/work_1/install/interface/share/interface/package.sh'
[3.354s] INFO:colcon.colcon_core.shell:Creating package script '/mnt/sda2/code/ros2/work_1/install/interface/share/interface/package.bash'
[3.355s] INFO:colcon.colcon_core.shell:Creating package script '/mnt/sda2/code/ros2/work_1/install/interface/share/interface/package.zsh'
[3.355s] Level 1:colcon.colcon_core.environment:create_file_with_runtime_dependencies(/mnt/sda2/code/ros2/work_1/install/interface/share/colcon-core/packages/interface)
[3.355s] DEBUG:colcon.colcon_parallel_executor.executor.parallel:closing loop
[3.355s] DEBUG:colcon.colcon_parallel_executor.executor.parallel:loop closed
[3.355s] DEBUG:colcon.colcon_parallel_executor.executor.parallel:run_until_complete finished with '0'
[3.355s] DEBUG:colcon.colcon_core.event_reactor:joining thread
[3.359s] INFO:colcon.colcon_core.plugin_system:Skipping extension 'colcon_notification.desktop_notification.terminal_notifier': Not used on non-Darwin systems
[3.360s] INFO:colcon.colcon_core.plugin_system:Skipping extension 'colcon_notification.desktop_notification.win32': Not used on non-Windows systems
[3.360s] INFO:colcon.colcon_notification.desktop_notification:Sending desktop notification using 'notify2'
[3.375s] DEBUG:colcon.colcon_core.event_reactor:joined thread
[3.375s] INFO:colcon.colcon_core.shell:Creating prefix script '/mnt/sda2/code/ros2/work_1/install/local_setup.ps1'
[3.376s] INFO:colcon.colcon_core.shell:Creating prefix util module '/mnt/sda2/code/ros2/work_1/install/_local_setup_util_ps1.py'
[3.377s] INFO:colcon.colcon_core.shell:Creating prefix chain script '/mnt/sda2/code/ros2/work_1/install/setup.ps1'
[3.378s] INFO:colcon.colcon_core.shell:Creating prefix script '/mnt/sda2/code/ros2/work_1/install/local_setup.sh'
[3.378s] INFO:colcon.colcon_core.shell:Creating prefix util module '/mnt/sda2/code/ros2/work_1/install/_local_setup_util_sh.py'
[3.378s] INFO:colcon.colcon_core.shell:Creating prefix chain script '/mnt/sda2/code/ros2/work_1/install/setup.sh'
[3.379s] INFO:colcon.colcon_core.shell:Creating prefix script '/mnt/sda2/code/ros2/work_1/install/local_setup.bash'
[3.379s] INFO:colcon.colcon_core.shell:Creating prefix chain script '/mnt/sda2/code/ros2/work_1/install/setup.bash'
[3.380s] INFO:colcon.colcon_core.shell:Creating prefix script '/mnt/sda2/code/ros2/work_1/install/local_setup.zsh'
[3.381s] INFO:colcon.colcon_core.shell:Creating prefix chain script '/mnt/sda2/code/ros2/work_1/install/setup.zsh'
