[0.006s] Invoking command in '/mnt/sda2/code/ros2/work_2/build/fishbot_description': CMAKE_PREFIX_PATH=${CMAKE_PREFIX_PATH}:/opt/ros/foxy /usr/bin/cmake --build /mnt/sda2/code/ros2/work_2/build/fishbot_description -- -j24 -l24
[0.023s] -- Found ament_cmake: 0.9.12 (/opt/ros/foxy/share/ament_cmake/cmake)
[0.041s] -- Using PYTHON_EXECUTABLE: /home/lixiang/anaconda3/bin/python3
[0.156s] -- Found ament_lint_auto: 0.9.8 (/opt/ros/foxy/share/ament_lint_auto/cmake)
[0.215s] -- Added test 'copyright' to check source files copyright and LICENSE
[0.216s] -- Added test 'flake8' to check Python code syntax and style conventions
[0.217s] -- Added test 'lint_cmake' to check CMake code style
[0.217s] -- Added test 'pep257' to check Python code against some of the style conventions in PEP 257
[0.217s] -- Added test 'xmllint' to check XML markup files
[0.218s] -- Configuring done
[0.220s] -- Generating done
[0.220s] -- Build files have been written to: /mnt/sda2/code/ros2/work_2/build/fishbot_description
[0.233s] Invoked command in '/mnt/sda2/code/ros2/work_2/build/fishbot_description' returned '0': CMAKE_PREFIX_PATH=${CMAKE_PREFIX_PATH}:/opt/ros/foxy /usr/bin/cmake --build /mnt/sda2/code/ros2/work_2/build/fishbot_description -- -j24 -l24
[0.254s] Invoking command in '/mnt/sda2/code/ros2/work_2/build/fishbot_description': CMAKE_PREFIX_PATH=${CMAKE_PREFIX_PATH}:/opt/ros/foxy /usr/bin/cmake --install /mnt/sda2/code/ros2/work_2/build/fishbot_description
[0.265s] -- Install configuration: ""
[0.265s] -- Up-to-date: /mnt/sda2/code/ros2/work_2/install/fishbot_description/share/fishbot_description/launch
[0.266s] -- Installing: /mnt/sda2/code/ros2/work_2/install/fishbot_description/share/fishbot_description/launch/display_robot.launch.py
[0.266s] -- Up-to-date: /mnt/sda2/code/ros2/work_2/install/fishbot_description/share/fishbot_description/urdf
[0.266s] -- Up-to-date: /mnt/sda2/code/ros2/work_2/install/fishbot_description/share/fishbot_description/urdf/first_robot.urdf
[0.266s] -- Installing: /mnt/sda2/code/ros2/work_2/install/fishbot_description/share/fishbot_description/config
[0.266s] -- Up-to-date: /mnt/sda2/code/ros2/work_2/install/fishbot_description/share/ament_index/resource_index/package_run_dependencies/fishbot_description
[0.266s] -- Up-to-date: /mnt/sda2/code/ros2/work_2/install/fishbot_description/share/ament_index/resource_index/parent_prefix_path/fishbot_description
[0.266s] -- Up-to-date: /mnt/sda2/code/ros2/work_2/install/fishbot_description/share/fishbot_description/environment/ament_prefix_path.sh
[0.266s] -- Installing: /mnt/sda2/code/ros2/work_2/install/fishbot_description/share/fishbot_description/environment/ament_prefix_path.dsv
[0.266s] -- Up-to-date: /mnt/sda2/code/ros2/work_2/install/fishbot_description/share/fishbot_description/environment/path.sh
[0.267s] -- Installing: /mnt/sda2/code/ros2/work_2/install/fishbot_description/share/fishbot_description/environment/path.dsv
[0.267s] -- Up-to-date: /mnt/sda2/code/ros2/work_2/install/fishbot_description/share/fishbot_description/local_setup.bash
[0.267s] -- Up-to-date: /mnt/sda2/code/ros2/work_2/install/fishbot_description/share/fishbot_description/local_setup.sh
[0.267s] -- Up-to-date: /mnt/sda2/code/ros2/work_2/install/fishbot_description/share/fishbot_description/local_setup.zsh
[0.267s] -- Installing: /mnt/sda2/code/ros2/work_2/install/fishbot_description/share/fishbot_description/local_setup.dsv
[0.267s] -- Installing: /mnt/sda2/code/ros2/work_2/install/fishbot_description/share/fishbot_description/package.dsv
[0.267s] -- Up-to-date: /mnt/sda2/code/ros2/work_2/install/fishbot_description/share/ament_index/resource_index/packages/fishbot_description
[0.267s] -- Up-to-date: /mnt/sda2/code/ros2/work_2/install/fishbot_description/share/fishbot_description/cmake/fishbot_descriptionConfig.cmake
[0.268s] -- Up-to-date: /mnt/sda2/code/ros2/work_2/install/fishbot_description/share/fishbot_description/cmake/fishbot_descriptionConfig-version.cmake
[0.268s] -- Up-to-date: /mnt/sda2/code/ros2/work_2/install/fishbot_description/share/fishbot_description/package.xml
[0.270s] Invoked command in '/mnt/sda2/code/ros2/work_2/build/fishbot_description' returned '0': CMAKE_PREFIX_PATH=${CMAKE_PREFIX_PATH}:/opt/ros/foxy /usr/bin/cmake --install /mnt/sda2/code/ros2/work_2/build/fishbot_description
