[0.006s] Invoking command in '/mnt/sda2/code/ros2/work_2/build/fishbot_description': CMAKE_PREFIX_PATH=${CMAKE_PREFIX_PATH}:/opt/ros/foxy /usr/bin/cmake /mnt/sda2/code/ros2/work_2/src/fishbot_description -DCMAKE_INSTALL_PREFIX=/mnt/sda2/code/ros2/work_2/install/fishbot_description
[0.041s] -- The C compiler identification is GNU 9.4.0
[0.079s] -- The CXX compiler identification is GNU 9.4.0
[0.082s] -- Check for working C compiler: /usr/bin/cc
[0.127s] -- Check for working C compiler: /usr/bin/cc -- works
[0.128s] -- Detecting C compiler ABI info
[0.212s] -- Detecting C compiler ABI info - done
[0.219s] -- Detecting C compile features
[0.220s] -- Detecting C compile features - done
[0.221s] -- Check for working CXX compiler: /usr/bin/c++
[0.296s] -- Check for working CXX compiler: /usr/bin/c++ -- works
[0.296s] -- Detecting CXX compiler ABI info
[0.371s] -- Detecting CXX compiler ABI info - done
[0.378s] -- Detecting CXX compile features
[0.379s] -- Detecting CXX compile features - done
[0.380s] -- Found ament_cmake: 0.9.12 (/opt/ros/foxy/share/ament_cmake/cmake)
[0.397s] -- Found PythonInterp: /home/lixiang/anaconda3/bin/python3 (found suitable version "3.12.4", minimum required is "3") 
[0.397s] -- Using PYTHON_EXECUTABLE: /home/lixiang/anaconda3/bin/python3
[0.519s] -- Found ament_lint_auto: 0.9.8 (/opt/ros/foxy/share/ament_lint_auto/cmake)
[0.585s] -- Added test 'copyright' to check source files copyright and LICENSE
[0.587s] -- Added test 'flake8' to check Python code syntax and style conventions
[0.587s] -- Added test 'lint_cmake' to check CMake code style
[0.587s] -- Added test 'pep257' to check Python code against some of the style conventions in PEP 257
[0.588s] -- Added test 'xmllint' to check XML markup files
[0.589s] -- Configuring done
[0.591s] -- Generating done
[0.593s] -- Build files have been written to: /mnt/sda2/code/ros2/work_2/build/fishbot_description
[0.596s] Invoked command in '/mnt/sda2/code/ros2/work_2/build/fishbot_description' returned '0': CMAKE_PREFIX_PATH=${CMAKE_PREFIX_PATH}:/opt/ros/foxy /usr/bin/cmake /mnt/sda2/code/ros2/work_2/src/fishbot_description -DCMAKE_INSTALL_PREFIX=/mnt/sda2/code/ros2/work_2/install/fishbot_description
[0.598s] Invoking command in '/mnt/sda2/code/ros2/work_2/build/fishbot_description': CMAKE_PREFIX_PATH=${CMAKE_PREFIX_PATH}:/opt/ros/foxy /usr/bin/cmake --build /mnt/sda2/code/ros2/work_2/build/fishbot_description -- -j24 -l24
[0.627s] Invoked command in '/mnt/sda2/code/ros2/work_2/build/fishbot_description' returned '0': CMAKE_PREFIX_PATH=${CMAKE_PREFIX_PATH}:/opt/ros/foxy /usr/bin/cmake --build /mnt/sda2/code/ros2/work_2/build/fishbot_description -- -j24 -l24
[0.667s] Invoking command in '/mnt/sda2/code/ros2/work_2/build/fishbot_description': CMAKE_PREFIX_PATH=${CMAKE_PREFIX_PATH}:/opt/ros/foxy /usr/bin/cmake --install /mnt/sda2/code/ros2/work_2/build/fishbot_description
[0.679s] -- Install configuration: ""
[0.679s] -- Installing: /mnt/sda2/code/ros2/work_2/install/fishbot_description/share/fishbot_description/launch
[0.680s] -- Installing: /mnt/sda2/code/ros2/work_2/install/fishbot_description/share/fishbot_description/launch/display_robot.launch.py
[0.680s] -- Installing: /mnt/sda2/code/ros2/work_2/install/fishbot_description/share/fishbot_description/urdf
[0.680s] -- Installing: /mnt/sda2/code/ros2/work_2/install/fishbot_description/share/fishbot_description/urdf/first_robot.urdf
[0.680s] -- Installing: /mnt/sda2/code/ros2/work_2/install/fishbot_description/share/ament_index/resource_index/package_run_dependencies/fishbot_description
[0.681s] -- Installing: /mnt/sda2/code/ros2/work_2/install/fishbot_description/share/ament_index/resource_index/parent_prefix_path/fishbot_description
[0.682s] -- Installing: /mnt/sda2/code/ros2/work_2/install/fishbot_description/share/fishbot_description/environment/ament_prefix_path.sh
[0.682s] -- Installing: /mnt/sda2/code/ros2/work_2/install/fishbot_description/share/fishbot_description/environment/ament_prefix_path.dsv
[0.682s] -- Installing: /mnt/sda2/code/ros2/work_2/install/fishbot_description/share/fishbot_description/environment/path.sh
[0.682s] -- Installing: /mnt/sda2/code/ros2/work_2/install/fishbot_description/share/fishbot_description/environment/path.dsv
[0.683s] -- Installing: /mnt/sda2/code/ros2/work_2/install/fishbot_description/share/fishbot_description/local_setup.bash
[0.683s] -- Installing: /mnt/sda2/code/ros2/work_2/install/fishbot_description/share/fishbot_description/local_setup.sh
[0.683s] -- Installing: /mnt/sda2/code/ros2/work_2/install/fishbot_description/share/fishbot_description/local_setup.zsh
[0.683s] -- Installing: /mnt/sda2/code/ros2/work_2/install/fishbot_description/share/fishbot_description/local_setup.dsv
[0.683s] -- Installing: /mnt/sda2/code/ros2/work_2/install/fishbot_description/share/fishbot_description/package.dsv
[0.684s] -- Installing: /mnt/sda2/code/ros2/work_2/install/fishbot_description/share/ament_index/resource_index/packages/fishbot_description
[0.684s] -- Installing: /mnt/sda2/code/ros2/work_2/install/fishbot_description/share/fishbot_description/cmake/fishbot_descriptionConfig.cmake
[0.684s] -- Installing: /mnt/sda2/code/ros2/work_2/install/fishbot_description/share/fishbot_description/cmake/fishbot_descriptionConfig-version.cmake
[0.684s] -- Installing: /mnt/sda2/code/ros2/work_2/install/fishbot_description/share/fishbot_description/package.xml
[0.687s] Invoked command in '/mnt/sda2/code/ros2/work_2/build/fishbot_description' returned '0': CMAKE_PREFIX_PATH=${CMAKE_PREFIX_PATH}:/opt/ros/foxy /usr/bin/cmake --install /mnt/sda2/code/ros2/work_2/build/fishbot_description
