[0.007s] Invoking command in '/mnt/sda2/code/ros2/work_1/build/interface': CMAKE_PREFIX_PATH=${CMAKE_PREFIX_PATH}:/opt/ros/foxy /usr/bin/cmake /mnt/sda2/code/ros2/work_1/src/interface -DCMAKE_INSTALL_PREFIX=/mnt/sda2/code/ros2/work_1/install/interface
[0.046s] -- The C compiler identification is GNU 9.4.0
[0.084s] -- The CXX compiler identification is GNU 9.4.0
[0.087s] -- Check for working C compiler: /usr/bin/cc
[0.147s] -- Check for working C compiler: /usr/bin/cc -- works
[0.148s] -- Detecting C compiler ABI info
[0.217s] -- Detecting C compiler ABI info - done
[0.230s] -- Detecting C compile features
[0.230s] -- Detecting C compile features - done
[0.232s] -- Check for working CXX compiler: /usr/bin/c++
[0.317s] -- Check for working CXX compiler: /usr/bin/c++ -- works
[0.318s] -- Detecting CXX compiler ABI info
[0.409s] -- Detecting CXX compiler ABI info - done
[0.421s] -- Detecting CXX compile features
[0.422s] -- Detecting CXX compile features - done
[0.423s] -- Found ament_cmake: 0.9.12 (/opt/ros/foxy/share/ament_cmake/cmake)
[0.442s] -- Found PythonInterp: /usr/bin/python3 (found suitable version "3.8.10", minimum required is "3") 
[0.442s] -- Using PYTHON_EXECUTABLE: /usr/bin/python3
[0.590s] -- Found rosidl_default_generators: 1.0.1 (/opt/ros/foxy/share/rosidl_default_generators/cmake)
[0.592s] -- Using all available rosidl_typesupport_c: rosidl_typesupport_fastrtps_c;rosidl_typesupport_introspection_c
[0.596s] -- Found rosidl_adapter: 1.3.1 (/opt/ros/foxy/share/rosidl_adapter/cmake)
[0.673s] -- Found OpenSSL: /usr/lib/x86_64-linux-gnu/libcrypto.so (found version "1.1.1f")  
[0.693s] -- Found FastRTPS: /opt/ros/foxy/include  
[0.744s] -- Using all available rosidl_typesupport_cpp: rosidl_typesupport_fastrtps_cpp;rosidl_typesupport_introspection_cpp
[0.776s] -- Found PythonInterp: /usr/bin/python3 (found version "3.8.10") 
[0.862s] -- Found ament_cmake_ros: 0.9.2 (/opt/ros/foxy/share/ament_cmake_ros/cmake)
[0.925s] -- Using all available rosidl_typesupport_c: rosidl_typesupport_fastrtps_c;rosidl_typesupport_introspection_c
[0.929s] -- Using all available rosidl_typesupport_cpp: rosidl_typesupport_fastrtps_cpp;rosidl_typesupport_introspection_cpp
[0.947s] -- Found PythonInterp: /usr/bin/python3 (found suitable version "3.8.10", minimum required is "3.5") 
[0.948s] -- Found python_cmake_module: 0.8.1 (/opt/ros/foxy/share/python_cmake_module/cmake)
[0.968s] -- Found PythonLibs: /usr/lib/x86_64-linux-gnu/libpython3.8.so (found suitable version "3.8.10", minimum required is "3.5") 
[0.968s] -- Using PYTHON_EXECUTABLE: /usr/bin/python3
[0.968s] -- Using PYTHON_INCLUDE_DIRS: /usr/include/python3.8
[0.968s] -- Using PYTHON_LIBRARIES: /usr/lib/x86_64-linux-gnu/libpython3.8.so
[0.983s] -- Found PythonExtra: .so  
[1.080s] -- Found ament_lint_auto: 0.9.8 (/opt/ros/foxy/share/ament_lint_auto/cmake)
[1.093s] -- Added test 'copyright' to check source files copyright and LICENSE
[1.095s] -- Added test 'lint_cmake' to check CMake code style
[1.095s] -- Added test 'xmllint' to check XML markup files
[1.101s] -- Configuring done
[1.119s] -- Generating done
[1.120s] -- Build files have been written to: /mnt/sda2/code/ros2/work_1/build/interface
[1.124s] Invoked command in '/mnt/sda2/code/ros2/work_1/build/interface' returned '0': CMAKE_PREFIX_PATH=${CMAKE_PREFIX_PATH}:/opt/ros/foxy /usr/bin/cmake /mnt/sda2/code/ros2/work_1/src/interface -DCMAKE_INSTALL_PREFIX=/mnt/sda2/code/ros2/work_1/install/interface
[1.125s] Invoking command in '/mnt/sda2/code/ros2/work_1/build/interface': CMAKE_PREFIX_PATH=${CMAKE_PREFIX_PATH}:/opt/ros/foxy /usr/bin/cmake --build /mnt/sda2/code/ros2/work_1/build/interface -- -j24 -l24
[1.154s] [  3%] [34m[1mGenerating C code for ROS interfaces[0m
[1.154s] [35m[1mScanning dependencies of target interface__cpp[0m
[1.160s] [  6%] [34m[1mGenerating C++ code for ROS interfaces[0m
[1.318s] [  6%] Built target interface__cpp
[1.320s] [35m[1mScanning dependencies of target interface__rosidl_generator_c[0m
[1.324s] [ 12%] [34m[1mGenerating C++ type support for eProsima Fast-RTPS[0m
[1.325s] [ 12%] [34m[1mGenerating C++ introspection for ROS interfaces[0m
[1.325s] [ 16%] [34m[1mGenerating C++ type support dispatch for ROS interfaces[0m
[1.327s] [ 19%] [32mBuilding C object CMakeFiles/interface__rosidl_generator_c.dir/rosidl_generator_c/interface/srv/detail/partol__functions.c.o[0m
[1.364s] [ 22%] [32m[1mLinking C shared library libinterface__rosidl_generator_c.so[0m
[1.386s] [ 22%] Built target interface__rosidl_generator_c
[1.392s] [ 29%] [34m[1mGenerating C type support dispatch for ROS interfaces[0m
[1.392s] [ 29%] [34m[1mGenerating C introspection for ROS interfaces[0m
[1.462s] [35m[1mScanning dependencies of target interface__rosidl_typesupport_cpp[0m
[1.470s] [ 32%] [32mBuilding CXX object CMakeFiles/interface__rosidl_typesupport_cpp.dir/rosidl_typesupport_cpp/interface/srv/partol__type_support.cpp.o[0m
[1.475s] [35m[1mScanning dependencies of target interface__rosidl_typesupport_introspection_cpp[0m
[1.482s] [ 35%] [32mBuilding CXX object CMakeFiles/interface__rosidl_typesupport_introspection_cpp.dir/rosidl_typesupport_introspection_cpp/interface/srv/detail/partol__type_support.cpp.o[0m
[1.483s] [35m[1mScanning dependencies of target interface__rosidl_typesupport_fastrtps_cpp[0m
[1.494s] [ 38%] [32mBuilding CXX object CMakeFiles/interface__rosidl_typesupport_fastrtps_cpp.dir/rosidl_typesupport_fastrtps_cpp/interface/srv/detail/dds_fastrtps/partol__type_support.cpp.o[0m
[1.532s] [35m[1mScanning dependencies of target interface__rosidl_typesupport_c[0m
[1.540s] [ 41%] [32mBuilding CXX object CMakeFiles/interface__rosidl_typesupport_c.dir/rosidl_typesupport_c/interface/srv/partol__type_support.cpp.o[0m
[1.549s] [35m[1mScanning dependencies of target interface__rosidl_typesupport_introspection_c[0m
[1.557s] [ 45%] [32mBuilding C object CMakeFiles/interface__rosidl_typesupport_introspection_c.dir/rosidl_typesupport_introspection_c/interface/srv/detail/partol__type_support.c.o[0m
[1.561s] [ 48%] [32m[1mLinking CXX shared library libinterface__rosidl_typesupport_c.so[0m
[1.580s] [ 51%] [32m[1mLinking C shared library libinterface__rosidl_typesupport_introspection_c.so[0m
[1.585s] [ 51%] Built target interface__rosidl_typesupport_c
[1.599s] [ 51%] Built target interface__rosidl_typesupport_introspection_c
[1.623s] [ 54%] [32m[1mLinking CXX shared library libinterface__rosidl_typesupport_cpp.so[0m
[1.635s] [ 58%] [32m[1mLinking CXX shared library libinterface__rosidl_typesupport_introspection_cpp.so[0m
[1.648s] [ 58%] Built target interface__rosidl_typesupport_cpp
[1.662s] [ 58%] Built target interface__rosidl_typesupport_introspection_cpp
[1.728s] [ 61%] [32m[1mLinking CXX shared library libinterface__rosidl_typesupport_fastrtps_cpp.so[0m
[1.780s] [ 61%] Built target interface__rosidl_typesupport_fastrtps_cpp
[1.786s] [ 64%] [34m[1mGenerating C type support for eProsima Fast-RTPS[0m
[1.949s] [35m[1mScanning dependencies of target interface__rosidl_typesupport_fastrtps_c[0m
[1.962s] [ 67%] [32mBuilding CXX object CMakeFiles/interface__rosidl_typesupport_fastrtps_c.dir/rosidl_typesupport_fastrtps_c/interface/srv/detail/partol__type_support_c.cpp.o[0m
[2.163s] [ 70%] [32m[1mLinking CXX shared library libinterface__rosidl_typesupport_fastrtps_c.so[0m
[2.230s] [ 70%] Built target interface__rosidl_typesupport_fastrtps_c
[2.236s] [35m[1mScanning dependencies of target interface[0m
[2.243s] [ 70%] Built target interface
[2.252s] [35m[1mScanning dependencies of target interface__py[0m
[2.264s] [ 74%] [34m[1mGenerating Python code for ROS interfaces[0m
[2.583s] [ 74%] Built target interface__py
[2.590s] [35m[1mScanning dependencies of target interface__python[0m
[2.602s] [ 77%] [32mBuilding C object CMakeFiles/interface__python.dir/rosidl_generator_py/interface/srv/_partol_s.c.o[0m
[2.659s] [ 80%] [32m[1mLinking C shared library rosidl_generator_py/interface/libinterface__python.so[0m
[2.691s] [ 80%] Built target interface__python
[2.702s] [35m[1mScanning dependencies of target interface__rosidl_typesupport_c__pyext[0m
[2.702s] [35m[1mScanning dependencies of target interface__rosidl_typesupport_introspection_c__pyext[0m
[2.702s] [35m[1mScanning dependencies of target interface__rosidl_typesupport_fastrtps_c__pyext[0m
[2.717s] [ 83%] [32mBuilding C object CMakeFiles/interface__rosidl_typesupport_c__pyext.dir/rosidl_generator_py/interface/_interface_s.ep.rosidl_typesupport_c.c.o[0m
[2.717s] [ 87%] [32mBuilding C object CMakeFiles/interface__rosidl_typesupport_introspection_c__pyext.dir/rosidl_generator_py/interface/_interface_s.ep.rosidl_typesupport_introspection_c.c.o[0m
[2.720s] [ 90%] [32mBuilding C object CMakeFiles/interface__rosidl_typesupport_fastrtps_c__pyext.dir/rosidl_generator_py/interface/_interface_s.ep.rosidl_typesupport_fastrtps_c.c.o[0m
[2.772s] [ 93%] [32m[1mLinking C shared library rosidl_generator_py/interface/interface_s__rosidl_typesupport_introspection_c.cpython-38-x86_64-linux-gnu.so[0m
[2.772s] [ 96%] [32m[1mLinking C shared library rosidl_generator_py/interface/interface_s__rosidl_typesupport_c.cpython-38-x86_64-linux-gnu.so[0m
[2.773s] [100%] [32m[1mLinking CXX shared library rosidl_generator_py/interface/interface_s__rosidl_typesupport_fastrtps_c.cpython-38-x86_64-linux-gnu.so[0m
[2.793s] [100%] Built target interface__rosidl_typesupport_c__pyext
[2.793s] [100%] Built target interface__rosidl_typesupport_introspection_c__pyext
[2.811s] [100%] Built target interface__rosidl_typesupport_fastrtps_c__pyext
[2.818s] Invoked command in '/mnt/sda2/code/ros2/work_1/build/interface' returned '0': CMAKE_PREFIX_PATH=${CMAKE_PREFIX_PATH}:/opt/ros/foxy /usr/bin/cmake --build /mnt/sda2/code/ros2/work_1/build/interface -- -j24 -l24
[2.861s] Invoking command in '/mnt/sda2/code/ros2/work_1/build/interface': CMAKE_PREFIX_PATH=${CMAKE_PREFIX_PATH}:/opt/ros/foxy /usr/bin/cmake --install /mnt/sda2/code/ros2/work_1/build/interface
[2.867s] -- Install configuration: ""
[2.867s] -- Installing: /mnt/sda2/code/ros2/work_1/install/interface/share/ament_index/resource_index/rosidl_interfaces/interface
[2.867s] -- Installing: /mnt/sda2/code/ros2/work_1/install/interface/include/interface
[2.867s] -- Installing: /mnt/sda2/code/ros2/work_1/install/interface/include/interface/srv
[2.867s] -- Installing: /mnt/sda2/code/ros2/work_1/install/interface/include/interface/srv/detail
[2.867s] -- Installing: /mnt/sda2/code/ros2/work_1/install/interface/include/interface/srv/detail/partol__type_support.h
[2.867s] -- Installing: /mnt/sda2/code/ros2/work_1/install/interface/include/interface/srv/detail/partol__functions.h
[2.867s] -- Installing: /mnt/sda2/code/ros2/work_1/install/interface/include/interface/srv/detail/partol__struct.h
[2.868s] -- Installing: /mnt/sda2/code/ros2/work_1/install/interface/include/interface/srv/detail/partol__functions.c
[2.868s] -- Installing: /mnt/sda2/code/ros2/work_1/install/interface/include/interface/srv/partol.h
[2.868s] -- Installing: /mnt/sda2/code/ros2/work_1/install/interface/include/interface/msg
[2.868s] -- Installing: /mnt/sda2/code/ros2/work_1/install/interface/include/interface/msg/rosidl_generator_c__visibility_control.h
[2.868s] -- Installing: /mnt/sda2/code/ros2/work_1/install/interface/share/interface/environment/library_path.sh
[2.868s] -- Installing: /mnt/sda2/code/ros2/work_1/install/interface/share/interface/environment/library_path.dsv
[2.868s] -- Installing: /mnt/sda2/code/ros2/work_1/install/interface/lib/libinterface__rosidl_generator_c.so
[2.868s] -- Set runtime path of "/mnt/sda2/code/ros2/work_1/install/interface/lib/libinterface__rosidl_generator_c.so" to ""
[2.868s] -- Up-to-date: /mnt/sda2/code/ros2/work_1/install/interface/include/interface
[2.868s] -- Up-to-date: /mnt/sda2/code/ros2/work_1/install/interface/include/interface/srv
[2.868s] -- Up-to-date: /mnt/sda2/code/ros2/work_1/install/interface/include/interface/srv/detail
[2.869s] -- Installing: /mnt/sda2/code/ros2/work_1/install/interface/include/interface/srv/detail/partol__rosidl_typesupport_fastrtps_c.h
[2.869s] -- Up-to-date: /mnt/sda2/code/ros2/work_1/install/interface/include/interface/msg
[2.869s] -- Installing: /mnt/sda2/code/ros2/work_1/install/interface/include/interface/msg/rosidl_typesupport_fastrtps_c__visibility_control.h
[2.869s] -- Installing: /mnt/sda2/code/ros2/work_1/install/interface/lib/libinterface__rosidl_typesupport_fastrtps_c.so
[2.869s] -- Set runtime path of "/mnt/sda2/code/ros2/work_1/install/interface/lib/libinterface__rosidl_typesupport_fastrtps_c.so" to ""
[2.869s] -- Up-to-date: /mnt/sda2/code/ros2/work_1/install/interface/include/interface
[2.869s] -- Up-to-date: /mnt/sda2/code/ros2/work_1/install/interface/include/interface/srv
[2.869s] -- Up-to-date: /mnt/sda2/code/ros2/work_1/install/interface/include/interface/srv/detail
[2.869s] -- Installing: /mnt/sda2/code/ros2/work_1/install/interface/include/interface/srv/detail/dds_fastrtps
[2.869s] -- Installing: /mnt/sda2/code/ros2/work_1/install/interface/include/interface/srv/detail/partol__rosidl_typesupport_fastrtps_cpp.hpp
[2.869s] -- Up-to-date: /mnt/sda2/code/ros2/work_1/install/interface/include/interface/msg
[2.869s] -- Installing: /mnt/sda2/code/ros2/work_1/install/interface/include/interface/msg/rosidl_typesupport_fastrtps_cpp__visibility_control.h
[2.869s] -- Installing: /mnt/sda2/code/ros2/work_1/install/interface/lib/libinterface__rosidl_typesupport_fastrtps_cpp.so
[2.869s] -- Set runtime path of "/mnt/sda2/code/ros2/work_1/install/interface/lib/libinterface__rosidl_typesupport_fastrtps_cpp.so" to ""
[2.870s] -- Up-to-date: /mnt/sda2/code/ros2/work_1/install/interface/include/interface
[2.870s] -- Up-to-date: /mnt/sda2/code/ros2/work_1/install/interface/include/interface/srv
[2.870s] -- Up-to-date: /mnt/sda2/code/ros2/work_1/install/interface/include/interface/srv/detail
[2.870s] -- Installing: /mnt/sda2/code/ros2/work_1/install/interface/include/interface/srv/detail/partol__type_support.c
[2.870s] -- Installing: /mnt/sda2/code/ros2/work_1/install/interface/include/interface/srv/detail/partol__rosidl_typesupport_introspection_c.h
[2.870s] -- Up-to-date: /mnt/sda2/code/ros2/work_1/install/interface/include/interface/msg
[2.870s] -- Installing: /mnt/sda2/code/ros2/work_1/install/interface/include/interface/msg/rosidl_typesupport_introspection_c__visibility_control.h
[2.870s] -- Installing: /mnt/sda2/code/ros2/work_1/install/interface/lib/libinterface__rosidl_typesupport_introspection_c.so
[2.870s] -- Set runtime path of "/mnt/sda2/code/ros2/work_1/install/interface/lib/libinterface__rosidl_typesupport_introspection_c.so" to ""
[2.870s] -- Installing: /mnt/sda2/code/ros2/work_1/install/interface/lib/libinterface__rosidl_typesupport_c.so
[2.870s] -- Set runtime path of "/mnt/sda2/code/ros2/work_1/install/interface/lib/libinterface__rosidl_typesupport_c.so" to ""
[2.871s] -- Up-to-date: /mnt/sda2/code/ros2/work_1/install/interface/include/interface
[2.871s] -- Up-to-date: /mnt/sda2/code/ros2/work_1/install/interface/include/interface/srv
[2.871s] -- Installing: /mnt/sda2/code/ros2/work_1/install/interface/include/interface/srv/partol.hpp
[2.871s] -- Up-to-date: /mnt/sda2/code/ros2/work_1/install/interface/include/interface/srv/detail
[2.871s] -- Installing: /mnt/sda2/code/ros2/work_1/install/interface/include/interface/srv/detail/partol__struct.hpp
[2.871s] -- Installing: /mnt/sda2/code/ros2/work_1/install/interface/include/interface/srv/detail/partol__builder.hpp
[2.871s] -- Installing: /mnt/sda2/code/ros2/work_1/install/interface/include/interface/srv/detail/partol__type_support.hpp
[2.871s] -- Installing: /mnt/sda2/code/ros2/work_1/install/interface/include/interface/srv/detail/partol__traits.hpp
[2.871s] -- Up-to-date: /mnt/sda2/code/ros2/work_1/install/interface/include/interface/msg
[2.871s] -- Installing: /mnt/sda2/code/ros2/work_1/install/interface/include/interface/msg/rosidl_generator_cpp__visibility_control.hpp
[2.871s] -- Up-to-date: /mnt/sda2/code/ros2/work_1/install/interface/include/interface
[2.871s] -- Up-to-date: /mnt/sda2/code/ros2/work_1/install/interface/include/interface/srv
[2.871s] -- Up-to-date: /mnt/sda2/code/ros2/work_1/install/interface/include/interface/srv/detail
[2.871s] -- Installing: /mnt/sda2/code/ros2/work_1/install/interface/include/interface/srv/detail/partol__rosidl_typesupport_introspection_cpp.hpp
[2.871s] -- Installing: /mnt/sda2/code/ros2/work_1/install/interface/include/interface/srv/detail/partol__type_support.cpp
[2.871s] -- Installing: /mnt/sda2/code/ros2/work_1/install/interface/lib/libinterface__rosidl_typesupport_introspection_cpp.so
[2.872s] -- Set runtime path of "/mnt/sda2/code/ros2/work_1/install/interface/lib/libinterface__rosidl_typesupport_introspection_cpp.so" to ""
[2.872s] -- Installing: /mnt/sda2/code/ros2/work_1/install/interface/lib/libinterface__rosidl_typesupport_cpp.so
[2.872s] -- Set runtime path of "/mnt/sda2/code/ros2/work_1/install/interface/lib/libinterface__rosidl_typesupport_cpp.so" to ""
[2.872s] -- Installing: /mnt/sda2/code/ros2/work_1/install/interface/share/interface/environment/pythonpath.sh
[2.872s] -- Installing: /mnt/sda2/code/ros2/work_1/install/interface/share/interface/environment/pythonpath.dsv
[2.872s] -- Installing: /mnt/sda2/code/ros2/work_1/install/interface/lib/python3.8/site-packages/interface/__init__.py
[2.894s] Compiling '/mnt/sda2/code/ros2/work_1/install/interface/lib/python3.8/site-packages/interface/__init__.py'...
[2.896s] -- Installing: /mnt/sda2/code/ros2/work_1/install/interface/lib/python3.8/site-packages/interface/srv
[2.896s] -- Installing: /mnt/sda2/code/ros2/work_1/install/interface/lib/python3.8/site-packages/interface/srv/_partol_s.c
[2.896s] -- Installing: /mnt/sda2/code/ros2/work_1/install/interface/lib/python3.8/site-packages/interface/srv/_partol.py
[2.896s] -- Installing: /mnt/sda2/code/ros2/work_1/install/interface/lib/python3.8/site-packages/interface/srv/__init__.py
[2.896s] -- Installing: /mnt/sda2/code/ros2/work_1/install/interface/lib/python3.8/site-packages/interface/interface_s__rosidl_typesupport_fastrtps_c.cpython-38-x86_64-linux-gnu.so
[2.897s] -- Set runtime path of "/mnt/sda2/code/ros2/work_1/install/interface/lib/python3.8/site-packages/interface/interface_s__rosidl_typesupport_fastrtps_c.cpython-38-x86_64-linux-gnu.so" to ""
[2.897s] -- Installing: /mnt/sda2/code/ros2/work_1/install/interface/lib/python3.8/site-packages/interface/interface_s__rosidl_typesupport_introspection_c.cpython-38-x86_64-linux-gnu.so
[2.897s] -- Set runtime path of "/mnt/sda2/code/ros2/work_1/install/interface/lib/python3.8/site-packages/interface/interface_s__rosidl_typesupport_introspection_c.cpython-38-x86_64-linux-gnu.so" to ""
[2.897s] -- Installing: /mnt/sda2/code/ros2/work_1/install/interface/lib/python3.8/site-packages/interface/interface_s__rosidl_typesupport_c.cpython-38-x86_64-linux-gnu.so
[2.898s] -- Set runtime path of "/mnt/sda2/code/ros2/work_1/install/interface/lib/python3.8/site-packages/interface/interface_s__rosidl_typesupport_c.cpython-38-x86_64-linux-gnu.so" to ""
[2.898s] -- Installing: /mnt/sda2/code/ros2/work_1/install/interface/lib/libinterface__python.so
[2.898s] -- Set runtime path of "/mnt/sda2/code/ros2/work_1/install/interface/lib/libinterface__python.so" to ""
[2.898s] -- Installing: /mnt/sda2/code/ros2/work_1/install/interface/share/interface/srv/Partol.idl
[2.898s] -- Installing: /mnt/sda2/code/ros2/work_1/install/interface/share/interface/srv/Partol.srv
[2.898s] -- Installing: /mnt/sda2/code/ros2/work_1/install/interface/share/interface/srv/Partol_Request.msg
[2.898s] -- Installing: /mnt/sda2/code/ros2/work_1/install/interface/share/interface/srv/Partol_Response.msg
[2.898s] -- Installing: /mnt/sda2/code/ros2/work_1/install/interface/share/ament_index/resource_index/package_run_dependencies/interface
[2.899s] -- Installing: /mnt/sda2/code/ros2/work_1/install/interface/share/ament_index/resource_index/parent_prefix_path/interface
[2.899s] -- Installing: /mnt/sda2/code/ros2/work_1/install/interface/share/interface/environment/ament_prefix_path.sh
[2.899s] -- Installing: /mnt/sda2/code/ros2/work_1/install/interface/share/interface/environment/ament_prefix_path.dsv
[2.899s] -- Installing: /mnt/sda2/code/ros2/work_1/install/interface/share/interface/environment/path.sh
[2.899s] -- Installing: /mnt/sda2/code/ros2/work_1/install/interface/share/interface/environment/path.dsv
[2.899s] -- Installing: /mnt/sda2/code/ros2/work_1/install/interface/share/interface/local_setup.bash
[2.899s] -- Installing: /mnt/sda2/code/ros2/work_1/install/interface/share/interface/local_setup.sh
[2.899s] -- Installing: /mnt/sda2/code/ros2/work_1/install/interface/share/interface/local_setup.zsh
[2.899s] -- Installing: /mnt/sda2/code/ros2/work_1/install/interface/share/interface/local_setup.dsv
[2.899s] -- Installing: /mnt/sda2/code/ros2/work_1/install/interface/share/interface/package.dsv
[2.900s] -- Installing: /mnt/sda2/code/ros2/work_1/install/interface/share/ament_index/resource_index/packages/interface
[2.900s] -- Installing: /mnt/sda2/code/ros2/work_1/install/interface/share/interface/cmake/interface__rosidl_generator_cExport.cmake
[2.900s] -- Installing: /mnt/sda2/code/ros2/work_1/install/interface/share/interface/cmake/interface__rosidl_generator_cExport-noconfig.cmake
[2.900s] -- Installing: /mnt/sda2/code/ros2/work_1/install/interface/share/interface/cmake/interface__rosidl_typesupport_introspection_cExport.cmake
[2.900s] -- Installing: /mnt/sda2/code/ros2/work_1/install/interface/share/interface/cmake/interface__rosidl_typesupport_introspection_cExport-noconfig.cmake
[2.900s] -- Installing: /mnt/sda2/code/ros2/work_1/install/interface/share/interface/cmake/interface__rosidl_typesupport_cExport.cmake
[2.900s] -- Installing: /mnt/sda2/code/ros2/work_1/install/interface/share/interface/cmake/interface__rosidl_typesupport_cExport-noconfig.cmake
[2.900s] -- Installing: /mnt/sda2/code/ros2/work_1/install/interface/share/interface/cmake/interface__rosidl_generator_cppExport.cmake
[2.900s] -- Installing: /mnt/sda2/code/ros2/work_1/install/interface/share/interface/cmake/interface__rosidl_typesupport_introspection_cppExport.cmake
[2.901s] -- Installing: /mnt/sda2/code/ros2/work_1/install/interface/share/interface/cmake/interface__rosidl_typesupport_introspection_cppExport-noconfig.cmake
[2.901s] -- Installing: /mnt/sda2/code/ros2/work_1/install/interface/share/interface/cmake/interface__rosidl_typesupport_cppExport.cmake
[2.901s] -- Installing: /mnt/sda2/code/ros2/work_1/install/interface/share/interface/cmake/interface__rosidl_typesupport_cppExport-noconfig.cmake
[2.901s] -- Installing: /mnt/sda2/code/ros2/work_1/install/interface/share/interface/cmake/rosidl_cmake-extras.cmake
[2.901s] -- Installing: /mnt/sda2/code/ros2/work_1/install/interface/share/interface/cmake/ament_cmake_export_dependencies-extras.cmake
[2.901s] -- Installing: /mnt/sda2/code/ros2/work_1/install/interface/share/interface/cmake/ament_cmake_export_libraries-extras.cmake
[2.901s] -- Installing: /mnt/sda2/code/ros2/work_1/install/interface/share/interface/cmake/ament_cmake_export_targets-extras.cmake
[2.901s] -- Installing: /mnt/sda2/code/ros2/work_1/install/interface/share/interface/cmake/ament_cmake_export_include_directories-extras.cmake
[2.901s] -- Installing: /mnt/sda2/code/ros2/work_1/install/interface/share/interface/cmake/rosidl_cmake_export_typesupport_libraries-extras.cmake
[2.902s] -- Installing: /mnt/sda2/code/ros2/work_1/install/interface/share/interface/cmake/rosidl_cmake_export_typesupport_targets-extras.cmake
[2.902s] -- Installing: /mnt/sda2/code/ros2/work_1/install/interface/share/interface/cmake/interfaceConfig.cmake
[2.902s] -- Installing: /mnt/sda2/code/ros2/work_1/install/interface/share/interface/cmake/interfaceConfig-version.cmake
[2.902s] -- Installing: /mnt/sda2/code/ros2/work_1/install/interface/share/interface/package.xml
[2.904s] Invoked command in '/mnt/sda2/code/ros2/work_1/build/interface' returned '0': CMAKE_PREFIX_PATH=${CMAKE_PREFIX_PATH}:/opt/ros/foxy /usr/bin/cmake --install /mnt/sda2/code/ros2/work_1/build/interface
