[0.008s] Invoking command in '/mnt/sda2/code/ros2/work_1/build/cpp_service': CMAKE_PREFIX_PATH=/mnt/sda2/code/ros2/work_1/install/interface:/mnt/sda2/code/ros2/work_1/install/cpp_service:/opt/ros/foxy /usr/bin/cmake /mnt/sda2/code/ros2/work_1/src/cpp_service -DCMAKE_INSTALL_PREFIX=/mnt/sda2/code/ros2/work_1/install/cpp_service
[0.063s] -- The C compiler identification is GNU 9.4.0
[0.104s] -- The CXX compiler identification is GNU 9.4.0
[0.108s] -- Check for working C compiler: /usr/bin/cc
[0.175s] -- Check for working C compiler: /usr/bin/cc -- works
[0.175s] -- Detecting C compiler ABI info
[0.251s] -- Detecting C compiler ABI info - done
[0.262s] -- Detecting C compile features
[0.263s] -- Detecting C compile features - done
[0.265s] -- Check for working CXX compiler: /usr/bin/c++
[0.351s] -- Check for working CXX compiler: /usr/bin/c++ -- works
[0.351s] -- Detecting CXX compiler ABI info
[0.418s] -- Detecting CXX compiler ABI info - done
[0.425s] -- Detecting CXX compile features
[0.425s] -- Detecting CXX compile features - done
[0.427s] -- Found ament_cmake: 0.9.12 (/opt/ros/foxy/share/ament_cmake/cmake)
[0.448s] -- Found PythonInterp: /usr/bin/python3 (found suitable version "3.8.10", minimum required is "3") 
[0.449s] -- Using PYTHON_EXECUTABLE: /usr/bin/python3
[0.593s] -- Found interface: 0.0.0 (/mnt/sda2/code/ros2/work_1/install/interface/share/interface/cmake)
[0.611s] -- Found rclcpp: 2.4.3 (/opt/ros/foxy/share/rclcpp/cmake)
[0.628s] -- Using all available rosidl_typesupport_c: rosidl_typesupport_fastrtps_c;rosidl_typesupport_introspection_c
[0.632s] -- Found rosidl_adapter: 1.3.1 (/opt/ros/foxy/share/rosidl_adapter/cmake)
[0.700s] -- Found OpenSSL: /usr/lib/x86_64-linux-gnu/libcrypto.so (found version "1.1.1f")  
[0.722s] -- Found FastRTPS: /opt/ros/foxy/include  
[0.773s] -- Using all available rosidl_typesupport_cpp: rosidl_typesupport_fastrtps_cpp;rosidl_typesupport_introspection_cpp
[0.810s] -- Found rmw_implementation_cmake: 1.0.4 (/opt/ros/foxy/share/rmw_implementation_cmake/cmake)
[0.811s] -- Using RMW implementation 'rmw_fastrtps_cpp' as default
[0.812s] -- Looking for pthread.h
[0.859s] -- Looking for pthread.h - found
[0.859s] -- Performing Test CMAKE_HAVE_LIBC_PTHREAD
[0.924s] -- Performing Test CMAKE_HAVE_LIBC_PTHREAD - Failed
[0.924s] -- Looking for pthread_create in pthreads
[0.980s] -- Looking for pthread_create in pthreads - not found
[0.980s] -- Looking for pthread_create in pthread
[1.029s] -- Looking for pthread_create in pthread - found
[1.030s] -- Found Threads: TRUE  
[1.131s] -- Found geometry_msgs: 2.0.5 (/opt/ros/foxy/share/geometry_msgs/cmake)
[1.154s] -- Found turtlesim: 1.2.6 (/opt/ros/foxy/share/turtlesim/cmake)
[1.225s] -- Found ament_lint_auto: 0.9.8 (/opt/ros/foxy/share/ament_lint_auto/cmake)
[1.275s] -- Added test 'copyright' to check source files copyright and LICENSE
[1.276s] -- Added test 'cppcheck' to perform static code analysis on C / C++ code
[1.276s] -- Configured cppcheck include dirs: 
[1.276s] -- Configured cppcheck exclude dirs and/or files: 
[1.277s] -- Added test 'cpplint' to check C / C++ code against the Google style
[1.277s] -- Configured cpplint exclude dirs and/or files: 
[1.277s] -- Added test 'flake8' to check Python code syntax and style conventions
[1.278s] -- Added test 'lint_cmake' to check CMake code style
[1.278s] -- Added test 'pep257' to check Python code against some of the style conventions in PEP 257
[1.279s] -- Added test 'uncrustify' to check C / C++ code style
[1.279s] -- Configured uncrustify additional arguments: 
[1.279s] -- Added test 'xmllint' to check XML markup files
[1.284s] -- Configuring done
[1.292s] -- Generating done
[1.294s] -- Build files have been written to: /mnt/sda2/code/ros2/work_1/build/cpp_service
[1.299s] Invoked command in '/mnt/sda2/code/ros2/work_1/build/cpp_service' returned '0': CMAKE_PREFIX_PATH=/mnt/sda2/code/ros2/work_1/install/interface:/mnt/sda2/code/ros2/work_1/install/cpp_service:/opt/ros/foxy /usr/bin/cmake /mnt/sda2/code/ros2/work_1/src/cpp_service -DCMAKE_INSTALL_PREFIX=/mnt/sda2/code/ros2/work_1/install/cpp_service
[1.301s] Invoking command in '/mnt/sda2/code/ros2/work_1/build/cpp_service': CMAKE_PREFIX_PATH=/mnt/sda2/code/ros2/work_1/install/interface:/mnt/sda2/code/ros2/work_1/install/cpp_service:/opt/ros/foxy /usr/bin/cmake --build /mnt/sda2/code/ros2/work_1/build/cpp_service -- -j24 -l24
[1.335s] [35m[1mScanning dependencies of target turtle_client[0m
[1.335s] [35m[1mScanning dependencies of target turtle_control[0m
[1.364s] [ 50%] [32mBuilding CXX object CMakeFiles/turtle_client.dir/src/turtle_client.cpp.o[0m
[1.364s] [ 50%] [32mBuilding CXX object CMakeFiles/turtle_control.dir/src/turtle_control.cpp.o[0m
[3.237s] [ 75%] [32m[1mLinking CXX executable turtle_client[0m
[3.339s] [ 75%] Built target turtle_client
[4.405s] [100%] [32m[1mLinking CXX executable turtle_control[0m
[4.573s] [100%] Built target turtle_control
[4.581s] Invoked command in '/mnt/sda2/code/ros2/work_1/build/cpp_service' returned '0': CMAKE_PREFIX_PATH=/mnt/sda2/code/ros2/work_1/install/interface:/mnt/sda2/code/ros2/work_1/install/cpp_service:/opt/ros/foxy /usr/bin/cmake --build /mnt/sda2/code/ros2/work_1/build/cpp_service -- -j24 -l24
[4.601s] Invoking command in '/mnt/sda2/code/ros2/work_1/build/cpp_service': CMAKE_PREFIX_PATH=/mnt/sda2/code/ros2/work_1/install/interface:/mnt/sda2/code/ros2/work_1/install/cpp_service:/opt/ros/foxy /usr/bin/cmake --install /mnt/sda2/code/ros2/work_1/build/cpp_service
[4.607s] -- Install configuration: ""
[4.607s] -- Installing: /mnt/sda2/code/ros2/work_1/install/cpp_service/lib/cpp_service/turtle_control
[4.608s] -- Set runtime path of "/mnt/sda2/code/ros2/work_1/install/cpp_service/lib/cpp_service/turtle_control" to ""
[4.608s] -- Installing: /mnt/sda2/code/ros2/work_1/install/cpp_service/lib/cpp_service/turtle_client
[4.609s] -- Set runtime path of "/mnt/sda2/code/ros2/work_1/install/cpp_service/lib/cpp_service/turtle_client" to ""
[4.609s] -- Installing: /mnt/sda2/code/ros2/work_1/install/cpp_service/share/cpp_service/launch
[4.609s] -- Installing: /mnt/sda2/code/ros2/work_1/install/cpp_service/share/cpp_service/launch/demo.launch.py
[4.609s] -- Installing: /mnt/sda2/code/ros2/work_1/install/cpp_service/share/cpp_service/launch/antion.launch.py
[4.609s] -- Installing: /mnt/sda2/code/ros2/work_1/install/cpp_service/share/ament_index/resource_index/package_run_dependencies/cpp_service
[4.609s] -- Installing: /mnt/sda2/code/ros2/work_1/install/cpp_service/share/ament_index/resource_index/parent_prefix_path/cpp_service
[4.610s] -- Installing: /mnt/sda2/code/ros2/work_1/install/cpp_service/share/cpp_service/environment/ament_prefix_path.sh
[4.610s] -- Installing: /mnt/sda2/code/ros2/work_1/install/cpp_service/share/cpp_service/environment/ament_prefix_path.dsv
[4.610s] -- Installing: /mnt/sda2/code/ros2/work_1/install/cpp_service/share/cpp_service/environment/path.sh
[4.610s] -- Installing: /mnt/sda2/code/ros2/work_1/install/cpp_service/share/cpp_service/environment/path.dsv
[4.610s] -- Installing: /mnt/sda2/code/ros2/work_1/install/cpp_service/share/cpp_service/local_setup.bash
[4.610s] -- Installing: /mnt/sda2/code/ros2/work_1/install/cpp_service/share/cpp_service/local_setup.sh
[4.610s] -- Installing: /mnt/sda2/code/ros2/work_1/install/cpp_service/share/cpp_service/local_setup.zsh
[4.610s] -- Installing: /mnt/sda2/code/ros2/work_1/install/cpp_service/share/cpp_service/local_setup.dsv
[4.610s] -- Installing: /mnt/sda2/code/ros2/work_1/install/cpp_service/share/cpp_service/package.dsv
[4.610s] -- Installing: /mnt/sda2/code/ros2/work_1/install/cpp_service/share/ament_index/resource_index/packages/cpp_service
[4.611s] -- Installing: /mnt/sda2/code/ros2/work_1/install/cpp_service/share/cpp_service/cmake/cpp_serviceConfig.cmake
[4.611s] -- Installing: /mnt/sda2/code/ros2/work_1/install/cpp_service/share/cpp_service/cmake/cpp_serviceConfig-version.cmake
[4.611s] -- Installing: /mnt/sda2/code/ros2/work_1/install/cpp_service/share/cpp_service/package.xml
[4.612s] Invoked command in '/mnt/sda2/code/ros2/work_1/build/cpp_service' returned '0': CMAKE_PREFIX_PATH=/mnt/sda2/code/ros2/work_1/install/interface:/mnt/sda2/code/ros2/work_1/install/cpp_service:/opt/ros/foxy /usr/bin/cmake --install /mnt/sda2/code/ros2/work_1/build/cpp_service
