[0.006s] Invoking command in '/mnt/sda2/code/ros2/work_1/build/interface': CMAKE_PREFIX_PATH=/opt/ros/foxy /usr/bin/cmake --build /mnt/sda2/code/ros2/work_1/build/interface -- -j24 -l24
[0.041s] [  3%] Built target interface__cpp
[0.041s] [ 12%] Built target interface__rosidl_generator_c
[0.054s] [ 22%] Built target interface__rosidl_typesupport_introspection_cpp
[0.054s] [ 32%] Built target interface__rosidl_typesupport_cpp
[0.054s] [ 41%] Built target interface__rosidl_typesupport_introspection_c
[0.054s] [ 51%] Built target interface__rosidl_typesupport_c
[0.057s] [ 61%] Built target interface__rosidl_typesupport_fastrtps_cpp
[0.072s] [ 70%] Built target interface__rosidl_typesupport_fastrtps_c
[0.083s] [ 70%] Built target interface
[0.095s] [ 74%] Built target interface__py
[0.123s] [ 80%] Built target interface__python
[0.150s] [ 87%] Built target interface__rosidl_typesupport_c__pyext
[0.151s] [ 93%] Built target interface__rosidl_typesupport_introspection_c__pyext
[0.151s] [100%] Built target interface__rosidl_typesupport_fastrtps_c__pyext
[0.159s] Invoked command in '/mnt/sda2/code/ros2/work_1/build/interface' returned '0': CMAKE_PREFIX_PATH=/opt/ros/foxy /usr/bin/cmake --build /mnt/sda2/code/ros2/work_1/build/interface -- -j24 -l24
[0.245s] Invoking command in '/mnt/sda2/code/ros2/work_1/build/interface': CMAKE_PREFIX_PATH=/opt/ros/foxy /usr/bin/cmake --install /mnt/sda2/code/ros2/work_1/build/interface
[0.257s] -- Install configuration: ""
[0.258s] -- Up-to-date: /mnt/sda2/code/ros2/work_1/install/interface/share/ament_index/resource_index/rosidl_interfaces/interface
[0.258s] -- Up-to-date: /mnt/sda2/code/ros2/work_1/install/interface/include/interface
[0.258s] -- Up-to-date: /mnt/sda2/code/ros2/work_1/install/interface/include/interface/srv
[0.258s] -- Up-to-date: /mnt/sda2/code/ros2/work_1/install/interface/include/interface/srv/detail
[0.258s] -- Up-to-date: /mnt/sda2/code/ros2/work_1/install/interface/include/interface/srv/detail/partol__type_support.h
[0.258s] -- Up-to-date: /mnt/sda2/code/ros2/work_1/install/interface/include/interface/srv/detail/partol__functions.h
[0.258s] -- Up-to-date: /mnt/sda2/code/ros2/work_1/install/interface/include/interface/srv/detail/partol__struct.h
[0.258s] -- Up-to-date: /mnt/sda2/code/ros2/work_1/install/interface/include/interface/srv/detail/partol__functions.c
[0.258s] -- Up-to-date: /mnt/sda2/code/ros2/work_1/install/interface/include/interface/srv/partol.h
[0.258s] -- Up-to-date: /mnt/sda2/code/ros2/work_1/install/interface/include/interface/msg
[0.259s] -- Up-to-date: /mnt/sda2/code/ros2/work_1/install/interface/include/interface/msg/rosidl_generator_c__visibility_control.h
[0.259s] -- Up-to-date: /mnt/sda2/code/ros2/work_1/install/interface/share/interface/environment/library_path.sh
[0.259s] -- Up-to-date: /mnt/sda2/code/ros2/work_1/install/interface/share/interface/environment/library_path.dsv
[0.259s] -- Up-to-date: /mnt/sda2/code/ros2/work_1/install/interface/lib/libinterface__rosidl_generator_c.so
[0.259s] -- Up-to-date: /mnt/sda2/code/ros2/work_1/install/interface/include/interface
[0.259s] -- Up-to-date: /mnt/sda2/code/ros2/work_1/install/interface/include/interface/srv
[0.259s] -- Up-to-date: /mnt/sda2/code/ros2/work_1/install/interface/include/interface/srv/detail
[0.259s] -- Up-to-date: /mnt/sda2/code/ros2/work_1/install/interface/include/interface/srv/detail/partol__rosidl_typesupport_fastrtps_c.h
[0.259s] -- Up-to-date: /mnt/sda2/code/ros2/work_1/install/interface/include/interface/msg
[0.259s] -- Up-to-date: /mnt/sda2/code/ros2/work_1/install/interface/include/interface/msg/rosidl_typesupport_fastrtps_c__visibility_control.h
[0.259s] -- Up-to-date: /mnt/sda2/code/ros2/work_1/install/interface/lib/libinterface__rosidl_typesupport_fastrtps_c.so
[0.259s] -- Up-to-date: /mnt/sda2/code/ros2/work_1/install/interface/include/interface
[0.260s] -- Up-to-date: /mnt/sda2/code/ros2/work_1/install/interface/include/interface/srv
[0.260s] -- Up-to-date: /mnt/sda2/code/ros2/work_1/install/interface/include/interface/srv/detail
[0.260s] -- Up-to-date: /mnt/sda2/code/ros2/work_1/install/interface/include/interface/srv/detail/dds_fastrtps
[0.260s] -- Up-to-date: /mnt/sda2/code/ros2/work_1/install/interface/include/interface/srv/detail/partol__rosidl_typesupport_fastrtps_cpp.hpp
[0.260s] -- Up-to-date: /mnt/sda2/code/ros2/work_1/install/interface/include/interface/msg
[0.260s] -- Up-to-date: /mnt/sda2/code/ros2/work_1/install/interface/include/interface/msg/rosidl_typesupport_fastrtps_cpp__visibility_control.h
[0.260s] -- Up-to-date: /mnt/sda2/code/ros2/work_1/install/interface/lib/libinterface__rosidl_typesupport_fastrtps_cpp.so
[0.260s] -- Up-to-date: /mnt/sda2/code/ros2/work_1/install/interface/include/interface
[0.260s] -- Up-to-date: /mnt/sda2/code/ros2/work_1/install/interface/include/interface/srv
[0.260s] -- Up-to-date: /mnt/sda2/code/ros2/work_1/install/interface/include/interface/srv/detail
[0.260s] -- Up-to-date: /mnt/sda2/code/ros2/work_1/install/interface/include/interface/srv/detail/partol__type_support.c
[0.261s] -- Up-to-date: /mnt/sda2/code/ros2/work_1/install/interface/include/interface/srv/detail/partol__rosidl_typesupport_introspection_c.h
[0.261s] -- Up-to-date: /mnt/sda2/code/ros2/work_1/install/interface/include/interface/msg
[0.261s] -- Up-to-date: /mnt/sda2/code/ros2/work_1/install/interface/include/interface/msg/rosidl_typesupport_introspection_c__visibility_control.h
[0.261s] -- Up-to-date: /mnt/sda2/code/ros2/work_1/install/interface/lib/libinterface__rosidl_typesupport_introspection_c.so
[0.261s] -- Up-to-date: /mnt/sda2/code/ros2/work_1/install/interface/lib/libinterface__rosidl_typesupport_c.so
[0.261s] -- Up-to-date: /mnt/sda2/code/ros2/work_1/install/interface/include/interface
[0.261s] -- Up-to-date: /mnt/sda2/code/ros2/work_1/install/interface/include/interface/srv
[0.261s] -- Up-to-date: /mnt/sda2/code/ros2/work_1/install/interface/include/interface/srv/partol.hpp
[0.262s] -- Up-to-date: /mnt/sda2/code/ros2/work_1/install/interface/include/interface/srv/detail
[0.262s] -- Up-to-date: /mnt/sda2/code/ros2/work_1/install/interface/include/interface/srv/detail/partol__struct.hpp
[0.262s] -- Up-to-date: /mnt/sda2/code/ros2/work_1/install/interface/include/interface/srv/detail/partol__builder.hpp
[0.262s] -- Up-to-date: /mnt/sda2/code/ros2/work_1/install/interface/include/interface/srv/detail/partol__type_support.hpp
[0.262s] -- Up-to-date: /mnt/sda2/code/ros2/work_1/install/interface/include/interface/srv/detail/partol__traits.hpp
[0.262s] -- Up-to-date: /mnt/sda2/code/ros2/work_1/install/interface/include/interface/msg
[0.262s] -- Up-to-date: /mnt/sda2/code/ros2/work_1/install/interface/include/interface/msg/rosidl_generator_cpp__visibility_control.hpp
[0.262s] -- Up-to-date: /mnt/sda2/code/ros2/work_1/install/interface/include/interface
[0.262s] -- Up-to-date: /mnt/sda2/code/ros2/work_1/install/interface/include/interface/srv
[0.262s] -- Up-to-date: /mnt/sda2/code/ros2/work_1/install/interface/include/interface/srv/detail
[0.262s] -- Up-to-date: /mnt/sda2/code/ros2/work_1/install/interface/include/interface/srv/detail/partol__rosidl_typesupport_introspection_cpp.hpp
[0.262s] -- Up-to-date: /mnt/sda2/code/ros2/work_1/install/interface/include/interface/srv/detail/partol__type_support.cpp
[0.262s] -- Up-to-date: /mnt/sda2/code/ros2/work_1/install/interface/lib/libinterface__rosidl_typesupport_introspection_cpp.so
[0.262s] -- Up-to-date: /mnt/sda2/code/ros2/work_1/install/interface/lib/libinterface__rosidl_typesupport_cpp.so
[0.262s] -- Up-to-date: /mnt/sda2/code/ros2/work_1/install/interface/share/interface/environment/pythonpath.sh
[0.262s] -- Up-to-date: /mnt/sda2/code/ros2/work_1/install/interface/share/interface/environment/pythonpath.dsv
[0.263s] -- Up-to-date: /mnt/sda2/code/ros2/work_1/install/interface/lib/python3.8/site-packages/interface/__init__.py
[0.288s] -- Up-to-date: /mnt/sda2/code/ros2/work_1/install/interface/lib/python3.8/site-packages/interface/srv
[0.288s] -- Up-to-date: /mnt/sda2/code/ros2/work_1/install/interface/lib/python3.8/site-packages/interface/srv/_partol_s.c
[0.288s] -- Up-to-date: /mnt/sda2/code/ros2/work_1/install/interface/lib/python3.8/site-packages/interface/srv/_partol.py
[0.288s] -- Up-to-date: /mnt/sda2/code/ros2/work_1/install/interface/lib/python3.8/site-packages/interface/srv/__init__.py
[0.288s] -- Up-to-date: /mnt/sda2/code/ros2/work_1/install/interface/lib/python3.8/site-packages/interface/interface_s__rosidl_typesupport_fastrtps_c.cpython-38-x86_64-linux-gnu.so
[0.289s] -- Up-to-date: /mnt/sda2/code/ros2/work_1/install/interface/lib/python3.8/site-packages/interface/interface_s__rosidl_typesupport_introspection_c.cpython-38-x86_64-linux-gnu.so
[0.289s] -- Up-to-date: /mnt/sda2/code/ros2/work_1/install/interface/lib/python3.8/site-packages/interface/interface_s__rosidl_typesupport_c.cpython-38-x86_64-linux-gnu.so
[0.289s] -- Up-to-date: /mnt/sda2/code/ros2/work_1/install/interface/lib/libinterface__python.so
[0.289s] -- Up-to-date: /mnt/sda2/code/ros2/work_1/install/interface/share/interface/srv/Partol.idl
[0.289s] -- Up-to-date: /mnt/sda2/code/ros2/work_1/install/interface/share/interface/srv/Partol.srv
[0.289s] -- Up-to-date: /mnt/sda2/code/ros2/work_1/install/interface/share/interface/srv/Partol_Request.msg
[0.289s] -- Up-to-date: /mnt/sda2/code/ros2/work_1/install/interface/share/interface/srv/Partol_Response.msg
[0.289s] -- Up-to-date: /mnt/sda2/code/ros2/work_1/install/interface/share/ament_index/resource_index/package_run_dependencies/interface
[0.290s] -- Up-to-date: /mnt/sda2/code/ros2/work_1/install/interface/share/ament_index/resource_index/parent_prefix_path/interface
[0.290s] -- Up-to-date: /mnt/sda2/code/ros2/work_1/install/interface/share/interface/environment/ament_prefix_path.sh
[0.290s] -- Up-to-date: /mnt/sda2/code/ros2/work_1/install/interface/share/interface/environment/ament_prefix_path.dsv
[0.290s] -- Up-to-date: /mnt/sda2/code/ros2/work_1/install/interface/share/interface/environment/path.sh
[0.290s] -- Up-to-date: /mnt/sda2/code/ros2/work_1/install/interface/share/interface/environment/path.dsv
[0.290s] -- Up-to-date: /mnt/sda2/code/ros2/work_1/install/interface/share/interface/local_setup.bash
[0.290s] -- Up-to-date: /mnt/sda2/code/ros2/work_1/install/interface/share/interface/local_setup.sh
[0.290s] -- Up-to-date: /mnt/sda2/code/ros2/work_1/install/interface/share/interface/local_setup.zsh
[0.290s] -- Up-to-date: /mnt/sda2/code/ros2/work_1/install/interface/share/interface/local_setup.dsv
[0.290s] -- Installing: /mnt/sda2/code/ros2/work_1/install/interface/share/interface/package.dsv
[0.290s] -- Up-to-date: /mnt/sda2/code/ros2/work_1/install/interface/share/ament_index/resource_index/packages/interface
[0.290s] -- Up-to-date: /mnt/sda2/code/ros2/work_1/install/interface/share/interface/cmake/interface__rosidl_generator_cExport.cmake
[0.290s] -- Up-to-date: /mnt/sda2/code/ros2/work_1/install/interface/share/interface/cmake/interface__rosidl_generator_cExport-noconfig.cmake
[0.290s] -- Up-to-date: /mnt/sda2/code/ros2/work_1/install/interface/share/interface/cmake/interface__rosidl_typesupport_introspection_cExport.cmake
[0.290s] -- Up-to-date: /mnt/sda2/code/ros2/work_1/install/interface/share/interface/cmake/interface__rosidl_typesupport_introspection_cExport-noconfig.cmake
[0.290s] -- Up-to-date: /mnt/sda2/code/ros2/work_1/install/interface/share/interface/cmake/interface__rosidl_typesupport_cExport.cmake
[0.290s] -- Up-to-date: /mnt/sda2/code/ros2/work_1/install/interface/share/interface/cmake/interface__rosidl_typesupport_cExport-noconfig.cmake
[0.290s] -- Up-to-date: /mnt/sda2/code/ros2/work_1/install/interface/share/interface/cmake/interface__rosidl_generator_cppExport.cmake
[0.290s] -- Up-to-date: /mnt/sda2/code/ros2/work_1/install/interface/share/interface/cmake/interface__rosidl_typesupport_introspection_cppExport.cmake
[0.290s] -- Up-to-date: /mnt/sda2/code/ros2/work_1/install/interface/share/interface/cmake/interface__rosidl_typesupport_introspection_cppExport-noconfig.cmake
[0.291s] -- Up-to-date: /mnt/sda2/code/ros2/work_1/install/interface/share/interface/cmake/interface__rosidl_typesupport_cppExport.cmake
[0.291s] -- Up-to-date: /mnt/sda2/code/ros2/work_1/install/interface/share/interface/cmake/interface__rosidl_typesupport_cppExport-noconfig.cmake
[0.291s] -- Up-to-date: /mnt/sda2/code/ros2/work_1/install/interface/share/interface/cmake/rosidl_cmake-extras.cmake
[0.291s] -- Up-to-date: /mnt/sda2/code/ros2/work_1/install/interface/share/interface/cmake/ament_cmake_export_dependencies-extras.cmake
[0.291s] -- Up-to-date: /mnt/sda2/code/ros2/work_1/install/interface/share/interface/cmake/ament_cmake_export_libraries-extras.cmake
[0.291s] -- Up-to-date: /mnt/sda2/code/ros2/work_1/install/interface/share/interface/cmake/ament_cmake_export_targets-extras.cmake
[0.291s] -- Up-to-date: /mnt/sda2/code/ros2/work_1/install/interface/share/interface/cmake/ament_cmake_export_include_directories-extras.cmake
[0.291s] -- Up-to-date: /mnt/sda2/code/ros2/work_1/install/interface/share/interface/cmake/rosidl_cmake_export_typesupport_libraries-extras.cmake
[0.291s] -- Up-to-date: /mnt/sda2/code/ros2/work_1/install/interface/share/interface/cmake/rosidl_cmake_export_typesupport_targets-extras.cmake
[0.291s] -- Up-to-date: /mnt/sda2/code/ros2/work_1/install/interface/share/interface/cmake/interfaceConfig.cmake
[0.291s] -- Up-to-date: /mnt/sda2/code/ros2/work_1/install/interface/share/interface/cmake/interfaceConfig-version.cmake
[0.291s] -- Up-to-date: /mnt/sda2/code/ros2/work_1/install/interface/share/interface/package.xml
[0.292s] Invoked command in '/mnt/sda2/code/ros2/work_1/build/interface' returned '0': CMAKE_PREFIX_PATH=/opt/ros/foxy /usr/bin/cmake --install /mnt/sda2/code/ros2/work_1/build/interface
