[35m[1mScanning dependencies of target turtle_client[0m
[ 50%] Built target turtle_control
[ 75%] [32mBuilding CXX object CMakeFiles/turtle_client.dir/src/turtle_client.cpp.o[0m
[01m[K/mnt/sda2/code/ros2/work_1/src/cpp_service/src/turtle_client.cpp:[m[K In lambda function:
[01m[K/mnt/sda2/code/ros2/work_1/src/cpp_service/src/turtle_client.cpp:31:18:[m[K [01;35m[Kwarning: [m[Kvariable ‘[01m[Krequest[m[K’ set but not used [[01;35m[K-Wunused-but-set-variable[m[K]
   31 |             auto [01;35m[Krequest[m[K = interface::srv::Partol::Request();
      |                  [01;35m[K^~~~~~~[m[K
[100%] [32m[1mLinking CXX executable turtle_client[0m
[100%] Built target turtle_client
-- Install configuration: ""
-- Up-to-date: /mnt/sda2/code/ros2/work_1/install/cpp_service/lib/cpp_service/turtle_control
-- Installing: /mnt/sda2/code/ros2/work_1/install/cpp_service/lib/cpp_service/turtle_client
-- Set runtime path of "/mnt/sda2/code/ros2/work_1/install/cpp_service/lib/cpp_service/turtle_client" to ""
-- Up-to-date: /mnt/sda2/code/ros2/work_1/install/cpp_service/share/ament_index/resource_index/package_run_dependencies/cpp_service
-- Installing: /mnt/sda2/code/ros2/work_1/install/cpp_service/share/ament_index/resource_index/parent_prefix_path/cpp_service
-- Up-to-date: /mnt/sda2/code/ros2/work_1/install/cpp_service/share/cpp_service/environment/ament_prefix_path.sh
-- Installing: /mnt/sda2/code/ros2/work_1/install/cpp_service/share/cpp_service/environment/ament_prefix_path.dsv
-- Up-to-date: /mnt/sda2/code/ros2/work_1/install/cpp_service/share/cpp_service/environment/path.sh
-- Installing: /mnt/sda2/code/ros2/work_1/install/cpp_service/share/cpp_service/environment/path.dsv
-- Up-to-date: /mnt/sda2/code/ros2/work_1/install/cpp_service/share/cpp_service/local_setup.bash
-- Up-to-date: /mnt/sda2/code/ros2/work_1/install/cpp_service/share/cpp_service/local_setup.sh
-- Up-to-date: /mnt/sda2/code/ros2/work_1/install/cpp_service/share/cpp_service/local_setup.zsh
-- Installing: /mnt/sda2/code/ros2/work_1/install/cpp_service/share/cpp_service/local_setup.dsv
-- Installing: /mnt/sda2/code/ros2/work_1/install/cpp_service/share/cpp_service/package.dsv
-- Up-to-date: /mnt/sda2/code/ros2/work_1/install/cpp_service/share/ament_index/resource_index/packages/cpp_service
-- Up-to-date: /mnt/sda2/code/ros2/work_1/install/cpp_service/share/cpp_service/cmake/cpp_serviceConfig.cmake
-- Up-to-date: /mnt/sda2/code/ros2/work_1/install/cpp_service/share/cpp_service/cmake/cpp_serviceConfig-version.cmake
-- Up-to-date: /mnt/sda2/code/ros2/work_1/install/cpp_service/share/cpp_service/package.xml
