[0.007s] Invoking command in '/mnt/sda2/code/ros2/work_1/build/cpp_service': AMENT_PREFIX_PATH=/mnt/sda2/code/ros2/work_1/install/interface:${AMENT_PREFIX_PATH} CMAKE_PREFIX_PATH=/mnt/sda2/code/ros2/work_1/install/interface:/opt/ros/foxy LD_LIBRARY_PATH=/mnt/sda2/code/ros2/work_1/install/interface/lib:${LD_LIBRARY_PATH} PYTHONPATH=/mnt/sda2/code/ros2/work_1/install/interface/lib/python3.8/site-packages:${PYTHONPATH} /usr/bin/cmake --build /mnt/sda2/code/ros2/work_1/build/cpp_service -- -j24 -l24
[0.049s] [35m[1mScanning dependencies of target turtle_client[0m
[0.068s] [ 50%] Built target turtle_control
[0.081s] [ 75%] [32mBuilding CXX object CMakeFiles/turtle_client.dir/src/turtle_client.cpp.o[0m
[0.763s] [01m[K/mnt/sda2/code/ros2/work_1/src/cpp_service/src/turtle_client.cpp:[m[K In lambda function:
[0.763s] [01m[K/mnt/sda2/code/ros2/work_1/src/cpp_service/src/turtle_client.cpp:42:14:[m[K [01;31m[Kerror: [m[Kno matching function for call to ‘[01m[Krclcpp::Client<interface::srv::Partol>::async_send_request(interface::srv::Partol_Request_<std::allocator<void> >&, TurtlrCilentNode::TurtlrCilentNode()::<lambda()>::<lambda()>)[m[K’
[0.763s]    42 |             }[01;31m[K)[m[K;
[0.763s]       |              [01;31m[K^[m[K
[0.763s] In file included from [01m[K/opt/ros/foxy/include/rclcpp/callback_group.hpp:23[m[K,
[0.763s]                  from [01m[K/opt/ros/foxy/include/rclcpp/any_executable.hpp:20[m[K,
[0.763s]                  from [01m[K/opt/ros/foxy/include/rclcpp/memory_strategy.hpp:24[m[K,
[0.763s]                  from [01m[K/opt/ros/foxy/include/rclcpp/memory_strategies.hpp:18[m[K,
[0.763s]                  from [01m[K/opt/ros/foxy/include/rclcpp/executor_options.hpp:20[m[K,
[0.763s]                  from [01m[K/opt/ros/foxy/include/rclcpp/executor.hpp:33[m[K,
[0.763s]                  from [01m[K/opt/ros/foxy/include/rclcpp/executors/multi_threaded_executor.hpp:26[m[K,
[0.763s]                  from [01m[K/opt/ros/foxy/include/rclcpp/executors.hpp:21[m[K,
[0.764s]                  from [01m[K/opt/ros/foxy/include/rclcpp/rclcpp.hpp:146[m[K,
[0.764s]                  from [01m[K/mnt/sda2/code/ros2/work_1/src/cpp_service/src/turtle_client.cpp:1[m[K:
[0.764s] [01m[K/opt/ros/foxy/include/rclcpp/client.hpp:318:3:[m[K [01;36m[Knote: [m[Kcandidate: ‘[01m[Krclcpp::Client<ServiceT>::SharedFuture rclcpp::Client<ServiceT>::async_send_request(rclcpp::Client<ServiceT>::SharedRequest) [with ServiceT = interface::srv::Partol; rclcpp::Client<ServiceT>::SharedFuture = std::shared_future<std::shared_ptr<interface::srv::Partol_Response_<std::allocator<void> > > >; typename ServiceT::Response::SharedPtr = std::shared_ptr<interface::srv::Partol_Response_<std::allocator<void> > >; rclcpp::Client<ServiceT>::SharedRequest = std::shared_ptr<interface::srv::Partol_Request_<std::allocator<void> > >][m[K’
[0.764s]   318 |   [01;36m[Kasync_send_request[m[K(SharedRequest request)
[0.764s]       |   [01;36m[K^~~~~~~~~~~~~~~~~~[m[K
[0.764s] [01m[K/opt/ros/foxy/include/rclcpp/client.hpp:318:3:[m[K [01;36m[Knote: [m[K  candidate expects 1 argument, 2 provided
[0.764s] [01m[K/opt/ros/foxy/include/rclcpp/client.hpp:333:3:[m[K [01;36m[Knote: [m[Kcandidate: ‘[01m[Ktemplate<class CallbackT, typename std::enable_if<rclcpp::function_traits::same_arguments<CallbackT, std::function<void(std::shared_future<std::shared_ptr<interface::srv::Partol_Response_<std::allocator<void> > > >)> >::value, void>::type* <anonymous> > rclcpp::Client<ServiceT>::SharedFuture rclcpp::Client<ServiceT>::async_send_request(rclcpp::Client<ServiceT>::SharedRequest, CallbackT&&) [with CallbackT = CallbackT; typename std::enable_if<rclcpp::function_traits::same_arguments<CallbackT, std::function<void(std::shared_future<typename ServiceT::Response::SharedPtr>)> >::value>::type* <anonymous> = <enumerator>; ServiceT = interface::srv::Partol][m[K’
[0.764s]   333 |   [01;36m[Kasync_send_request[m[K(SharedRequest request, CallbackT && cb)
[0.764s]       |   [01;36m[K^~~~~~~~~~~~~~~~~~[m[K
[0.764s] [01m[K/opt/ros/foxy/include/rclcpp/client.hpp:333:3:[m[K [01;36m[Knote: [m[K  template argument deduction/substitution failed:
[0.764s] [01m[K/opt/ros/foxy/include/rclcpp/client.hpp:330:17:[m[K [01;31m[Kerror: [m[Kno type named ‘[01m[Ktype[m[K’ in ‘[01m[Kstruct std::enable_if<false, void>[m[K’
[0.764s]   330 |     >::type * = [01;31m[Knullptr[m[K
[0.764s]       |                 [01;31m[K^~~~~~~[m[K
[0.764s] [01m[K/opt/ros/foxy/include/rclcpp/client.hpp:359:3:[m[K [01;36m[Knote: [m[Kcandidate: ‘[01m[Ktemplate<class CallbackT, typename std::enable_if<rclcpp::function_traits::same_arguments<CallbackT, std::function<void(std::shared_future<std::pair<std::shared_ptr<interface::srv::Partol_Request_<std::allocator<void> > >, std::shared_ptr<interface::srv::Partol_Response_<std::allocator<void> > > > >)> >::value, void>::type* <anonymous> > rclcpp::Client<ServiceT>::SharedFutureWithRequest rclcpp::Client<ServiceT>::async_send_request(rclcpp::Client<ServiceT>::SharedRequest, CallbackT&&) [with CallbackT = CallbackT; typename std::enable_if<rclcpp::function_traits::same_arguments<CallbackT, std::function<void(std::shared_future<std::pair<typename ServiceT::Request::SharedPtr, typename ServiceT::Response::SharedPtr> >)> >::value>::type* <anonymous> = <enumerator>; ServiceT = interface::srv::Partol][m[K’
[0.764s]   359 |   [01;36m[Kasync_send_request[m[K(SharedRequest request, CallbackT && cb)
[0.764s]       |   [01;36m[K^~~~~~~~~~~~~~~~~~[m[K
[0.764s] [01m[K/opt/ros/foxy/include/rclcpp/client.hpp:359:3:[m[K [01;36m[Knote: [m[K  template argument deduction/substitution failed:
[0.764s] [01m[K/opt/ros/foxy/include/rclcpp/client.hpp:356:17:[m[K [01;31m[Kerror: [m[Kno type named ‘[01m[Ktype[m[K’ in ‘[01m[Kstruct std::enable_if<false, void>[m[K’
[0.764s]   356 |     >::type * = [01;31m[Knullptr[m[K
[0.764s]       |                 [01;31m[K^~~~~~~[m[K
[1.032s] make[2]: *** [CMakeFiles/turtle_client.dir/build.make:63：CMakeFiles/turtle_client.dir/src/turtle_client.cpp.o] 错误 1
[1.032s] make[1]: *** [CMakeFiles/Makefile2:80：CMakeFiles/turtle_client.dir/all] 错误 2
[1.032s] make: *** [Makefile:141：all] 错误 2
[1.034s] Invoked command in '/mnt/sda2/code/ros2/work_1/build/cpp_service' returned '2': AMENT_PREFIX_PATH=/mnt/sda2/code/ros2/work_1/install/interface:${AMENT_PREFIX_PATH} CMAKE_PREFIX_PATH=/mnt/sda2/code/ros2/work_1/install/interface:/opt/ros/foxy LD_LIBRARY_PATH=/mnt/sda2/code/ros2/work_1/install/interface/lib:${LD_LIBRARY_PATH} PYTHONPATH=/mnt/sda2/code/ros2/work_1/install/interface/lib/python3.8/site-packages:${PYTHONPATH} /usr/bin/cmake --build /mnt/sda2/code/ros2/work_1/build/cpp_service -- -j24 -l24
