[0.013s] Invoking command in '/mnt/sda2/code/ros2/work_1/build/cpp_service': CMAKE_PREFIX_PATH=/mnt/sda2/code/ros2/work_1/install/interface:/mnt/sda2/code/ros2/work_1/install/cpp_service:/opt/ros/foxy /usr/bin/cmake --build /mnt/sda2/code/ros2/work_1/build/cpp_service -- -j24 -l24
[0.072s] [100%] Built target turtle_control
[0.079s] Invoked command in '/mnt/sda2/code/ros2/work_1/build/cpp_service' returned '0': CMAKE_PREFIX_PATH=/mnt/sda2/code/ros2/work_1/install/interface:/mnt/sda2/code/ros2/work_1/install/cpp_service:/opt/ros/foxy /usr/bin/cmake --build /mnt/sda2/code/ros2/work_1/build/cpp_service -- -j24 -l24
[0.096s] Invoking command in '/mnt/sda2/code/ros2/work_1/build/cpp_service': CMAKE_PREFIX_PATH=/mnt/sda2/code/ros2/work_1/install/interface:/mnt/sda2/code/ros2/work_1/install/cpp_service:/opt/ros/foxy /usr/bin/cmake --install /mnt/sda2/code/ros2/work_1/build/cpp_service
[0.102s] -- Install configuration: ""
[0.102s] -- Up-to-date: /mnt/sda2/code/ros2/work_1/install/cpp_service/lib/cpp_service/turtle_control
[0.102s] -- Up-to-date: /mnt/sda2/code/ros2/work_1/install/cpp_service/share/ament_index/resource_index/package_run_dependencies/cpp_service
[0.102s] -- Up-to-date: /mnt/sda2/code/ros2/work_1/install/cpp_service/share/ament_index/resource_index/parent_prefix_path/cpp_service
[0.102s] -- Up-to-date: /mnt/sda2/code/ros2/work_1/install/cpp_service/share/cpp_service/environment/ament_prefix_path.sh
[0.103s] -- Up-to-date: /mnt/sda2/code/ros2/work_1/install/cpp_service/share/cpp_service/environment/ament_prefix_path.dsv
[0.103s] -- Up-to-date: /mnt/sda2/code/ros2/work_1/install/cpp_service/share/cpp_service/environment/path.sh
[0.103s] -- Up-to-date: /mnt/sda2/code/ros2/work_1/install/cpp_service/share/cpp_service/environment/path.dsv
[0.103s] -- Up-to-date: /mnt/sda2/code/ros2/work_1/install/cpp_service/share/cpp_service/local_setup.bash
[0.103s] -- Up-to-date: /mnt/sda2/code/ros2/work_1/install/cpp_service/share/cpp_service/local_setup.sh
[0.103s] -- Up-to-date: /mnt/sda2/code/ros2/work_1/install/cpp_service/share/cpp_service/local_setup.zsh
[0.103s] -- Up-to-date: /mnt/sda2/code/ros2/work_1/install/cpp_service/share/cpp_service/local_setup.dsv
[0.103s] -- Installing: /mnt/sda2/code/ros2/work_1/install/cpp_service/share/cpp_service/package.dsv
[0.103s] -- Up-to-date: /mnt/sda2/code/ros2/work_1/install/cpp_service/share/ament_index/resource_index/packages/cpp_service
[0.103s] -- Up-to-date: /mnt/sda2/code/ros2/work_1/install/cpp_service/share/cpp_service/cmake/cpp_serviceConfig.cmake
[0.103s] -- Up-to-date: /mnt/sda2/code/ros2/work_1/install/cpp_service/share/cpp_service/cmake/cpp_serviceConfig-version.cmake
[0.103s] -- Up-to-date: /mnt/sda2/code/ros2/work_1/install/cpp_service/share/cpp_service/package.xml
[0.104s] Invoked command in '/mnt/sda2/code/ros2/work_1/build/cpp_service' returned '0': CMAKE_PREFIX_PATH=/mnt/sda2/code/ros2/work_1/install/interface:/mnt/sda2/code/ros2/work_1/install/cpp_service:/opt/ros/foxy /usr/bin/cmake --install /mnt/sda2/code/ros2/work_1/build/cpp_service
