[0.125s] DEBUG:colcon:Command line arguments: ['/usr/bin/colcon', 'build']
[0.125s] DEBUG:colcon:Parsed command line arguments: Namespace(allow_overriding=[], ament_cmake_args=None, base_paths=['.'], build_base='build', catkin_cmake_args=None, catkin_skip_building_tests=False, cmake_args=None, cmake_clean_cache=False, cmake_clean_first=False, cmake_force_configure=False, cmake_target=None, cmake_target_skip_unavailable=False, continue_on_error=False, event_handlers=None, executor='parallel', ignore_user_meta=False, install_base='install', log_base=None, log_level=None, main=<bound method BuildVerb.main of <colcon_core.verb.build.BuildVerb object at 0x7f8fb592e070>>, merge_install=False, metas=['./colcon.meta'], packages_above=None, packages_above_and_dependencies=None, packages_above_depth=None, packages_end=None, packages_ignore=None, packages_ignore_regex=None, packages_select=None, packages_select_build_failed=False, packages_select_by_dep=None, packages_select_regex=None, packages_select_test_failures=False, packages_skip=None, packages_skip_build_finished=False, packages_skip_by_dep=None, packages_skip_regex=None, packages_skip_test_passed=False, packages_skip_up_to=None, packages_start=None, packages_up_to=None, packages_up_to_regex=None, parallel_workers=24, paths=None, symlink_install=False, test_result_base=None, verb_extension=<colcon_core.verb.build.BuildVerb object at 0x7f8fb592e070>, verb_name='build', verb_parser=<colcon_defaults.argument_parser.defaults.DefaultArgumentsDecorator object at 0x7f8fb5865a60>)
[0.160s] Level 1:colcon.colcon_core.package_discovery:discover_packages(colcon_meta) check parameters
[0.160s] Level 1:colcon.colcon_core.package_discovery:discover_packages(recursive) check parameters
[0.160s] Level 1:colcon.colcon_core.package_discovery:discover_packages(ignore) check parameters
[0.160s] Level 1:colcon.colcon_core.package_discovery:discover_packages(path) check parameters
[0.160s] Level 1:colcon.colcon_core.package_discovery:discover_packages(colcon_meta) discover
[0.160s] Level 1:colcon.colcon_core.package_discovery:discover_packages(recursive) discover
[0.160s] INFO:colcon.colcon_core.package_discovery:Crawling recursively for packages in '/mnt/sda2/code/ros2/work_1'
[0.160s] Level 1:colcon.colcon_core.package_identification:_identify(.) by extensions ['ignore', 'ignore_ament_install']
[0.160s] Level 1:colcon.colcon_core.package_identification:_identify(.) by extension 'ignore'
[0.160s] Level 1:colcon.colcon_core.package_identification:_identify(.) by extension 'ignore_ament_install'
[0.160s] Level 1:colcon.colcon_core.package_identification:_identify(.) by extensions ['colcon_pkg']
[0.160s] Level 1:colcon.colcon_core.package_identification:_identify(.) by extension 'colcon_pkg'
[0.160s] Level 1:colcon.colcon_core.package_identification:_identify(.) by extensions ['colcon_meta']
[0.160s] Level 1:colcon.colcon_core.package_identification:_identify(.) by extension 'colcon_meta'
[0.160s] Level 1:colcon.colcon_core.package_identification:_identify(.) by extensions ['ros']
[0.160s] Level 1:colcon.colcon_core.package_identification:_identify(.) by extension 'ros'
[0.163s] Level 1:colcon.colcon_core.package_identification:_identify(.) by extensions ['cmake', 'python']
[0.163s] Level 1:colcon.colcon_core.package_identification:_identify(.) by extension 'cmake'
[0.163s] Level 1:colcon.colcon_core.package_identification:_identify(.) by extension 'python'
[0.163s] Level 1:colcon.colcon_core.package_identification:_identify(.) by extensions ['python_setup_py']
[0.163s] Level 1:colcon.colcon_core.package_identification:_identify(.) by extension 'python_setup_py'
[0.163s] Level 1:colcon.colcon_core.package_identification:_identify(build) by extensions ['ignore', 'ignore_ament_install']
[0.163s] Level 1:colcon.colcon_core.package_identification:_identify(build) by extension 'ignore'
[0.163s] Level 1:colcon.colcon_core.package_identification:_identify(build) ignored
[0.163s] Level 1:colcon.colcon_core.package_identification:_identify(install) by extensions ['ignore', 'ignore_ament_install']
[0.163s] Level 1:colcon.colcon_core.package_identification:_identify(install) by extension 'ignore'
[0.163s] Level 1:colcon.colcon_core.package_identification:_identify(install) ignored
[0.163s] Level 1:colcon.colcon_core.package_identification:_identify(log) by extensions ['ignore', 'ignore_ament_install']
[0.163s] Level 1:colcon.colcon_core.package_identification:_identify(log) by extension 'ignore'
[0.163s] Level 1:colcon.colcon_core.package_identification:_identify(log) ignored
[0.163s] Level 1:colcon.colcon_core.package_identification:_identify(src) by extensions ['ignore', 'ignore_ament_install']
[0.163s] Level 1:colcon.colcon_core.package_identification:_identify(src) by extension 'ignore'
[0.163s] Level 1:colcon.colcon_core.package_identification:_identify(src) by extension 'ignore_ament_install'
[0.163s] Level 1:colcon.colcon_core.package_identification:_identify(src) by extensions ['colcon_pkg']
[0.163s] Level 1:colcon.colcon_core.package_identification:_identify(src) by extension 'colcon_pkg'
[0.163s] Level 1:colcon.colcon_core.package_identification:_identify(src) by extensions ['colcon_meta']
[0.163s] Level 1:colcon.colcon_core.package_identification:_identify(src) by extension 'colcon_meta'
[0.163s] Level 1:colcon.colcon_core.package_identification:_identify(src) by extensions ['ros']
[0.163s] Level 1:colcon.colcon_core.package_identification:_identify(src) by extension 'ros'
[0.163s] Level 1:colcon.colcon_core.package_identification:_identify(src) by extensions ['cmake', 'python']
[0.163s] Level 1:colcon.colcon_core.package_identification:_identify(src) by extension 'cmake'
[0.163s] Level 1:colcon.colcon_core.package_identification:_identify(src) by extension 'python'
[0.163s] Level 1:colcon.colcon_core.package_identification:_identify(src) by extensions ['python_setup_py']
[0.163s] Level 1:colcon.colcon_core.package_identification:_identify(src) by extension 'python_setup_py'
[0.163s] Level 1:colcon.colcon_core.package_identification:_identify(src/cpp_service) by extensions ['ignore', 'ignore_ament_install']
[0.163s] Level 1:colcon.colcon_core.package_identification:_identify(src/cpp_service) by extension 'ignore'
[0.164s] Level 1:colcon.colcon_core.package_identification:_identify(src/cpp_service) by extension 'ignore_ament_install'
[0.164s] Level 1:colcon.colcon_core.package_identification:_identify(src/cpp_service) by extensions ['colcon_pkg']
[0.164s] Level 1:colcon.colcon_core.package_identification:_identify(src/cpp_service) by extension 'colcon_pkg'
[0.164s] Level 1:colcon.colcon_core.package_identification:_identify(src/cpp_service) by extensions ['colcon_meta']
[0.164s] Level 1:colcon.colcon_core.package_identification:_identify(src/cpp_service) by extension 'colcon_meta'
[0.164s] Level 1:colcon.colcon_core.package_identification:_identify(src/cpp_service) by extensions ['ros']
[0.164s] Level 1:colcon.colcon_core.package_identification:_identify(src/cpp_service) by extension 'ros'
[0.165s] DEBUG:colcon.colcon_core.package_identification:Package 'src/cpp_service' with type 'ros.ament_cmake' and name 'cpp_service'
[0.165s] Level 1:colcon.colcon_core.package_identification:_identify(src/interface) by extensions ['ignore', 'ignore_ament_install']
[0.165s] Level 1:colcon.colcon_core.package_identification:_identify(src/interface) by extension 'ignore'
[0.165s] Level 1:colcon.colcon_core.package_identification:_identify(src/interface) by extension 'ignore_ament_install'
[0.166s] Level 1:colcon.colcon_core.package_identification:_identify(src/interface) by extensions ['colcon_pkg']
[0.166s] Level 1:colcon.colcon_core.package_identification:_identify(src/interface) by extension 'colcon_pkg'
[0.166s] Level 1:colcon.colcon_core.package_identification:_identify(src/interface) by extensions ['colcon_meta']
[0.166s] Level 1:colcon.colcon_core.package_identification:_identify(src/interface) by extension 'colcon_meta'
[0.166s] Level 1:colcon.colcon_core.package_identification:_identify(src/interface) by extensions ['ros']
[0.166s] Level 1:colcon.colcon_core.package_identification:_identify(src/interface) by extension 'ros'
[0.166s] DEBUG:colcon.colcon_core.package_identification:Package 'src/interface' with type 'ros.ament_cmake' and name 'interface'
[0.166s] Level 1:colcon.colcon_core.package_discovery:discover_packages(recursive) using defaults
[0.166s] Level 1:colcon.colcon_core.package_discovery:discover_packages(ignore) discover
[0.166s] Level 1:colcon.colcon_core.package_discovery:discover_packages(ignore) using defaults
[0.166s] Level 1:colcon.colcon_core.package_discovery:discover_packages(path) discover
[0.166s] Level 1:colcon.colcon_core.package_discovery:discover_packages(path) using defaults
[0.178s] Level 1:colcon.colcon_core.package_discovery:discover_packages(prefix_path) check parameters
[0.179s] Level 1:colcon.colcon_core.package_discovery:discover_packages(prefix_path) discover
[0.179s] WARNING:colcon.colcon_ros.prefix_path.ament:The path '/mnt/sda2/code/ros2/work_1/install/cpp_service' in the environment variable AMENT_PREFIX_PATH doesn't exist
[0.179s] WARNING:colcon.colcon_ros.prefix_path.ament:The path '/mnt/sda2/code/ros2/work_1/install/interface' in the environment variable AMENT_PREFIX_PATH doesn't exist
[0.179s] WARNING:colcon.colcon_ros.prefix_path.catkin:The path '/mnt/sda2/code/ros2/work_1/install/cpp_service' in the environment variable CMAKE_PREFIX_PATH doesn't exist
[0.179s] WARNING:colcon.colcon_ros.prefix_path.catkin:The path '/mnt/sda2/code/ros2/work_1/install/interface' in the environment variable CMAKE_PREFIX_PATH doesn't exist
[0.180s] DEBUG:colcon.colcon_installed_package_information.package_discovery:Found 0 installed packages in /mnt/sda2/code/ros2/work_1/install
[0.181s] DEBUG:colcon.colcon_installed_package_information.package_discovery:Found 256 installed packages in /opt/ros/foxy
[0.181s] Level 1:colcon.colcon_core.package_discovery:discover_packages(prefix_path) using defaults
[0.209s] Level 5:colcon.colcon_core.verb:set package 'interface' build argument 'cmake_args' from command line to 'None'
[0.209s] Level 5:colcon.colcon_core.verb:set package 'interface' build argument 'cmake_target' from command line to 'None'
[0.209s] Level 5:colcon.colcon_core.verb:set package 'interface' build argument 'cmake_target_skip_unavailable' from command line to 'False'
[0.209s] Level 5:colcon.colcon_core.verb:set package 'interface' build argument 'cmake_clean_cache' from command line to 'False'
[0.209s] Level 5:colcon.colcon_core.verb:set package 'interface' build argument 'cmake_clean_first' from command line to 'False'
[0.209s] Level 5:colcon.colcon_core.verb:set package 'interface' build argument 'cmake_force_configure' from command line to 'False'
[0.209s] Level 5:colcon.colcon_core.verb:set package 'interface' build argument 'ament_cmake_args' from command line to 'None'
[0.209s] Level 5:colcon.colcon_core.verb:set package 'interface' build argument 'catkin_cmake_args' from command line to 'None'
[0.209s] Level 5:colcon.colcon_core.verb:set package 'interface' build argument 'catkin_skip_building_tests' from command line to 'False'
[0.209s] DEBUG:colcon.colcon_core.verb:Building package 'interface' with the following arguments: {'ament_cmake_args': None, 'build_base': '/mnt/sda2/code/ros2/work_1/build/interface', 'catkin_cmake_args': None, 'catkin_skip_building_tests': False, 'cmake_args': None, 'cmake_clean_cache': False, 'cmake_clean_first': False, 'cmake_force_configure': False, 'cmake_target': None, 'cmake_target_skip_unavailable': False, 'install_base': '/mnt/sda2/code/ros2/work_1/install/interface', 'merge_install': False, 'path': '/mnt/sda2/code/ros2/work_1/src/interface', 'symlink_install': False, 'test_result_base': None}
[0.210s] Level 5:colcon.colcon_core.verb:set package 'cpp_service' build argument 'cmake_args' from command line to 'None'
[0.210s] Level 5:colcon.colcon_core.verb:set package 'cpp_service' build argument 'cmake_target' from command line to 'None'
[0.210s] Level 5:colcon.colcon_core.verb:set package 'cpp_service' build argument 'cmake_target_skip_unavailable' from command line to 'False'
[0.210s] Level 5:colcon.colcon_core.verb:set package 'cpp_service' build argument 'cmake_clean_cache' from command line to 'False'
[0.210s] Level 5:colcon.colcon_core.verb:set package 'cpp_service' build argument 'cmake_clean_first' from command line to 'False'
[0.210s] Level 5:colcon.colcon_core.verb:set package 'cpp_service' build argument 'cmake_force_configure' from command line to 'False'
[0.210s] Level 5:colcon.colcon_core.verb:set package 'cpp_service' build argument 'ament_cmake_args' from command line to 'None'
[0.210s] Level 5:colcon.colcon_core.verb:set package 'cpp_service' build argument 'catkin_cmake_args' from command line to 'None'
[0.210s] Level 5:colcon.colcon_core.verb:set package 'cpp_service' build argument 'catkin_skip_building_tests' from command line to 'False'
[0.210s] DEBUG:colcon.colcon_core.verb:Building package 'cpp_service' with the following arguments: {'ament_cmake_args': None, 'build_base': '/mnt/sda2/code/ros2/work_1/build/cpp_service', 'catkin_cmake_args': None, 'catkin_skip_building_tests': False, 'cmake_args': None, 'cmake_clean_cache': False, 'cmake_clean_first': False, 'cmake_force_configure': False, 'cmake_target': None, 'cmake_target_skip_unavailable': False, 'install_base': '/mnt/sda2/code/ros2/work_1/install/cpp_service', 'merge_install': False, 'path': '/mnt/sda2/code/ros2/work_1/src/cpp_service', 'symlink_install': False, 'test_result_base': None}
[0.210s] INFO:colcon.colcon_core.executor:Executing jobs using 'parallel' executor
[0.211s] DEBUG:colcon.colcon_parallel_executor.executor.parallel:run_until_complete
[0.211s] INFO:colcon.colcon_ros.task.ament_cmake.build:Building ROS package in '/mnt/sda2/code/ros2/work_1/src/interface' with build type 'ament_cmake'
[0.211s] INFO:colcon.colcon_cmake.task.cmake.build:Building CMake package in '/mnt/sda2/code/ros2/work_1/src/interface'
[0.212s] INFO:colcon.colcon_core.plugin_system:Skipping extension 'colcon_core.shell.bat': Not used on non-Windows systems
[0.212s] INFO:colcon.colcon_core.shell:Skip shell extension 'powershell' for command environment: Not usable outside of PowerShell
[0.212s] DEBUG:colcon.colcon_core.shell:Skip shell extension 'dsv' for command environment
[0.218s] DEBUG:colcon.colcon_core.event_handler.log_command:Invoking command in '/mnt/sda2/code/ros2/work_1/build/interface': CMAKE_PREFIX_PATH=${CMAKE_PREFIX_PATH}:/opt/ros/foxy /usr/bin/cmake /mnt/sda2/code/ros2/work_1/src/interface -DCMAKE_INSTALL_PREFIX=/mnt/sda2/code/ros2/work_1/install/interface
[1.335s] DEBUG:colcon.colcon_core.event_handler.log_command:Invoked command in '/mnt/sda2/code/ros2/work_1/build/interface' returned '0': CMAKE_PREFIX_PATH=${CMAKE_PREFIX_PATH}:/opt/ros/foxy /usr/bin/cmake /mnt/sda2/code/ros2/work_1/src/interface -DCMAKE_INSTALL_PREFIX=/mnt/sda2/code/ros2/work_1/install/interface
[1.336s] DEBUG:colcon.colcon_core.event_handler.log_command:Invoking command in '/mnt/sda2/code/ros2/work_1/build/interface': CMAKE_PREFIX_PATH=${CMAKE_PREFIX_PATH}:/opt/ros/foxy /usr/bin/cmake --build /mnt/sda2/code/ros2/work_1/build/interface -- -j24 -l24
[3.029s] DEBUG:colcon.colcon_core.event_handler.log_command:Invoked command in '/mnt/sda2/code/ros2/work_1/build/interface' returned '0': CMAKE_PREFIX_PATH=${CMAKE_PREFIX_PATH}:/opt/ros/foxy /usr/bin/cmake --build /mnt/sda2/code/ros2/work_1/build/interface -- -j24 -l24
[3.072s] DEBUG:colcon.colcon_core.event_handler.log_command:Invoking command in '/mnt/sda2/code/ros2/work_1/build/interface': CMAKE_PREFIX_PATH=${CMAKE_PREFIX_PATH}:/opt/ros/foxy /usr/bin/cmake --install /mnt/sda2/code/ros2/work_1/build/interface
[3.114s] Level 1:colcon.colcon_core.environment:create_environment_scripts_only(interface)
[3.114s] DEBUG:colcon.colcon_core.event_handler.log_command:Invoked command in '/mnt/sda2/code/ros2/work_1/build/interface' returned '0': CMAKE_PREFIX_PATH=${CMAKE_PREFIX_PATH}:/opt/ros/foxy /usr/bin/cmake --install /mnt/sda2/code/ros2/work_1/build/interface
[3.116s] Level 1:colcon.colcon_core.environment:checking '/mnt/sda2/code/ros2/work_1/install/interface' for CMake module files
[3.116s] Level 1:colcon.colcon_core.environment:checking '/mnt/sda2/code/ros2/work_1/install/interface' for CMake config files
[3.117s] Level 1:colcon.colcon_core.shell:create_environment_hook('interface', 'cmake_prefix_path')
[3.117s] INFO:colcon.colcon_core.shell:Creating environment hook '/mnt/sda2/code/ros2/work_1/install/interface/share/interface/hook/cmake_prefix_path.ps1'
[3.117s] INFO:colcon.colcon_core.shell:Creating environment descriptor '/mnt/sda2/code/ros2/work_1/install/interface/share/interface/hook/cmake_prefix_path.dsv'
[3.117s] INFO:colcon.colcon_core.shell:Creating environment hook '/mnt/sda2/code/ros2/work_1/install/interface/share/interface/hook/cmake_prefix_path.sh'
[3.118s] Level 1:colcon.colcon_core.environment:checking '/mnt/sda2/code/ros2/work_1/install/interface/lib'
[3.118s] Level 1:colcon.colcon_core.shell:create_environment_hook('interface', 'ld_library_path_lib')
[3.118s] INFO:colcon.colcon_core.shell:Creating environment hook '/mnt/sda2/code/ros2/work_1/install/interface/share/interface/hook/ld_library_path_lib.ps1'
[3.118s] INFO:colcon.colcon_core.shell:Creating environment descriptor '/mnt/sda2/code/ros2/work_1/install/interface/share/interface/hook/ld_library_path_lib.dsv'
[3.119s] INFO:colcon.colcon_core.shell:Creating environment hook '/mnt/sda2/code/ros2/work_1/install/interface/share/interface/hook/ld_library_path_lib.sh'
[3.119s] Level 1:colcon.colcon_core.environment:checking '/mnt/sda2/code/ros2/work_1/install/interface/bin'
[3.119s] Level 1:colcon.colcon_core.environment:checking '/mnt/sda2/code/ros2/work_1/install/interface/lib/pkgconfig/interface.pc'
[3.119s] Level 1:colcon.colcon_core.environment:checking '/mnt/sda2/code/ros2/work_1/install/interface/lib/python3.8/site-packages'
[3.119s] Level 1:colcon.colcon_core.shell:create_environment_hook('interface', 'pythonpath')
[3.119s] INFO:colcon.colcon_core.shell:Creating environment hook '/mnt/sda2/code/ros2/work_1/install/interface/share/interface/hook/pythonpath.ps1'
[3.119s] INFO:colcon.colcon_core.shell:Creating environment descriptor '/mnt/sda2/code/ros2/work_1/install/interface/share/interface/hook/pythonpath.dsv'
[3.119s] INFO:colcon.colcon_core.shell:Creating environment hook '/mnt/sda2/code/ros2/work_1/install/interface/share/interface/hook/pythonpath.sh'
[3.119s] Level 1:colcon.colcon_core.environment:checking '/mnt/sda2/code/ros2/work_1/install/interface/bin'
[3.120s] INFO:colcon.colcon_core.shell:Creating package script '/mnt/sda2/code/ros2/work_1/install/interface/share/interface/package.ps1'
[3.120s] INFO:colcon.colcon_core.shell:Creating package descriptor '/mnt/sda2/code/ros2/work_1/install/interface/share/interface/package.dsv'
[3.120s] INFO:colcon.colcon_core.shell:Creating package script '/mnt/sda2/code/ros2/work_1/install/interface/share/interface/package.sh'
[3.121s] INFO:colcon.colcon_core.shell:Creating package script '/mnt/sda2/code/ros2/work_1/install/interface/share/interface/package.bash'
[3.121s] INFO:colcon.colcon_core.shell:Creating package script '/mnt/sda2/code/ros2/work_1/install/interface/share/interface/package.zsh'
[3.121s] Level 1:colcon.colcon_core.environment:create_file_with_runtime_dependencies(/mnt/sda2/code/ros2/work_1/install/interface/share/colcon-core/packages/interface)
[3.171s] Level 1:colcon.colcon_core.environment:create_environment_scripts_only(interface)
[3.171s] Level 1:colcon.colcon_core.environment:checking '/mnt/sda2/code/ros2/work_1/install/interface' for CMake module files
[3.172s] Level 1:colcon.colcon_core.environment:checking '/mnt/sda2/code/ros2/work_1/install/interface' for CMake config files
[3.173s] Level 1:colcon.colcon_core.shell:create_environment_hook('interface', 'cmake_prefix_path')
[3.173s] INFO:colcon.colcon_core.shell:Creating environment hook '/mnt/sda2/code/ros2/work_1/install/interface/share/interface/hook/cmake_prefix_path.ps1'
[3.174s] INFO:colcon.colcon_core.shell:Creating environment descriptor '/mnt/sda2/code/ros2/work_1/install/interface/share/interface/hook/cmake_prefix_path.dsv'
[3.174s] INFO:colcon.colcon_core.shell:Creating environment hook '/mnt/sda2/code/ros2/work_1/install/interface/share/interface/hook/cmake_prefix_path.sh'
[3.175s] Level 1:colcon.colcon_core.environment:checking '/mnt/sda2/code/ros2/work_1/install/interface/lib'
[3.175s] Level 1:colcon.colcon_core.shell:create_environment_hook('interface', 'ld_library_path_lib')
[3.176s] INFO:colcon.colcon_core.shell:Creating environment hook '/mnt/sda2/code/ros2/work_1/install/interface/share/interface/hook/ld_library_path_lib.ps1'
[3.176s] INFO:colcon.colcon_core.shell:Creating environment descriptor '/mnt/sda2/code/ros2/work_1/install/interface/share/interface/hook/ld_library_path_lib.dsv'
[3.176s] INFO:colcon.colcon_core.shell:Creating environment hook '/mnt/sda2/code/ros2/work_1/install/interface/share/interface/hook/ld_library_path_lib.sh'
[3.177s] Level 1:colcon.colcon_core.environment:checking '/mnt/sda2/code/ros2/work_1/install/interface/bin'
[3.177s] Level 1:colcon.colcon_core.environment:checking '/mnt/sda2/code/ros2/work_1/install/interface/lib/pkgconfig/interface.pc'
[3.178s] Level 1:colcon.colcon_core.environment:checking '/mnt/sda2/code/ros2/work_1/install/interface/lib/python3.8/site-packages'
[3.178s] Level 1:colcon.colcon_core.shell:create_environment_hook('interface', 'pythonpath')
[3.178s] INFO:colcon.colcon_core.shell:Creating environment hook '/mnt/sda2/code/ros2/work_1/install/interface/share/interface/hook/pythonpath.ps1'
[3.178s] INFO:colcon.colcon_core.shell:Creating environment descriptor '/mnt/sda2/code/ros2/work_1/install/interface/share/interface/hook/pythonpath.dsv'
[3.179s] INFO:colcon.colcon_core.shell:Creating environment hook '/mnt/sda2/code/ros2/work_1/install/interface/share/interface/hook/pythonpath.sh'
[3.179s] Level 1:colcon.colcon_core.environment:checking '/mnt/sda2/code/ros2/work_1/install/interface/bin'
[3.180s] INFO:colcon.colcon_core.shell:Creating package script '/mnt/sda2/code/ros2/work_1/install/interface/share/interface/package.ps1'
[3.180s] INFO:colcon.colcon_core.shell:Creating package descriptor '/mnt/sda2/code/ros2/work_1/install/interface/share/interface/package.dsv'
[3.181s] INFO:colcon.colcon_core.shell:Creating package script '/mnt/sda2/code/ros2/work_1/install/interface/share/interface/package.sh'
[3.181s] INFO:colcon.colcon_core.shell:Creating package script '/mnt/sda2/code/ros2/work_1/install/interface/share/interface/package.bash'
[3.182s] INFO:colcon.colcon_core.shell:Creating package script '/mnt/sda2/code/ros2/work_1/install/interface/share/interface/package.zsh'
[3.182s] Level 1:colcon.colcon_core.environment:create_file_with_runtime_dependencies(/mnt/sda2/code/ros2/work_1/install/interface/share/colcon-core/packages/interface)
[3.182s] INFO:colcon.colcon_ros.task.ament_cmake.build:Building ROS package in '/mnt/sda2/code/ros2/work_1/src/cpp_service' with build type 'ament_cmake'
[3.183s] INFO:colcon.colcon_cmake.task.cmake.build:Building CMake package in '/mnt/sda2/code/ros2/work_1/src/cpp_service'
[3.183s] INFO:colcon.colcon_core.shell:Skip shell extension 'powershell' for command environment: Not usable outside of PowerShell
[3.183s] DEBUG:colcon.colcon_core.shell:Skip shell extension 'dsv' for command environment
[3.192s] DEBUG:colcon.colcon_core.event_handler.log_command:Invoking command in '/mnt/sda2/code/ros2/work_1/build/cpp_service': CMAKE_PREFIX_PATH=/mnt/sda2/code/ros2/work_1/install/interface:/mnt/sda2/code/ros2/work_1/install/cpp_service:/opt/ros/foxy /usr/bin/cmake /mnt/sda2/code/ros2/work_1/src/cpp_service -DCMAKE_INSTALL_PREFIX=/mnt/sda2/code/ros2/work_1/install/cpp_service
[4.483s] DEBUG:colcon.colcon_core.event_handler.log_command:Invoked command in '/mnt/sda2/code/ros2/work_1/build/cpp_service' returned '0': CMAKE_PREFIX_PATH=/mnt/sda2/code/ros2/work_1/install/interface:/mnt/sda2/code/ros2/work_1/install/cpp_service:/opt/ros/foxy /usr/bin/cmake /mnt/sda2/code/ros2/work_1/src/cpp_service -DCMAKE_INSTALL_PREFIX=/mnt/sda2/code/ros2/work_1/install/cpp_service
[4.485s] DEBUG:colcon.colcon_core.event_handler.log_command:Invoking command in '/mnt/sda2/code/ros2/work_1/build/cpp_service': CMAKE_PREFIX_PATH=/mnt/sda2/code/ros2/work_1/install/interface:/mnt/sda2/code/ros2/work_1/install/cpp_service:/opt/ros/foxy /usr/bin/cmake --build /mnt/sda2/code/ros2/work_1/build/cpp_service -- -j24 -l24
[7.765s] DEBUG:colcon.colcon_core.event_handler.log_command:Invoked command in '/mnt/sda2/code/ros2/work_1/build/cpp_service' returned '0': CMAKE_PREFIX_PATH=/mnt/sda2/code/ros2/work_1/install/interface:/mnt/sda2/code/ros2/work_1/install/cpp_service:/opt/ros/foxy /usr/bin/cmake --build /mnt/sda2/code/ros2/work_1/build/cpp_service -- -j24 -l24
[7.785s] DEBUG:colcon.colcon_core.event_handler.log_command:Invoking command in '/mnt/sda2/code/ros2/work_1/build/cpp_service': CMAKE_PREFIX_PATH=/mnt/sda2/code/ros2/work_1/install/interface:/mnt/sda2/code/ros2/work_1/install/cpp_service:/opt/ros/foxy /usr/bin/cmake --install /mnt/sda2/code/ros2/work_1/build/cpp_service
[7.795s] Level 1:colcon.colcon_core.environment:create_environment_scripts_only(cpp_service)
[7.796s] Level 1:colcon.colcon_core.environment:checking '/mnt/sda2/code/ros2/work_1/install/cpp_service' for CMake module files
[7.796s] DEBUG:colcon.colcon_core.event_handler.log_command:Invoked command in '/mnt/sda2/code/ros2/work_1/build/cpp_service' returned '0': CMAKE_PREFIX_PATH=/mnt/sda2/code/ros2/work_1/install/interface:/mnt/sda2/code/ros2/work_1/install/cpp_service:/opt/ros/foxy /usr/bin/cmake --install /mnt/sda2/code/ros2/work_1/build/cpp_service
[7.796s] Level 1:colcon.colcon_core.environment:checking '/mnt/sda2/code/ros2/work_1/install/cpp_service' for CMake config files
[7.797s] Level 1:colcon.colcon_core.shell:create_environment_hook('cpp_service', 'cmake_prefix_path')
[7.797s] INFO:colcon.colcon_core.shell:Creating environment hook '/mnt/sda2/code/ros2/work_1/install/cpp_service/share/cpp_service/hook/cmake_prefix_path.ps1'
[7.797s] INFO:colcon.colcon_core.shell:Creating environment descriptor '/mnt/sda2/code/ros2/work_1/install/cpp_service/share/cpp_service/hook/cmake_prefix_path.dsv'
[7.798s] INFO:colcon.colcon_core.shell:Creating environment hook '/mnt/sda2/code/ros2/work_1/install/cpp_service/share/cpp_service/hook/cmake_prefix_path.sh'
[7.798s] Level 1:colcon.colcon_core.environment:checking '/mnt/sda2/code/ros2/work_1/install/cpp_service/lib'
[7.798s] Level 1:colcon.colcon_core.environment:checking '/mnt/sda2/code/ros2/work_1/install/cpp_service/bin'
[7.798s] Level 1:colcon.colcon_core.environment:checking '/mnt/sda2/code/ros2/work_1/install/cpp_service/lib/pkgconfig/cpp_service.pc'
[7.798s] Level 1:colcon.colcon_core.environment:checking '/mnt/sda2/code/ros2/work_1/install/cpp_service/lib/python3.8/site-packages'
[7.799s] Level 1:colcon.colcon_core.environment:checking '/mnt/sda2/code/ros2/work_1/install/cpp_service/bin'
[7.799s] INFO:colcon.colcon_core.shell:Creating package script '/mnt/sda2/code/ros2/work_1/install/cpp_service/share/cpp_service/package.ps1'
[7.799s] INFO:colcon.colcon_core.shell:Creating package descriptor '/mnt/sda2/code/ros2/work_1/install/cpp_service/share/cpp_service/package.dsv'
[7.800s] INFO:colcon.colcon_core.shell:Creating package script '/mnt/sda2/code/ros2/work_1/install/cpp_service/share/cpp_service/package.sh'
[7.800s] INFO:colcon.colcon_core.shell:Creating package script '/mnt/sda2/code/ros2/work_1/install/cpp_service/share/cpp_service/package.bash'
[7.800s] INFO:colcon.colcon_core.shell:Creating package script '/mnt/sda2/code/ros2/work_1/install/cpp_service/share/cpp_service/package.zsh'
[7.800s] Level 1:colcon.colcon_core.environment:create_file_with_runtime_dependencies(/mnt/sda2/code/ros2/work_1/install/cpp_service/share/colcon-core/packages/cpp_service)
[7.825s] Level 1:colcon.colcon_core.environment:create_environment_scripts_only(cpp_service)
[7.826s] Level 1:colcon.colcon_core.environment:checking '/mnt/sda2/code/ros2/work_1/install/cpp_service' for CMake module files
[7.827s] Level 1:colcon.colcon_core.environment:checking '/mnt/sda2/code/ros2/work_1/install/cpp_service' for CMake config files
[7.828s] Level 1:colcon.colcon_core.shell:create_environment_hook('cpp_service', 'cmake_prefix_path')
[7.828s] INFO:colcon.colcon_core.shell:Creating environment hook '/mnt/sda2/code/ros2/work_1/install/cpp_service/share/cpp_service/hook/cmake_prefix_path.ps1'
[7.829s] INFO:colcon.colcon_core.shell:Creating environment descriptor '/mnt/sda2/code/ros2/work_1/install/cpp_service/share/cpp_service/hook/cmake_prefix_path.dsv'
[7.829s] INFO:colcon.colcon_core.shell:Creating environment hook '/mnt/sda2/code/ros2/work_1/install/cpp_service/share/cpp_service/hook/cmake_prefix_path.sh'
[7.830s] Level 1:colcon.colcon_core.environment:checking '/mnt/sda2/code/ros2/work_1/install/cpp_service/lib'
[7.830s] Level 1:colcon.colcon_core.environment:checking '/mnt/sda2/code/ros2/work_1/install/cpp_service/bin'
[7.830s] Level 1:colcon.colcon_core.environment:checking '/mnt/sda2/code/ros2/work_1/install/cpp_service/lib/pkgconfig/cpp_service.pc'
[7.830s] Level 1:colcon.colcon_core.environment:checking '/mnt/sda2/code/ros2/work_1/install/cpp_service/lib/python3.8/site-packages'
[7.830s] Level 1:colcon.colcon_core.environment:checking '/mnt/sda2/code/ros2/work_1/install/cpp_service/bin'
[7.831s] INFO:colcon.colcon_core.shell:Creating package script '/mnt/sda2/code/ros2/work_1/install/cpp_service/share/cpp_service/package.ps1'
[7.831s] INFO:colcon.colcon_core.shell:Creating package descriptor '/mnt/sda2/code/ros2/work_1/install/cpp_service/share/cpp_service/package.dsv'
[7.831s] INFO:colcon.colcon_core.shell:Creating package script '/mnt/sda2/code/ros2/work_1/install/cpp_service/share/cpp_service/package.sh'
[7.832s] INFO:colcon.colcon_core.shell:Creating package script '/mnt/sda2/code/ros2/work_1/install/cpp_service/share/cpp_service/package.bash'
[7.832s] INFO:colcon.colcon_core.shell:Creating package script '/mnt/sda2/code/ros2/work_1/install/cpp_service/share/cpp_service/package.zsh'
[7.832s] Level 1:colcon.colcon_core.environment:create_file_with_runtime_dependencies(/mnt/sda2/code/ros2/work_1/install/cpp_service/share/colcon-core/packages/cpp_service)
[7.833s] DEBUG:colcon.colcon_parallel_executor.executor.parallel:closing loop
[7.833s] DEBUG:colcon.colcon_parallel_executor.executor.parallel:loop closed
[7.833s] DEBUG:colcon.colcon_parallel_executor.executor.parallel:run_until_complete finished with '0'
[7.834s] DEBUG:colcon.colcon_core.event_reactor:joining thread
[7.842s] INFO:colcon.colcon_core.plugin_system:Skipping extension 'colcon_notification.desktop_notification.terminal_notifier': Not used on non-Darwin systems
[7.842s] INFO:colcon.colcon_core.plugin_system:Skipping extension 'colcon_notification.desktop_notification.win32': Not used on non-Windows systems
[7.842s] INFO:colcon.colcon_notification.desktop_notification:Sending desktop notification using 'notify2'
[7.861s] DEBUG:colcon.colcon_core.event_reactor:joined thread
[7.861s] INFO:colcon.colcon_core.shell:Creating prefix script '/mnt/sda2/code/ros2/work_1/install/local_setup.ps1'
[7.862s] INFO:colcon.colcon_core.shell:Creating prefix util module '/mnt/sda2/code/ros2/work_1/install/_local_setup_util_ps1.py'
[7.863s] INFO:colcon.colcon_core.shell:Creating prefix chain script '/mnt/sda2/code/ros2/work_1/install/setup.ps1'
[7.864s] INFO:colcon.colcon_core.shell:Creating prefix script '/mnt/sda2/code/ros2/work_1/install/local_setup.sh'
[7.864s] INFO:colcon.colcon_core.shell:Creating prefix util module '/mnt/sda2/code/ros2/work_1/install/_local_setup_util_sh.py'
[7.864s] INFO:colcon.colcon_core.shell:Creating prefix chain script '/mnt/sda2/code/ros2/work_1/install/setup.sh'
[7.865s] INFO:colcon.colcon_core.shell:Creating prefix script '/mnt/sda2/code/ros2/work_1/install/local_setup.bash'
[7.865s] INFO:colcon.colcon_core.shell:Creating prefix chain script '/mnt/sda2/code/ros2/work_1/install/setup.bash'
[7.866s] INFO:colcon.colcon_core.shell:Creating prefix script '/mnt/sda2/code/ros2/work_1/install/local_setup.zsh'
[7.866s] INFO:colcon.colcon_core.shell:Creating prefix chain script '/mnt/sda2/code/ros2/work_1/install/setup.zsh'
