[0.008s] Invoking command in '/mnt/sda2/code/ros2/work_1/build/cpp_service': CMAKE_PREFIX_PATH=/mnt/sda2/code/ros2/work_1/install/interface:/mnt/sda2/code/ros2/work_1/install/cpp_service:/opt/ros/foxy /usr/bin/cmake /mnt/sda2/code/ros2/work_1/src/cpp_service -DCMAKE_INSTALL_PREFIX=/mnt/sda2/code/ros2/work_1/install/cpp_service
[0.017s] -- Found ament_cmake: 0.9.12 (/opt/ros/foxy/share/ament_cmake/cmake)
[0.035s] -- Using PYTHON_EXECUTABLE: /usr/bin/python3
[0.180s] -- Found interface: 0.0.0 (/mnt/sda2/code/ros2/work_1/install/interface/share/interface/cmake)
[0.195s] -- Found rclcpp: 2.4.3 (/opt/ros/foxy/share/rclcpp/cmake)
[0.207s] -- Using all available rosidl_typesupport_c: rosidl_typesupport_fastrtps_c;rosidl_typesupport_introspection_c
[0.209s] -- Found rosidl_adapter: 1.3.1 (/opt/ros/foxy/share/rosidl_adapter/cmake)
[0.289s] -- Using all available rosidl_typesupport_cpp: rosidl_typesupport_fastrtps_cpp;rosidl_typesupport_introspection_cpp
[0.321s] -- Found rmw_implementation_cmake: 1.0.4 (/opt/ros/foxy/share/rmw_implementation_cmake/cmake)
[0.322s] -- Using RMW implementation 'rmw_fastrtps_cpp' as default
[0.415s] -- Found geometry_msgs: 2.0.5 (/opt/ros/foxy/share/geometry_msgs/cmake)
[0.436s] -- Found turtlesim: 1.2.6 (/opt/ros/foxy/share/turtlesim/cmake)
[0.502s] CMake Error at /opt/ros/foxy/share/ament_cmake_target_dependencies/cmake/ament_target_dependencies.cmake:42 (message):
[0.502s]   ament_target_dependencies() the first argument must be a valid target name
[0.502s] Call Stack (most recent call first):
[0.502s]   CMakeLists.txt:28 (ament_target_dependencies)
[0.502s] 
[0.502s] 
[0.504s] -- Configuring incomplete, errors occurred!
[0.504s] See also "/mnt/sda2/code/ros2/work_1/build/cpp_service/CMakeFiles/CMakeOutput.log".
[0.504s] See also "/mnt/sda2/code/ros2/work_1/build/cpp_service/CMakeFiles/CMakeError.log".
[0.508s] Invoked command in '/mnt/sda2/code/ros2/work_1/build/cpp_service' returned '1': CMAKE_PREFIX_PATH=/mnt/sda2/code/ros2/work_1/install/interface:/mnt/sda2/code/ros2/work_1/install/cpp_service:/opt/ros/foxy /usr/bin/cmake /mnt/sda2/code/ros2/work_1/src/cpp_service -DCMAKE_INSTALL_PREFIX=/mnt/sda2/code/ros2/work_1/install/cpp_service
