[0.119s] DEBUG:colcon:Command line arguments: ['/usr/bin/colcon', 'build']
[0.120s] DEBUG:colcon:Parsed command line arguments: Namespace(allow_overriding=[], ament_cmake_args=None, base_paths=['.'], build_base='build', catkin_cmake_args=None, catkin_skip_building_tests=False, cmake_args=None, cmake_clean_cache=False, cmake_clean_first=False, cmake_force_configure=False, cmake_target=None, cmake_target_skip_unavailable=False, continue_on_error=False, event_handlers=None, executor='parallel', ignore_user_meta=False, install_base='install', log_base=None, log_level=None, main=<bound method BuildVerb.main of <colcon_core.verb.build.BuildVerb object at 0x7f7ee2b40070>>, merge_install=False, metas=['./colcon.meta'], packages_above=None, packages_above_and_dependencies=None, packages_above_depth=None, packages_end=None, packages_ignore=None, packages_ignore_regex=None, packages_select=None, packages_select_build_failed=False, packages_select_by_dep=None, packages_select_regex=None, packages_select_test_failures=False, packages_skip=None, packages_skip_build_finished=False, packages_skip_by_dep=None, packages_skip_regex=None, packages_skip_test_passed=False, packages_skip_up_to=None, packages_start=None, packages_up_to=None, packages_up_to_regex=None, parallel_workers=24, paths=None, symlink_install=False, test_result_base=None, verb_extension=<colcon_core.verb.build.BuildVerb object at 0x7f7ee2b40070>, verb_name='build', verb_parser=<colcon_defaults.argument_parser.defaults.DefaultArgumentsDecorator object at 0x7f7ee2a75a60>)
[0.241s] Level 1:colcon.colcon_core.package_discovery:discover_packages(colcon_meta) check parameters
[0.241s] Level 1:colcon.colcon_core.package_discovery:discover_packages(recursive) check parameters
[0.241s] Level 1:colcon.colcon_core.package_discovery:discover_packages(ignore) check parameters
[0.241s] Level 1:colcon.colcon_core.package_discovery:discover_packages(path) check parameters
[0.241s] Level 1:colcon.colcon_core.package_discovery:discover_packages(colcon_meta) discover
[0.241s] Level 1:colcon.colcon_core.package_discovery:discover_packages(recursive) discover
[0.241s] INFO:colcon.colcon_core.package_discovery:Crawling recursively for packages in '/mnt/sda2/code/ros2/work_1'
[0.241s] Level 1:colcon.colcon_core.package_identification:_identify(.) by extensions ['ignore', 'ignore_ament_install']
[0.241s] Level 1:colcon.colcon_core.package_identification:_identify(.) by extension 'ignore'
[0.241s] Level 1:colcon.colcon_core.package_identification:_identify(.) by extension 'ignore_ament_install'
[0.241s] Level 1:colcon.colcon_core.package_identification:_identify(.) by extensions ['colcon_pkg']
[0.241s] Level 1:colcon.colcon_core.package_identification:_identify(.) by extension 'colcon_pkg'
[0.241s] Level 1:colcon.colcon_core.package_identification:_identify(.) by extensions ['colcon_meta']
[0.241s] Level 1:colcon.colcon_core.package_identification:_identify(.) by extension 'colcon_meta'
[0.242s] Level 1:colcon.colcon_core.package_identification:_identify(.) by extensions ['ros']
[0.242s] Level 1:colcon.colcon_core.package_identification:_identify(.) by extension 'ros'
[0.250s] Level 1:colcon.colcon_core.package_identification:_identify(.) by extensions ['cmake', 'python']
[0.250s] Level 1:colcon.colcon_core.package_identification:_identify(.) by extension 'cmake'
[0.250s] Level 1:colcon.colcon_core.package_identification:_identify(.) by extension 'python'
[0.250s] Level 1:colcon.colcon_core.package_identification:_identify(.) by extensions ['python_setup_py']
[0.250s] Level 1:colcon.colcon_core.package_identification:_identify(.) by extension 'python_setup_py'
[0.250s] Level 1:colcon.colcon_core.package_identification:_identify(build) by extensions ['ignore', 'ignore_ament_install']
[0.250s] Level 1:colcon.colcon_core.package_identification:_identify(build) by extension 'ignore'
[0.250s] Level 1:colcon.colcon_core.package_identification:_identify(build) ignored
[0.250s] Level 1:colcon.colcon_core.package_identification:_identify(install) by extensions ['ignore', 'ignore_ament_install']
[0.250s] Level 1:colcon.colcon_core.package_identification:_identify(install) by extension 'ignore'
[0.250s] Level 1:colcon.colcon_core.package_identification:_identify(install) ignored
[0.250s] Level 1:colcon.colcon_core.package_identification:_identify(log) by extensions ['ignore', 'ignore_ament_install']
[0.251s] Level 1:colcon.colcon_core.package_identification:_identify(log) by extension 'ignore'
[0.251s] Level 1:colcon.colcon_core.package_identification:_identify(log) ignored
[0.251s] Level 1:colcon.colcon_core.package_identification:_identify(src) by extensions ['ignore', 'ignore_ament_install']
[0.251s] Level 1:colcon.colcon_core.package_identification:_identify(src) by extension 'ignore'
[0.251s] Level 1:colcon.colcon_core.package_identification:_identify(src) by extension 'ignore_ament_install'
[0.251s] Level 1:colcon.colcon_core.package_identification:_identify(src) by extensions ['colcon_pkg']
[0.251s] Level 1:colcon.colcon_core.package_identification:_identify(src) by extension 'colcon_pkg'
[0.251s] Level 1:colcon.colcon_core.package_identification:_identify(src) by extensions ['colcon_meta']
[0.251s] Level 1:colcon.colcon_core.package_identification:_identify(src) by extension 'colcon_meta'
[0.251s] Level 1:colcon.colcon_core.package_identification:_identify(src) by extensions ['ros']
[0.251s] Level 1:colcon.colcon_core.package_identification:_identify(src) by extension 'ros'
[0.251s] Level 1:colcon.colcon_core.package_identification:_identify(src) by extensions ['cmake', 'python']
[0.251s] Level 1:colcon.colcon_core.package_identification:_identify(src) by extension 'cmake'
[0.251s] Level 1:colcon.colcon_core.package_identification:_identify(src) by extension 'python'
[0.251s] Level 1:colcon.colcon_core.package_identification:_identify(src) by extensions ['python_setup_py']
[0.251s] Level 1:colcon.colcon_core.package_identification:_identify(src) by extension 'python_setup_py'
[0.251s] Level 1:colcon.colcon_core.package_identification:_identify(src/cpp_service) by extensions ['ignore', 'ignore_ament_install']
[0.251s] Level 1:colcon.colcon_core.package_identification:_identify(src/cpp_service) by extension 'ignore'
[0.251s] Level 1:colcon.colcon_core.package_identification:_identify(src/cpp_service) by extension 'ignore_ament_install'
[0.251s] Level 1:colcon.colcon_core.package_identification:_identify(src/cpp_service) by extensions ['colcon_pkg']
[0.251s] Level 1:colcon.colcon_core.package_identification:_identify(src/cpp_service) by extension 'colcon_pkg'
[0.251s] Level 1:colcon.colcon_core.package_identification:_identify(src/cpp_service) by extensions ['colcon_meta']
[0.251s] Level 1:colcon.colcon_core.package_identification:_identify(src/cpp_service) by extension 'colcon_meta'
[0.251s] Level 1:colcon.colcon_core.package_identification:_identify(src/cpp_service) by extensions ['ros']
[0.251s] Level 1:colcon.colcon_core.package_identification:_identify(src/cpp_service) by extension 'ros'
[0.253s] DEBUG:colcon.colcon_core.package_identification:Package 'src/cpp_service' with type 'ros.ament_cmake' and name 'cpp_service'
[0.253s] Level 1:colcon.colcon_core.package_identification:_identify(src/interface) by extensions ['ignore', 'ignore_ament_install']
[0.253s] Level 1:colcon.colcon_core.package_identification:_identify(src/interface) by extension 'ignore'
[0.253s] Level 1:colcon.colcon_core.package_identification:_identify(src/interface) by extension 'ignore_ament_install'
[0.253s] Level 1:colcon.colcon_core.package_identification:_identify(src/interface) by extensions ['colcon_pkg']
[0.253s] Level 1:colcon.colcon_core.package_identification:_identify(src/interface) by extension 'colcon_pkg'
[0.253s] Level 1:colcon.colcon_core.package_identification:_identify(src/interface) by extensions ['colcon_meta']
[0.253s] Level 1:colcon.colcon_core.package_identification:_identify(src/interface) by extension 'colcon_meta'
[0.253s] Level 1:colcon.colcon_core.package_identification:_identify(src/interface) by extensions ['ros']
[0.253s] Level 1:colcon.colcon_core.package_identification:_identify(src/interface) by extension 'ros'
[0.254s] DEBUG:colcon.colcon_core.package_identification:Package 'src/interface' with type 'ros.ament_cmake' and name 'interface'
[0.254s] Level 1:colcon.colcon_core.package_discovery:discover_packages(recursive) using defaults
[0.254s] Level 1:colcon.colcon_core.package_discovery:discover_packages(ignore) discover
[0.254s] Level 1:colcon.colcon_core.package_discovery:discover_packages(ignore) using defaults
[0.254s] Level 1:colcon.colcon_core.package_discovery:discover_packages(path) discover
[0.254s] Level 1:colcon.colcon_core.package_discovery:discover_packages(path) using defaults
[0.265s] Level 1:colcon.colcon_core.package_discovery:discover_packages(prefix_path) check parameters
[0.265s] Level 1:colcon.colcon_core.package_discovery:discover_packages(prefix_path) discover
[0.266s] DEBUG:colcon.colcon_installed_package_information.package_discovery:Found 2 installed packages in /mnt/sda2/code/ros2/work_1/install
[0.267s] DEBUG:colcon.colcon_installed_package_information.package_discovery:Found 256 installed packages in /opt/ros/foxy
[0.268s] Level 1:colcon.colcon_core.package_discovery:discover_packages(prefix_path) using defaults
[0.294s] Level 5:colcon.colcon_core.verb:set package 'interface' build argument 'cmake_args' from command line to 'None'
[0.294s] Level 5:colcon.colcon_core.verb:set package 'interface' build argument 'cmake_target' from command line to 'None'
[0.294s] Level 5:colcon.colcon_core.verb:set package 'interface' build argument 'cmake_target_skip_unavailable' from command line to 'False'
[0.294s] Level 5:colcon.colcon_core.verb:set package 'interface' build argument 'cmake_clean_cache' from command line to 'False'
[0.294s] Level 5:colcon.colcon_core.verb:set package 'interface' build argument 'cmake_clean_first' from command line to 'False'
[0.294s] Level 5:colcon.colcon_core.verb:set package 'interface' build argument 'cmake_force_configure' from command line to 'False'
[0.294s] Level 5:colcon.colcon_core.verb:set package 'interface' build argument 'ament_cmake_args' from command line to 'None'
[0.294s] Level 5:colcon.colcon_core.verb:set package 'interface' build argument 'catkin_cmake_args' from command line to 'None'
[0.294s] Level 5:colcon.colcon_core.verb:set package 'interface' build argument 'catkin_skip_building_tests' from command line to 'False'
[0.294s] DEBUG:colcon.colcon_core.verb:Building package 'interface' with the following arguments: {'ament_cmake_args': None, 'build_base': '/mnt/sda2/code/ros2/work_1/build/interface', 'catkin_cmake_args': None, 'catkin_skip_building_tests': False, 'cmake_args': None, 'cmake_clean_cache': False, 'cmake_clean_first': False, 'cmake_force_configure': False, 'cmake_target': None, 'cmake_target_skip_unavailable': False, 'install_base': '/mnt/sda2/code/ros2/work_1/install/interface', 'merge_install': False, 'path': '/mnt/sda2/code/ros2/work_1/src/interface', 'symlink_install': False, 'test_result_base': None}
[0.295s] Level 5:colcon.colcon_core.verb:set package 'cpp_service' build argument 'cmake_args' from command line to 'None'
[0.295s] Level 5:colcon.colcon_core.verb:set package 'cpp_service' build argument 'cmake_target' from command line to 'None'
[0.295s] Level 5:colcon.colcon_core.verb:set package 'cpp_service' build argument 'cmake_target_skip_unavailable' from command line to 'False'
[0.295s] Level 5:colcon.colcon_core.verb:set package 'cpp_service' build argument 'cmake_clean_cache' from command line to 'False'
[0.295s] Level 5:colcon.colcon_core.verb:set package 'cpp_service' build argument 'cmake_clean_first' from command line to 'False'
[0.295s] Level 5:colcon.colcon_core.verb:set package 'cpp_service' build argument 'cmake_force_configure' from command line to 'False'
[0.295s] Level 5:colcon.colcon_core.verb:set package 'cpp_service' build argument 'ament_cmake_args' from command line to 'None'
[0.295s] Level 5:colcon.colcon_core.verb:set package 'cpp_service' build argument 'catkin_cmake_args' from command line to 'None'
[0.295s] Level 5:colcon.colcon_core.verb:set package 'cpp_service' build argument 'catkin_skip_building_tests' from command line to 'False'
[0.295s] DEBUG:colcon.colcon_core.verb:Building package 'cpp_service' with the following arguments: {'ament_cmake_args': None, 'build_base': '/mnt/sda2/code/ros2/work_1/build/cpp_service', 'catkin_cmake_args': None, 'catkin_skip_building_tests': False, 'cmake_args': None, 'cmake_clean_cache': False, 'cmake_clean_first': False, 'cmake_force_configure': False, 'cmake_target': None, 'cmake_target_skip_unavailable': False, 'install_base': '/mnt/sda2/code/ros2/work_1/install/cpp_service', 'merge_install': False, 'path': '/mnt/sda2/code/ros2/work_1/src/cpp_service', 'symlink_install': False, 'test_result_base': None}
[0.295s] INFO:colcon.colcon_core.executor:Executing jobs using 'parallel' executor
[0.296s] DEBUG:colcon.colcon_parallel_executor.executor.parallel:run_until_complete
[0.296s] INFO:colcon.colcon_ros.task.ament_cmake.build:Building ROS package in '/mnt/sda2/code/ros2/work_1/src/interface' with build type 'ament_cmake'
[0.296s] INFO:colcon.colcon_cmake.task.cmake.build:Building CMake package in '/mnt/sda2/code/ros2/work_1/src/interface'
[0.297s] INFO:colcon.colcon_core.plugin_system:Skipping extension 'colcon_core.shell.bat': Not used on non-Windows systems
[0.297s] INFO:colcon.colcon_core.shell:Skip shell extension 'powershell' for command environment: Not usable outside of PowerShell
[0.297s] DEBUG:colcon.colcon_core.shell:Skip shell extension 'dsv' for command environment
[0.303s] DEBUG:colcon.colcon_core.event_handler.log_command:Invoking command in '/mnt/sda2/code/ros2/work_1/build/interface': CMAKE_PREFIX_PATH=${CMAKE_PREFIX_PATH}:/opt/ros/foxy /usr/bin/cmake --build /mnt/sda2/code/ros2/work_1/build/interface -- -j24 -l24
[0.456s] DEBUG:colcon.colcon_core.event_handler.log_command:Invoked command in '/mnt/sda2/code/ros2/work_1/build/interface' returned '0': CMAKE_PREFIX_PATH=${CMAKE_PREFIX_PATH}:/opt/ros/foxy /usr/bin/cmake --build /mnt/sda2/code/ros2/work_1/build/interface -- -j24 -l24
[0.495s] DEBUG:colcon.colcon_core.event_handler.log_command:Invoking command in '/mnt/sda2/code/ros2/work_1/build/interface': CMAKE_PREFIX_PATH=${CMAKE_PREFIX_PATH}:/opt/ros/foxy /usr/bin/cmake --install /mnt/sda2/code/ros2/work_1/build/interface
[0.530s] Level 1:colcon.colcon_core.environment:create_environment_scripts_only(interface)
[0.530s] DEBUG:colcon.colcon_core.event_handler.log_command:Invoked command in '/mnt/sda2/code/ros2/work_1/build/interface' returned '0': CMAKE_PREFIX_PATH=${CMAKE_PREFIX_PATH}:/opt/ros/foxy /usr/bin/cmake --install /mnt/sda2/code/ros2/work_1/build/interface
[0.532s] Level 1:colcon.colcon_core.environment:checking '/mnt/sda2/code/ros2/work_1/install/interface' for CMake module files
[0.532s] Level 1:colcon.colcon_core.environment:checking '/mnt/sda2/code/ros2/work_1/install/interface' for CMake config files
[0.533s] Level 1:colcon.colcon_core.shell:create_environment_hook('interface', 'cmake_prefix_path')
[0.533s] INFO:colcon.colcon_core.shell:Creating environment hook '/mnt/sda2/code/ros2/work_1/install/interface/share/interface/hook/cmake_prefix_path.ps1'
[0.533s] INFO:colcon.colcon_core.shell:Creating environment descriptor '/mnt/sda2/code/ros2/work_1/install/interface/share/interface/hook/cmake_prefix_path.dsv'
[0.534s] INFO:colcon.colcon_core.shell:Creating environment hook '/mnt/sda2/code/ros2/work_1/install/interface/share/interface/hook/cmake_prefix_path.sh'
[0.534s] Level 1:colcon.colcon_core.environment:checking '/mnt/sda2/code/ros2/work_1/install/interface/lib'
[0.534s] Level 1:colcon.colcon_core.shell:create_environment_hook('interface', 'ld_library_path_lib')
[0.534s] INFO:colcon.colcon_core.shell:Creating environment hook '/mnt/sda2/code/ros2/work_1/install/interface/share/interface/hook/ld_library_path_lib.ps1'
[0.535s] INFO:colcon.colcon_core.shell:Creating environment descriptor '/mnt/sda2/code/ros2/work_1/install/interface/share/interface/hook/ld_library_path_lib.dsv'
[0.535s] INFO:colcon.colcon_core.shell:Creating environment hook '/mnt/sda2/code/ros2/work_1/install/interface/share/interface/hook/ld_library_path_lib.sh'
[0.535s] Level 1:colcon.colcon_core.environment:checking '/mnt/sda2/code/ros2/work_1/install/interface/bin'
[0.535s] Level 1:colcon.colcon_core.environment:checking '/mnt/sda2/code/ros2/work_1/install/interface/lib/pkgconfig/interface.pc'
[0.535s] Level 1:colcon.colcon_core.environment:checking '/mnt/sda2/code/ros2/work_1/install/interface/lib/python3.8/site-packages'
[0.535s] Level 1:colcon.colcon_core.shell:create_environment_hook('interface', 'pythonpath')
[0.535s] INFO:colcon.colcon_core.shell:Creating environment hook '/mnt/sda2/code/ros2/work_1/install/interface/share/interface/hook/pythonpath.ps1'
[0.535s] INFO:colcon.colcon_core.shell:Creating environment descriptor '/mnt/sda2/code/ros2/work_1/install/interface/share/interface/hook/pythonpath.dsv'
[0.536s] INFO:colcon.colcon_core.shell:Creating environment hook '/mnt/sda2/code/ros2/work_1/install/interface/share/interface/hook/pythonpath.sh'
[0.536s] Level 1:colcon.colcon_core.environment:checking '/mnt/sda2/code/ros2/work_1/install/interface/bin'
[0.536s] INFO:colcon.colcon_core.shell:Creating package script '/mnt/sda2/code/ros2/work_1/install/interface/share/interface/package.ps1'
[0.536s] INFO:colcon.colcon_core.shell:Creating package descriptor '/mnt/sda2/code/ros2/work_1/install/interface/share/interface/package.dsv'
[0.537s] INFO:colcon.colcon_core.shell:Creating package script '/mnt/sda2/code/ros2/work_1/install/interface/share/interface/package.sh'
[0.537s] INFO:colcon.colcon_core.shell:Creating package script '/mnt/sda2/code/ros2/work_1/install/interface/share/interface/package.bash'
[0.538s] INFO:colcon.colcon_core.shell:Creating package script '/mnt/sda2/code/ros2/work_1/install/interface/share/interface/package.zsh'
[0.538s] Level 1:colcon.colcon_core.environment:create_file_with_runtime_dependencies(/mnt/sda2/code/ros2/work_1/install/interface/share/colcon-core/packages/interface)
[0.569s] Level 1:colcon.colcon_core.environment:create_environment_scripts_only(interface)
[0.569s] Level 1:colcon.colcon_core.environment:checking '/mnt/sda2/code/ros2/work_1/install/interface' for CMake module files
[0.570s] Level 1:colcon.colcon_core.environment:checking '/mnt/sda2/code/ros2/work_1/install/interface' for CMake config files
[0.570s] Level 1:colcon.colcon_core.shell:create_environment_hook('interface', 'cmake_prefix_path')
[0.570s] INFO:colcon.colcon_core.shell:Creating environment hook '/mnt/sda2/code/ros2/work_1/install/interface/share/interface/hook/cmake_prefix_path.ps1'
[0.570s] INFO:colcon.colcon_core.shell:Creating environment descriptor '/mnt/sda2/code/ros2/work_1/install/interface/share/interface/hook/cmake_prefix_path.dsv'
[0.570s] INFO:colcon.colcon_core.shell:Creating environment hook '/mnt/sda2/code/ros2/work_1/install/interface/share/interface/hook/cmake_prefix_path.sh'
[0.571s] Level 1:colcon.colcon_core.environment:checking '/mnt/sda2/code/ros2/work_1/install/interface/lib'
[0.571s] Level 1:colcon.colcon_core.shell:create_environment_hook('interface', 'ld_library_path_lib')
[0.571s] INFO:colcon.colcon_core.shell:Creating environment hook '/mnt/sda2/code/ros2/work_1/install/interface/share/interface/hook/ld_library_path_lib.ps1'
[0.571s] INFO:colcon.colcon_core.shell:Creating environment descriptor '/mnt/sda2/code/ros2/work_1/install/interface/share/interface/hook/ld_library_path_lib.dsv'
[0.571s] INFO:colcon.colcon_core.shell:Creating environment hook '/mnt/sda2/code/ros2/work_1/install/interface/share/interface/hook/ld_library_path_lib.sh'
[0.571s] Level 1:colcon.colcon_core.environment:checking '/mnt/sda2/code/ros2/work_1/install/interface/bin'
[0.571s] Level 1:colcon.colcon_core.environment:checking '/mnt/sda2/code/ros2/work_1/install/interface/lib/pkgconfig/interface.pc'
[0.572s] Level 1:colcon.colcon_core.environment:checking '/mnt/sda2/code/ros2/work_1/install/interface/lib/python3.8/site-packages'
[0.572s] Level 1:colcon.colcon_core.shell:create_environment_hook('interface', 'pythonpath')
[0.572s] INFO:colcon.colcon_core.shell:Creating environment hook '/mnt/sda2/code/ros2/work_1/install/interface/share/interface/hook/pythonpath.ps1'
[0.572s] INFO:colcon.colcon_core.shell:Creating environment descriptor '/mnt/sda2/code/ros2/work_1/install/interface/share/interface/hook/pythonpath.dsv'
[0.572s] INFO:colcon.colcon_core.shell:Creating environment hook '/mnt/sda2/code/ros2/work_1/install/interface/share/interface/hook/pythonpath.sh'
[0.572s] Level 1:colcon.colcon_core.environment:checking '/mnt/sda2/code/ros2/work_1/install/interface/bin'
[0.573s] INFO:colcon.colcon_core.shell:Creating package script '/mnt/sda2/code/ros2/work_1/install/interface/share/interface/package.ps1'
[0.573s] INFO:colcon.colcon_core.shell:Creating package descriptor '/mnt/sda2/code/ros2/work_1/install/interface/share/interface/package.dsv'
[0.573s] INFO:colcon.colcon_core.shell:Creating package script '/mnt/sda2/code/ros2/work_1/install/interface/share/interface/package.sh'
[0.573s] INFO:colcon.colcon_core.shell:Creating package script '/mnt/sda2/code/ros2/work_1/install/interface/share/interface/package.bash'
[0.574s] INFO:colcon.colcon_core.shell:Creating package script '/mnt/sda2/code/ros2/work_1/install/interface/share/interface/package.zsh'
[0.574s] Level 1:colcon.colcon_core.environment:create_file_with_runtime_dependencies(/mnt/sda2/code/ros2/work_1/install/interface/share/colcon-core/packages/interface)
[0.574s] INFO:colcon.colcon_ros.task.ament_cmake.build:Building ROS package in '/mnt/sda2/code/ros2/work_1/src/cpp_service' with build type 'ament_cmake'
[0.574s] INFO:colcon.colcon_cmake.task.cmake.build:Building CMake package in '/mnt/sda2/code/ros2/work_1/src/cpp_service'
[0.574s] INFO:colcon.colcon_core.shell:Skip shell extension 'powershell' for command environment: Not usable outside of PowerShell
[0.574s] DEBUG:colcon.colcon_core.shell:Skip shell extension 'dsv' for command environment
[0.583s] DEBUG:colcon.colcon_core.event_handler.log_command:Invoking command in '/mnt/sda2/code/ros2/work_1/build/cpp_service': CMAKE_PREFIX_PATH=/mnt/sda2/code/ros2/work_1/install/interface:/mnt/sda2/code/ros2/work_1/install/cpp_service:/opt/ros/foxy /usr/bin/cmake --build /mnt/sda2/code/ros2/work_1/build/cpp_service -- -j24 -l24
[3.861s] DEBUG:colcon.colcon_core.event_handler.log_command:Invoked command in '/mnt/sda2/code/ros2/work_1/build/cpp_service' returned '0': CMAKE_PREFIX_PATH=/mnt/sda2/code/ros2/work_1/install/interface:/mnt/sda2/code/ros2/work_1/install/cpp_service:/opt/ros/foxy /usr/bin/cmake --build /mnt/sda2/code/ros2/work_1/build/cpp_service -- -j24 -l24
[3.879s] DEBUG:colcon.colcon_core.event_handler.log_command:Invoking command in '/mnt/sda2/code/ros2/work_1/build/cpp_service': CMAKE_PREFIX_PATH=/mnt/sda2/code/ros2/work_1/install/interface:/mnt/sda2/code/ros2/work_1/install/cpp_service:/opt/ros/foxy /usr/bin/cmake --install /mnt/sda2/code/ros2/work_1/build/cpp_service
[3.889s] Level 1:colcon.colcon_core.environment:create_environment_scripts_only(cpp_service)
[3.890s] Level 1:colcon.colcon_core.environment:checking '/mnt/sda2/code/ros2/work_1/install/cpp_service' for CMake module files
[3.890s] DEBUG:colcon.colcon_core.event_handler.log_command:Invoked command in '/mnt/sda2/code/ros2/work_1/build/cpp_service' returned '0': CMAKE_PREFIX_PATH=/mnt/sda2/code/ros2/work_1/install/interface:/mnt/sda2/code/ros2/work_1/install/cpp_service:/opt/ros/foxy /usr/bin/cmake --install /mnt/sda2/code/ros2/work_1/build/cpp_service
[3.890s] Level 1:colcon.colcon_core.environment:checking '/mnt/sda2/code/ros2/work_1/install/cpp_service' for CMake config files
[3.890s] Level 1:colcon.colcon_core.shell:create_environment_hook('cpp_service', 'cmake_prefix_path')
[3.891s] INFO:colcon.colcon_core.shell:Creating environment hook '/mnt/sda2/code/ros2/work_1/install/cpp_service/share/cpp_service/hook/cmake_prefix_path.ps1'
[3.891s] INFO:colcon.colcon_core.shell:Creating environment descriptor '/mnt/sda2/code/ros2/work_1/install/cpp_service/share/cpp_service/hook/cmake_prefix_path.dsv'
[3.891s] INFO:colcon.colcon_core.shell:Creating environment hook '/mnt/sda2/code/ros2/work_1/install/cpp_service/share/cpp_service/hook/cmake_prefix_path.sh'
[3.891s] Level 1:colcon.colcon_core.environment:checking '/mnt/sda2/code/ros2/work_1/install/cpp_service/lib'
[3.891s] Level 1:colcon.colcon_core.environment:checking '/mnt/sda2/code/ros2/work_1/install/cpp_service/bin'
[3.891s] Level 1:colcon.colcon_core.environment:checking '/mnt/sda2/code/ros2/work_1/install/cpp_service/lib/pkgconfig/cpp_service.pc'
[3.892s] Level 1:colcon.colcon_core.environment:checking '/mnt/sda2/code/ros2/work_1/install/cpp_service/lib/python3.8/site-packages'
[3.892s] Level 1:colcon.colcon_core.environment:checking '/mnt/sda2/code/ros2/work_1/install/cpp_service/bin'
[3.892s] INFO:colcon.colcon_core.shell:Creating package script '/mnt/sda2/code/ros2/work_1/install/cpp_service/share/cpp_service/package.ps1'
[3.892s] INFO:colcon.colcon_core.shell:Creating package descriptor '/mnt/sda2/code/ros2/work_1/install/cpp_service/share/cpp_service/package.dsv'
[3.892s] INFO:colcon.colcon_core.shell:Creating package script '/mnt/sda2/code/ros2/work_1/install/cpp_service/share/cpp_service/package.sh'
[3.893s] INFO:colcon.colcon_core.shell:Creating package script '/mnt/sda2/code/ros2/work_1/install/cpp_service/share/cpp_service/package.bash'
[3.893s] INFO:colcon.colcon_core.shell:Creating package script '/mnt/sda2/code/ros2/work_1/install/cpp_service/share/cpp_service/package.zsh'
[3.893s] Level 1:colcon.colcon_core.environment:create_file_with_runtime_dependencies(/mnt/sda2/code/ros2/work_1/install/cpp_service/share/colcon-core/packages/cpp_service)
[3.922s] Level 1:colcon.colcon_core.environment:create_environment_scripts_only(cpp_service)
[3.922s] Level 1:colcon.colcon_core.environment:checking '/mnt/sda2/code/ros2/work_1/install/cpp_service' for CMake module files
[3.923s] Level 1:colcon.colcon_core.environment:checking '/mnt/sda2/code/ros2/work_1/install/cpp_service' for CMake config files
[3.923s] Level 1:colcon.colcon_core.shell:create_environment_hook('cpp_service', 'cmake_prefix_path')
[3.924s] INFO:colcon.colcon_core.shell:Creating environment hook '/mnt/sda2/code/ros2/work_1/install/cpp_service/share/cpp_service/hook/cmake_prefix_path.ps1'
[3.924s] INFO:colcon.colcon_core.shell:Creating environment descriptor '/mnt/sda2/code/ros2/work_1/install/cpp_service/share/cpp_service/hook/cmake_prefix_path.dsv'
[3.925s] INFO:colcon.colcon_core.shell:Creating environment hook '/mnt/sda2/code/ros2/work_1/install/cpp_service/share/cpp_service/hook/cmake_prefix_path.sh'
[3.926s] Level 1:colcon.colcon_core.environment:checking '/mnt/sda2/code/ros2/work_1/install/cpp_service/lib'
[3.926s] Level 1:colcon.colcon_core.environment:checking '/mnt/sda2/code/ros2/work_1/install/cpp_service/bin'
[3.926s] Level 1:colcon.colcon_core.environment:checking '/mnt/sda2/code/ros2/work_1/install/cpp_service/lib/pkgconfig/cpp_service.pc'
[3.926s] Level 1:colcon.colcon_core.environment:checking '/mnt/sda2/code/ros2/work_1/install/cpp_service/lib/python3.8/site-packages'
[3.926s] Level 1:colcon.colcon_core.environment:checking '/mnt/sda2/code/ros2/work_1/install/cpp_service/bin'
[3.927s] INFO:colcon.colcon_core.shell:Creating package script '/mnt/sda2/code/ros2/work_1/install/cpp_service/share/cpp_service/package.ps1'
[3.927s] INFO:colcon.colcon_core.shell:Creating package descriptor '/mnt/sda2/code/ros2/work_1/install/cpp_service/share/cpp_service/package.dsv'
[3.928s] INFO:colcon.colcon_core.shell:Creating package script '/mnt/sda2/code/ros2/work_1/install/cpp_service/share/cpp_service/package.sh'
[3.928s] INFO:colcon.colcon_core.shell:Creating package script '/mnt/sda2/code/ros2/work_1/install/cpp_service/share/cpp_service/package.bash'
[3.929s] INFO:colcon.colcon_core.shell:Creating package script '/mnt/sda2/code/ros2/work_1/install/cpp_service/share/cpp_service/package.zsh'
[3.929s] Level 1:colcon.colcon_core.environment:create_file_with_runtime_dependencies(/mnt/sda2/code/ros2/work_1/install/cpp_service/share/colcon-core/packages/cpp_service)
[3.929s] DEBUG:colcon.colcon_parallel_executor.executor.parallel:closing loop
[3.930s] DEBUG:colcon.colcon_parallel_executor.executor.parallel:loop closed
[3.930s] DEBUG:colcon.colcon_parallel_executor.executor.parallel:run_until_complete finished with '0'
[3.930s] DEBUG:colcon.colcon_core.event_reactor:joining thread
[3.937s] INFO:colcon.colcon_core.plugin_system:Skipping extension 'colcon_notification.desktop_notification.terminal_notifier': Not used on non-Darwin systems
[3.937s] INFO:colcon.colcon_core.plugin_system:Skipping extension 'colcon_notification.desktop_notification.win32': Not used on non-Windows systems
[3.937s] INFO:colcon.colcon_notification.desktop_notification:Sending desktop notification using 'notify2'
[3.957s] DEBUG:colcon.colcon_core.event_reactor:joined thread
[3.957s] INFO:colcon.colcon_core.shell:Creating prefix script '/mnt/sda2/code/ros2/work_1/install/local_setup.ps1'
[3.958s] INFO:colcon.colcon_core.shell:Creating prefix util module '/mnt/sda2/code/ros2/work_1/install/_local_setup_util_ps1.py'
[3.959s] INFO:colcon.colcon_core.shell:Creating prefix chain script '/mnt/sda2/code/ros2/work_1/install/setup.ps1'
[3.960s] INFO:colcon.colcon_core.shell:Creating prefix script '/mnt/sda2/code/ros2/work_1/install/local_setup.sh'
[3.960s] INFO:colcon.colcon_core.shell:Creating prefix util module '/mnt/sda2/code/ros2/work_1/install/_local_setup_util_sh.py'
[3.961s] INFO:colcon.colcon_core.shell:Creating prefix chain script '/mnt/sda2/code/ros2/work_1/install/setup.sh'
[3.961s] INFO:colcon.colcon_core.shell:Creating prefix script '/mnt/sda2/code/ros2/work_1/install/local_setup.bash'
[3.962s] INFO:colcon.colcon_core.shell:Creating prefix chain script '/mnt/sda2/code/ros2/work_1/install/setup.bash'
[3.962s] INFO:colcon.colcon_core.shell:Creating prefix script '/mnt/sda2/code/ros2/work_1/install/local_setup.zsh'
[3.962s] INFO:colcon.colcon_core.shell:Creating prefix chain script '/mnt/sda2/code/ros2/work_1/install/setup.zsh'
