[0.008s] Invoking command in '/mnt/sda2/code/ros2/work_1/build/cpp_service': CMAKE_PREFIX_PATH=/mnt/sda2/code/ros2/work_1/install/interface:/mnt/sda2/code/ros2/work_1/install/cpp_service:/opt/ros/foxy /usr/bin/cmake --build /mnt/sda2/code/ros2/work_1/build/cpp_service -- -j24 -l24
[0.043s] [35m[1mScanning dependencies of target turtle_client[0m
[0.043s] [35m[1mScanning dependencies of target turtle_control[0m
[0.066s] [ 25%] [32mBuilding CXX object CMakeFiles/turtle_client.dir/src/turtle_client.cpp.o[0m
[0.067s] [ 50%] [32mBuilding CXX object CMakeFiles/turtle_control.dir/src/turtle_control.cpp.o[0m
[1.543s] [ 75%] [32m[1mLinking CXX executable turtle_client[0m
[1.631s] [ 75%] Built target turtle_client
[3.154s] [100%] [32m[1mLinking CXX executable turtle_control[0m
[3.323s] [100%] Built target turtle_control
[3.331s] Invoked command in '/mnt/sda2/code/ros2/work_1/build/cpp_service' returned '0': CMAKE_PREFIX_PATH=/mnt/sda2/code/ros2/work_1/install/interface:/mnt/sda2/code/ros2/work_1/install/cpp_service:/opt/ros/foxy /usr/bin/cmake --build /mnt/sda2/code/ros2/work_1/build/cpp_service -- -j24 -l24
[3.350s] Invoking command in '/mnt/sda2/code/ros2/work_1/build/cpp_service': CMAKE_PREFIX_PATH=/mnt/sda2/code/ros2/work_1/install/interface:/mnt/sda2/code/ros2/work_1/install/cpp_service:/opt/ros/foxy /usr/bin/cmake --install /mnt/sda2/code/ros2/work_1/build/cpp_service
[3.356s] -- Install configuration: ""
[3.356s] -- Installing: /mnt/sda2/code/ros2/work_1/install/cpp_service/lib/cpp_service/turtle_control
[3.357s] -- Set runtime path of "/mnt/sda2/code/ros2/work_1/install/cpp_service/lib/cpp_service/turtle_control" to ""
[3.357s] -- Installing: /mnt/sda2/code/ros2/work_1/install/cpp_service/lib/cpp_service/turtle_client
[3.358s] -- Set runtime path of "/mnt/sda2/code/ros2/work_1/install/cpp_service/lib/cpp_service/turtle_client" to ""
[3.358s] -- Up-to-date: /mnt/sda2/code/ros2/work_1/install/cpp_service/share/ament_index/resource_index/package_run_dependencies/cpp_service
[3.358s] -- Up-to-date: /mnt/sda2/code/ros2/work_1/install/cpp_service/share/ament_index/resource_index/parent_prefix_path/cpp_service
[3.358s] -- Up-to-date: /mnt/sda2/code/ros2/work_1/install/cpp_service/share/cpp_service/environment/ament_prefix_path.sh
[3.358s] -- Up-to-date: /mnt/sda2/code/ros2/work_1/install/cpp_service/share/cpp_service/environment/ament_prefix_path.dsv
[3.358s] -- Up-to-date: /mnt/sda2/code/ros2/work_1/install/cpp_service/share/cpp_service/environment/path.sh
[3.358s] -- Up-to-date: /mnt/sda2/code/ros2/work_1/install/cpp_service/share/cpp_service/environment/path.dsv
[3.358s] -- Up-to-date: /mnt/sda2/code/ros2/work_1/install/cpp_service/share/cpp_service/local_setup.bash
[3.358s] -- Up-to-date: /mnt/sda2/code/ros2/work_1/install/cpp_service/share/cpp_service/local_setup.sh
[3.358s] -- Up-to-date: /mnt/sda2/code/ros2/work_1/install/cpp_service/share/cpp_service/local_setup.zsh
[3.358s] -- Up-to-date: /mnt/sda2/code/ros2/work_1/install/cpp_service/share/cpp_service/local_setup.dsv
[3.358s] -- Installing: /mnt/sda2/code/ros2/work_1/install/cpp_service/share/cpp_service/package.dsv
[3.358s] -- Up-to-date: /mnt/sda2/code/ros2/work_1/install/cpp_service/share/ament_index/resource_index/packages/cpp_service
[3.359s] -- Up-to-date: /mnt/sda2/code/ros2/work_1/install/cpp_service/share/cpp_service/cmake/cpp_serviceConfig.cmake
[3.359s] -- Up-to-date: /mnt/sda2/code/ros2/work_1/install/cpp_service/share/cpp_service/cmake/cpp_serviceConfig-version.cmake
[3.359s] -- Up-to-date: /mnt/sda2/code/ros2/work_1/install/cpp_service/share/cpp_service/package.xml
[3.360s] Invoked command in '/mnt/sda2/code/ros2/work_1/build/cpp_service' returned '0': CMAKE_PREFIX_PATH=/mnt/sda2/code/ros2/work_1/install/interface:/mnt/sda2/code/ros2/work_1/install/cpp_service:/opt/ros/foxy /usr/bin/cmake --install /mnt/sda2/code/ros2/work_1/build/cpp_service
