[0.008s] Invoking command in '/mnt/sda2/code/ros2/work_1/build/cpp_service': AMENT_PREFIX_PATH=/mnt/sda2/code/ros2/work_1/install/interface:${AMENT_PREFIX_PATH} CMAKE_PREFIX_PATH=/mnt/sda2/code/ros2/work_1/install/interface:/opt/ros/foxy LD_LIBRARY_PATH=/mnt/sda2/code/ros2/work_1/install/interface/lib:${LD_LIBRARY_PATH} PYTHONPATH=/mnt/sda2/code/ros2/work_1/install/interface/lib/python3.8/site-packages:${PYTHONPATH} /usr/bin/cmake --build /mnt/sda2/code/ros2/work_1/build/cpp_service -- -j24 -l24
[0.029s] -- Found ament_cmake: 0.9.12 (/opt/ros/foxy/share/ament_cmake/cmake)
[0.044s] -- Using PYTHON_EXECUTABLE: /usr/bin/python3
[0.185s] -- Found interface: 0.0.0 (/mnt/sda2/code/ros2/work_1/install/interface/share/interface/cmake)
[0.202s] -- Found rclcpp: 2.4.3 (/opt/ros/foxy/share/rclcpp/cmake)
[0.214s] -- Using all available rosidl_typesupport_c: rosidl_typesupport_fastrtps_c;rosidl_typesupport_introspection_c
[0.216s] -- Found rosidl_adapter: 1.3.1 (/opt/ros/foxy/share/rosidl_adapter/cmake)
[0.295s] -- Using all available rosidl_typesupport_cpp: rosidl_typesupport_fastrtps_cpp;rosidl_typesupport_introspection_cpp
[0.327s] -- Found rmw_implementation_cmake: 1.0.4 (/opt/ros/foxy/share/rmw_implementation_cmake/cmake)
[0.328s] -- Using RMW implementation 'rmw_fastrtps_cpp' as default
[0.421s] -- Found geometry_msgs: 2.0.5 (/opt/ros/foxy/share/geometry_msgs/cmake)
[0.442s] -- Found turtlesim: 1.2.6 (/opt/ros/foxy/share/turtlesim/cmake)
[0.510s] -- Found ament_lint_auto: 0.9.8 (/opt/ros/foxy/share/ament_lint_auto/cmake)
[0.551s] -- Added test 'copyright' to check source files copyright and LICENSE
[0.552s] -- Added test 'cppcheck' to perform static code analysis on C / C++ code
[0.552s] -- Configured cppcheck include dirs: 
[0.552s] -- Configured cppcheck exclude dirs and/or files: 
[0.553s] -- Added test 'cpplint' to check C / C++ code against the Google style
[0.553s] -- Configured cpplint exclude dirs and/or files: 
[0.553s] -- Added test 'lint_cmake' to check CMake code style
[0.554s] -- Added test 'uncrustify' to check C / C++ code style
[0.554s] -- Configured uncrustify additional arguments: 
[0.554s] -- Added test 'xmllint' to check XML markup files
[0.557s] -- Configuring done
[0.566s] -- Generating done
[0.567s] -- Build files have been written to: /mnt/sda2/code/ros2/work_1/build/cpp_service
[0.582s] [35m[1mScanning dependencies of target turtle_client[0m
[0.599s] [ 50%] Built target turtle_control
[0.609s] [ 75%] [32mBuilding CXX object CMakeFiles/turtle_client.dir/src/turtle_client.cpp.o[0m
[1.276s] [01m[K/mnt/sda2/code/ros2/work_1/src/cpp_service/src/turtle_client.cpp:[m[K In lambda function:
[1.276s] [01m[K/mnt/sda2/code/ros2/work_1/src/cpp_service/src/turtle_client.cpp:34:124:[m[K [01;31m[Kerror: [m[Kexpected type-specifier before ‘[01m[K{[m[K’ token
[1.277s]    34 |             client_->async_send_request(request, [&](rclcpp::Client<interface::srv::Partol>::SharedFuture result_future) ->[01;31m[K{[m[K
[1.277s]       |                                                                                                                            [01;31m[K^[m[K
[1.539s] make[2]: *** [CMakeFiles/turtle_client.dir/build.make:63：CMakeFiles/turtle_client.dir/src/turtle_client.cpp.o] 错误 1
[1.539s] make[1]: *** [CMakeFiles/Makefile2:80：CMakeFiles/turtle_client.dir/all] 错误 2
[1.539s] make: *** [Makefile:141：all] 错误 2
[1.541s] Invoked command in '/mnt/sda2/code/ros2/work_1/build/cpp_service' returned '2': AMENT_PREFIX_PATH=/mnt/sda2/code/ros2/work_1/install/interface:${AMENT_PREFIX_PATH} CMAKE_PREFIX_PATH=/mnt/sda2/code/ros2/work_1/install/interface:/opt/ros/foxy LD_LIBRARY_PATH=/mnt/sda2/code/ros2/work_1/install/interface/lib:${LD_LIBRARY_PATH} PYTHONPATH=/mnt/sda2/code/ros2/work_1/install/interface/lib/python3.8/site-packages:${PYTHONPATH} /usr/bin/cmake --build /mnt/sda2/code/ros2/work_1/build/cpp_service -- -j24 -l24
