[0.007s] Invoking command in '/mnt/sda2/code/ros2/work_2/build/fishbot_description': CMAKE_PREFIX_PATH=${CMAKE_PREFIX_PATH}:/opt/ros/foxy /usr/bin/cmake --build /mnt/sda2/code/ros2/work_2/build/fishbot_description -- -j24 -l24
[0.032s] Invoked command in '/mnt/sda2/code/ros2/work_2/build/fishbot_description' returned '0': CMAKE_PREFIX_PATH=${CMAKE_PREFIX_PATH}:/opt/ros/foxy /usr/bin/cmake --build /mnt/sda2/code/ros2/work_2/build/fishbot_description -- -j24 -l24
[0.066s] Invoking command in '/mnt/sda2/code/ros2/work_2/build/fishbot_description': CMAKE_PREFIX_PATH=${CMAKE_PREFIX_PATH}:/opt/ros/foxy /usr/bin/cmake --install /mnt/sda2/code/ros2/work_2/build/fishbot_description
[0.074s] -- Install configuration: ""
[0.075s] -- Up-to-date: /mnt/sda2/code/ros2/work_2/install/fishbot_description/share/fishbot_description/launch
[0.075s] -- Installing: /mnt/sda2/code/ros2/work_2/install/fishbot_description/share/fishbot_description/launch/display_robot.launch.py
[0.075s] -- Up-to-date: /mnt/sda2/code/ros2/work_2/install/fishbot_description/share/fishbot_description/urdf
[0.075s] -- Up-to-date: /mnt/sda2/code/ros2/work_2/install/fishbot_description/share/fishbot_description/urdf/first_robot.urdf
[0.075s] -- Up-to-date: /mnt/sda2/code/ros2/work_2/install/fishbot_description/share/fishbot_description/config
[0.075s] -- Installing: /mnt/sda2/code/ros2/work_2/install/fishbot_description/share/fishbot_description/config/diplay_rviz_config.rviz
[0.075s] -- Up-to-date: /mnt/sda2/code/ros2/work_2/install/fishbot_description/share/ament_index/resource_index/package_run_dependencies/fishbot_description
[0.075s] -- Up-to-date: /mnt/sda2/code/ros2/work_2/install/fishbot_description/share/ament_index/resource_index/parent_prefix_path/fishbot_description
[0.075s] -- Up-to-date: /mnt/sda2/code/ros2/work_2/install/fishbot_description/share/fishbot_description/environment/ament_prefix_path.sh
[0.075s] -- Up-to-date: /mnt/sda2/code/ros2/work_2/install/fishbot_description/share/fishbot_description/environment/ament_prefix_path.dsv
[0.075s] -- Up-to-date: /mnt/sda2/code/ros2/work_2/install/fishbot_description/share/fishbot_description/environment/path.sh
[0.076s] -- Up-to-date: /mnt/sda2/code/ros2/work_2/install/fishbot_description/share/fishbot_description/environment/path.dsv
[0.076s] -- Up-to-date: /mnt/sda2/code/ros2/work_2/install/fishbot_description/share/fishbot_description/local_setup.bash
[0.076s] -- Up-to-date: /mnt/sda2/code/ros2/work_2/install/fishbot_description/share/fishbot_description/local_setup.sh
[0.076s] -- Up-to-date: /mnt/sda2/code/ros2/work_2/install/fishbot_description/share/fishbot_description/local_setup.zsh
[0.076s] -- Up-to-date: /mnt/sda2/code/ros2/work_2/install/fishbot_description/share/fishbot_description/local_setup.dsv
[0.076s] -- Installing: /mnt/sda2/code/ros2/work_2/install/fishbot_description/share/fishbot_description/package.dsv
[0.076s] -- Up-to-date: /mnt/sda2/code/ros2/work_2/install/fishbot_description/share/ament_index/resource_index/packages/fishbot_description
[0.076s] -- Up-to-date: /mnt/sda2/code/ros2/work_2/install/fishbot_description/share/fishbot_description/cmake/fishbot_descriptionConfig.cmake
[0.076s] -- Up-to-date: /mnt/sda2/code/ros2/work_2/install/fishbot_description/share/fishbot_description/cmake/fishbot_descriptionConfig-version.cmake
[0.076s] -- Up-to-date: /mnt/sda2/code/ros2/work_2/install/fishbot_description/share/fishbot_description/package.xml
[0.078s] Invoked command in '/mnt/sda2/code/ros2/work_2/build/fishbot_description' returned '0': CMAKE_PREFIX_PATH=${CMAKE_PREFIX_PATH}:/opt/ros/foxy /usr/bin/cmake --install /mnt/sda2/code/ros2/work_2/build/fishbot_description
