-- The C compiler identification is GNU 9.4.0
-- The CXX compiler identification is GNU 9.4.0
-- Check for working C compiler: /usr/bin/cc
-- Check for working C compiler: /usr/bin/cc -- works
-- Detecting C compiler ABI info
-- Detecting C compiler ABI info - done
-- Detecting C compile features
-- Detecting C compile features - done
-- Check for working CXX compiler: /usr/bin/c++
-- Check for working CXX compiler: /usr/bin/c++ -- works
-- Detecting CXX compiler ABI info
-- Detecting CXX compiler ABI info - done
-- Detecting CXX compile features
-- Detecting CXX compile features - done
-- Found ament_cmake: 0.9.12 (/opt/ros/foxy/share/ament_cmake/cmake)
-- Found PythonInterp: /usr/bin/python3 (found suitable version "3.8.10", minimum required is "3") 
-- Using PYTHON_EXECUTABLE: /usr/bin/python3
-- Found rosidl_default_generators: 1.0.1 (/opt/ros/foxy/share/rosidl_default_generators/cmake)
-- Using all available rosidl_typesupport_c: rosidl_typesupport_fastrtps_c;rosidl_typesupport_introspection_c
-- Found rosidl_adapter: 1.3.1 (/opt/ros/foxy/share/rosidl_adapter/cmake)
-- Found OpenSSL: /usr/lib/x86_64-linux-gnu/libcrypto.so (found version "1.1.1f")  
-- Found FastRTPS: /opt/ros/foxy/include  
-- Using all available rosidl_typesupport_cpp: rosidl_typesupport_fastrtps_cpp;rosidl_typesupport_introspection_cpp
-- Found PythonInterp: /usr/bin/python3 (found version "3.8.10") 
-- Found ament_cmake_ros: 0.9.2 (/opt/ros/foxy/share/ament_cmake_ros/cmake)
-- Using all available rosidl_typesupport_c: rosidl_typesupport_fastrtps_c;rosidl_typesupport_introspection_c
-- Using all available rosidl_typesupport_cpp: rosidl_typesupport_fastrtps_cpp;rosidl_typesupport_introspection_cpp
-- Found PythonInterp: /usr/bin/python3 (found suitable version "3.8.10", minimum required is "3.5") 
-- Found python_cmake_module: 0.8.1 (/opt/ros/foxy/share/python_cmake_module/cmake)
-- Found PythonLibs: /usr/lib/x86_64-linux-gnu/libpython3.8.so (found suitable version "3.8.10", minimum required is "3.5") 
-- Using PYTHON_EXECUTABLE: /usr/bin/python3
-- Using PYTHON_INCLUDE_DIRS: /usr/include/python3.8
-- Using PYTHON_LIBRARIES: /usr/lib/x86_64-linux-gnu/libpython3.8.so
-- Found PythonExtra: .so  
-- Found ament_lint_auto: 0.9.8 (/opt/ros/foxy/share/ament_lint_auto/cmake)
-- Added test 'copyright' to check source files copyright and LICENSE
-- Added test 'lint_cmake' to check CMake code style
-- Added test 'xmllint' to check XML markup files
-- Configuring done
-- Generating done
-- Build files have been written to: /mnt/sda2/code/ros2/work_1/build/interface
[  3%] [34m[1mGenerating C code for ROS interfaces[0m
[35m[1mScanning dependencies of target interface__cpp[0m
[  6%] [34m[1mGenerating C++ code for ROS interfaces[0m
[35m[1mScanning dependencies of target interface__rosidl_generator_c[0m
[  9%] [32mBuilding C object CMakeFiles/interface__rosidl_generator_c.dir/rosidl_generator_c/interface/srv/detail/partol__functions.c.o[0m
[  9%] Built target interface__cpp
[ 19%] [34m[1mGenerating C++ type support for eProsima Fast-RTPS[0m
[ 19%] [34m[1mGenerating C++ introspection for ROS interfaces[0m
[ 19%] [34m[1mGenerating C++ type support dispatch for ROS interfaces[0m
[ 22%] [32m[1mLinking C shared library libinterface__rosidl_generator_c.so[0m
[ 22%] Built target interface__rosidl_generator_c
[ 29%] [34m[1mGenerating C introspection for ROS interfaces[0m
[ 29%] [34m[1mGenerating C type support dispatch for ROS interfaces[0m
[35m[1mScanning dependencies of target interface__rosidl_typesupport_cpp[0m
[ 32%] [32mBuilding CXX object CMakeFiles/interface__rosidl_typesupport_cpp.dir/rosidl_typesupport_cpp/interface/srv/partol__type_support.cpp.o[0m
[35m[1mScanning dependencies of target interface__rosidl_typesupport_introspection_cpp[0m
[35m[1mScanning dependencies of target interface__rosidl_typesupport_fastrtps_cpp[0m
[ 35%] [32mBuilding CXX object CMakeFiles/interface__rosidl_typesupport_introspection_cpp.dir/rosidl_typesupport_introspection_cpp/interface/srv/detail/partol__type_support.cpp.o[0m
[ 38%] [32mBuilding CXX object CMakeFiles/interface__rosidl_typesupport_fastrtps_cpp.dir/rosidl_typesupport_fastrtps_cpp/interface/srv/detail/dds_fastrtps/partol__type_support.cpp.o[0m
[35m[1mScanning dependencies of target interface__rosidl_typesupport_c[0m
[ 41%] [32mBuilding CXX object CMakeFiles/interface__rosidl_typesupport_c.dir/rosidl_typesupport_c/interface/srv/partol__type_support.cpp.o[0m
[35m[1mScanning dependencies of target interface__rosidl_typesupport_introspection_c[0m
[ 45%] [32mBuilding C object CMakeFiles/interface__rosidl_typesupport_introspection_c.dir/rosidl_typesupport_introspection_c/interface/srv/detail/partol__type_support.c.o[0m
[ 48%] [32m[1mLinking CXX shared library libinterface__rosidl_typesupport_c.so[0m
[ 51%] [32m[1mLinking C shared library libinterface__rosidl_typesupport_introspection_c.so[0m
[ 51%] Built target interface__rosidl_typesupport_c
[ 51%] Built target interface__rosidl_typesupport_introspection_c
[ 54%] [32m[1mLinking CXX shared library libinterface__rosidl_typesupport_cpp.so[0m
[ 58%] [32m[1mLinking CXX shared library libinterface__rosidl_typesupport_introspection_cpp.so[0m
[ 58%] Built target interface__rosidl_typesupport_cpp
[ 58%] Built target interface__rosidl_typesupport_introspection_cpp
[ 61%] [32m[1mLinking CXX shared library libinterface__rosidl_typesupport_fastrtps_cpp.so[0m
[ 61%] Built target interface__rosidl_typesupport_fastrtps_cpp
[ 64%] [34m[1mGenerating C type support for eProsima Fast-RTPS[0m
[35m[1mScanning dependencies of target interface__rosidl_typesupport_fastrtps_c[0m
[ 67%] [32mBuilding CXX object CMakeFiles/interface__rosidl_typesupport_fastrtps_c.dir/rosidl_typesupport_fastrtps_c/interface/srv/detail/partol__type_support_c.cpp.o[0m
[ 70%] [32m[1mLinking CXX shared library libinterface__rosidl_typesupport_fastrtps_c.so[0m
[ 70%] Built target interface__rosidl_typesupport_fastrtps_c
[35m[1mScanning dependencies of target interface[0m
[ 70%] Built target interface
[35m[1mScanning dependencies of target interface__py[0m
[ 74%] [34m[1mGenerating Python code for ROS interfaces[0m
[ 74%] Built target interface__py
[35m[1mScanning dependencies of target interface__python[0m
[ 77%] [32mBuilding C object CMakeFiles/interface__python.dir/rosidl_generator_py/interface/srv/_partol_s.c.o[0m
[ 80%] [32m[1mLinking C shared library rosidl_generator_py/interface/libinterface__python.so[0m
[ 80%] Built target interface__python
[35m[1mScanning dependencies of target interface__rosidl_typesupport_c__pyext[0m
[35m[1mScanning dependencies of target interface__rosidl_typesupport_introspection_c__pyext[0m
[35m[1mScanning dependencies of target interface__rosidl_typesupport_fastrtps_c__pyext[0m
[ 87%] [32mBuilding C object CMakeFiles/interface__rosidl_typesupport_introspection_c__pyext.dir/rosidl_generator_py/interface/_interface_s.ep.rosidl_typesupport_introspection_c.c.o[0m
[ 87%] [32mBuilding C object CMakeFiles/interface__rosidl_typesupport_c__pyext.dir/rosidl_generator_py/interface/_interface_s.ep.rosidl_typesupport_c.c.o[0m
[ 90%] [32mBuilding C object CMakeFiles/interface__rosidl_typesupport_fastrtps_c__pyext.dir/rosidl_generator_py/interface/_interface_s.ep.rosidl_typesupport_fastrtps_c.c.o[0m
[ 96%] [32m[1mLinking C shared library rosidl_generator_py/interface/interface_s__rosidl_typesupport_introspection_c.cpython-38-x86_64-linux-gnu.so[0m
[ 96%] [32m[1mLinking C shared library rosidl_generator_py/interface/interface_s__rosidl_typesupport_c.cpython-38-x86_64-linux-gnu.so[0m
[100%] [32m[1mLinking CXX shared library rosidl_generator_py/interface/interface_s__rosidl_typesupport_fastrtps_c.cpython-38-x86_64-linux-gnu.so[0m
[100%] Built target interface__rosidl_typesupport_introspection_c__pyext
[100%] Built target interface__rosidl_typesupport_c__pyext
[100%] Built target interface__rosidl_typesupport_fastrtps_c__pyext
-- Install configuration: ""
-- Installing: /mnt/sda2/code/ros2/work_1/install/interface/share/ament_index/resource_index/rosidl_interfaces/interface
-- Installing: /mnt/sda2/code/ros2/work_1/install/interface/include/interface
-- Installing: /mnt/sda2/code/ros2/work_1/install/interface/include/interface/srv
-- Installing: /mnt/sda2/code/ros2/work_1/install/interface/include/interface/srv/detail
-- Installing: /mnt/sda2/code/ros2/work_1/install/interface/include/interface/srv/detail/partol__type_support.h
-- Installing: /mnt/sda2/code/ros2/work_1/install/interface/include/interface/srv/detail/partol__functions.h
-- Installing: /mnt/sda2/code/ros2/work_1/install/interface/include/interface/srv/detail/partol__struct.h
-- Installing: /mnt/sda2/code/ros2/work_1/install/interface/include/interface/srv/detail/partol__functions.c
-- Installing: /mnt/sda2/code/ros2/work_1/install/interface/include/interface/srv/partol.h
-- Installing: /mnt/sda2/code/ros2/work_1/install/interface/include/interface/msg
-- Installing: /mnt/sda2/code/ros2/work_1/install/interface/include/interface/msg/rosidl_generator_c__visibility_control.h
-- Installing: /mnt/sda2/code/ros2/work_1/install/interface/share/interface/environment/library_path.sh
-- Installing: /mnt/sda2/code/ros2/work_1/install/interface/share/interface/environment/library_path.dsv
-- Installing: /mnt/sda2/code/ros2/work_1/install/interface/lib/libinterface__rosidl_generator_c.so
-- Set runtime path of "/mnt/sda2/code/ros2/work_1/install/interface/lib/libinterface__rosidl_generator_c.so" to ""
-- Up-to-date: /mnt/sda2/code/ros2/work_1/install/interface/include/interface
-- Up-to-date: /mnt/sda2/code/ros2/work_1/install/interface/include/interface/srv
-- Up-to-date: /mnt/sda2/code/ros2/work_1/install/interface/include/interface/srv/detail
-- Installing: /mnt/sda2/code/ros2/work_1/install/interface/include/interface/srv/detail/partol__rosidl_typesupport_fastrtps_c.h
-- Up-to-date: /mnt/sda2/code/ros2/work_1/install/interface/include/interface/msg
-- Installing: /mnt/sda2/code/ros2/work_1/install/interface/include/interface/msg/rosidl_typesupport_fastrtps_c__visibility_control.h
-- Installing: /mnt/sda2/code/ros2/work_1/install/interface/lib/libinterface__rosidl_typesupport_fastrtps_c.so
-- Set runtime path of "/mnt/sda2/code/ros2/work_1/install/interface/lib/libinterface__rosidl_typesupport_fastrtps_c.so" to ""
-- Up-to-date: /mnt/sda2/code/ros2/work_1/install/interface/include/interface
-- Up-to-date: /mnt/sda2/code/ros2/work_1/install/interface/include/interface/srv
-- Up-to-date: /mnt/sda2/code/ros2/work_1/install/interface/include/interface/srv/detail
-- Installing: /mnt/sda2/code/ros2/work_1/install/interface/include/interface/srv/detail/dds_fastrtps
-- Installing: /mnt/sda2/code/ros2/work_1/install/interface/include/interface/srv/detail/partol__rosidl_typesupport_fastrtps_cpp.hpp
-- Up-to-date: /mnt/sda2/code/ros2/work_1/install/interface/include/interface/msg
-- Installing: /mnt/sda2/code/ros2/work_1/install/interface/include/interface/msg/rosidl_typesupport_fastrtps_cpp__visibility_control.h
-- Installing: /mnt/sda2/code/ros2/work_1/install/interface/lib/libinterface__rosidl_typesupport_fastrtps_cpp.so
-- Set runtime path of "/mnt/sda2/code/ros2/work_1/install/interface/lib/libinterface__rosidl_typesupport_fastrtps_cpp.so" to ""
-- Up-to-date: /mnt/sda2/code/ros2/work_1/install/interface/include/interface
-- Up-to-date: /mnt/sda2/code/ros2/work_1/install/interface/include/interface/srv
-- Up-to-date: /mnt/sda2/code/ros2/work_1/install/interface/include/interface/srv/detail
-- Installing: /mnt/sda2/code/ros2/work_1/install/interface/include/interface/srv/detail/partol__type_support.c
-- Installing: /mnt/sda2/code/ros2/work_1/install/interface/include/interface/srv/detail/partol__rosidl_typesupport_introspection_c.h
-- Up-to-date: /mnt/sda2/code/ros2/work_1/install/interface/include/interface/msg
-- Installing: /mnt/sda2/code/ros2/work_1/install/interface/include/interface/msg/rosidl_typesupport_introspection_c__visibility_control.h
-- Installing: /mnt/sda2/code/ros2/work_1/install/interface/lib/libinterface__rosidl_typesupport_introspection_c.so
-- Set runtime path of "/mnt/sda2/code/ros2/work_1/install/interface/lib/libinterface__rosidl_typesupport_introspection_c.so" to ""
-- Installing: /mnt/sda2/code/ros2/work_1/install/interface/lib/libinterface__rosidl_typesupport_c.so
-- Set runtime path of "/mnt/sda2/code/ros2/work_1/install/interface/lib/libinterface__rosidl_typesupport_c.so" to ""
-- Up-to-date: /mnt/sda2/code/ros2/work_1/install/interface/include/interface
-- Up-to-date: /mnt/sda2/code/ros2/work_1/install/interface/include/interface/srv
-- Installing: /mnt/sda2/code/ros2/work_1/install/interface/include/interface/srv/partol.hpp
-- Up-to-date: /mnt/sda2/code/ros2/work_1/install/interface/include/interface/srv/detail
-- Installing: /mnt/sda2/code/ros2/work_1/install/interface/include/interface/srv/detail/partol__struct.hpp
-- Installing: /mnt/sda2/code/ros2/work_1/install/interface/include/interface/srv/detail/partol__builder.hpp
-- Installing: /mnt/sda2/code/ros2/work_1/install/interface/include/interface/srv/detail/partol__type_support.hpp
-- Installing: /mnt/sda2/code/ros2/work_1/install/interface/include/interface/srv/detail/partol__traits.hpp
-- Up-to-date: /mnt/sda2/code/ros2/work_1/install/interface/include/interface/msg
-- Installing: /mnt/sda2/code/ros2/work_1/install/interface/include/interface/msg/rosidl_generator_cpp__visibility_control.hpp
-- Up-to-date: /mnt/sda2/code/ros2/work_1/install/interface/include/interface
-- Up-to-date: /mnt/sda2/code/ros2/work_1/install/interface/include/interface/srv
-- Up-to-date: /mnt/sda2/code/ros2/work_1/install/interface/include/interface/srv/detail
-- Installing: /mnt/sda2/code/ros2/work_1/install/interface/include/interface/srv/detail/partol__rosidl_typesupport_introspection_cpp.hpp
-- Installing: /mnt/sda2/code/ros2/work_1/install/interface/include/interface/srv/detail/partol__type_support.cpp
-- Installing: /mnt/sda2/code/ros2/work_1/install/interface/lib/libinterface__rosidl_typesupport_introspection_cpp.so
-- Set runtime path of "/mnt/sda2/code/ros2/work_1/install/interface/lib/libinterface__rosidl_typesupport_introspection_cpp.so" to ""
-- Installing: /mnt/sda2/code/ros2/work_1/install/interface/lib/libinterface__rosidl_typesupport_cpp.so
-- Set runtime path of "/mnt/sda2/code/ros2/work_1/install/interface/lib/libinterface__rosidl_typesupport_cpp.so" to ""
-- Installing: /mnt/sda2/code/ros2/work_1/install/interface/share/interface/environment/pythonpath.sh
-- Installing: /mnt/sda2/code/ros2/work_1/install/interface/share/interface/environment/pythonpath.dsv
-- Installing: /mnt/sda2/code/ros2/work_1/install/interface/lib/python3.8/site-packages/interface/__init__.py
Compiling '/mnt/sda2/code/ros2/work_1/install/interface/lib/python3.8/site-packages/interface/__init__.py'...
-- Installing: /mnt/sda2/code/ros2/work_1/install/interface/lib/python3.8/site-packages/interface/srv
-- Installing: /mnt/sda2/code/ros2/work_1/install/interface/lib/python3.8/site-packages/interface/srv/_partol_s.c
-- Installing: /mnt/sda2/code/ros2/work_1/install/interface/lib/python3.8/site-packages/interface/srv/_partol.py
-- Installing: /mnt/sda2/code/ros2/work_1/install/interface/lib/python3.8/site-packages/interface/srv/__init__.py
-- Installing: /mnt/sda2/code/ros2/work_1/install/interface/lib/python3.8/site-packages/interface/interface_s__rosidl_typesupport_fastrtps_c.cpython-38-x86_64-linux-gnu.so
-- Set runtime path of "/mnt/sda2/code/ros2/work_1/install/interface/lib/python3.8/site-packages/interface/interface_s__rosidl_typesupport_fastrtps_c.cpython-38-x86_64-linux-gnu.so" to ""
-- Installing: /mnt/sda2/code/ros2/work_1/install/interface/lib/python3.8/site-packages/interface/interface_s__rosidl_typesupport_introspection_c.cpython-38-x86_64-linux-gnu.so
-- Set runtime path of "/mnt/sda2/code/ros2/work_1/install/interface/lib/python3.8/site-packages/interface/interface_s__rosidl_typesupport_introspection_c.cpython-38-x86_64-linux-gnu.so" to ""
-- Installing: /mnt/sda2/code/ros2/work_1/install/interface/lib/python3.8/site-packages/interface/interface_s__rosidl_typesupport_c.cpython-38-x86_64-linux-gnu.so
-- Set runtime path of "/mnt/sda2/code/ros2/work_1/install/interface/lib/python3.8/site-packages/interface/interface_s__rosidl_typesupport_c.cpython-38-x86_64-linux-gnu.so" to ""
-- Installing: /mnt/sda2/code/ros2/work_1/install/interface/lib/libinterface__python.so
-- Set runtime path of "/mnt/sda2/code/ros2/work_1/install/interface/lib/libinterface__python.so" to ""
-- Installing: /mnt/sda2/code/ros2/work_1/install/interface/share/interface/srv/Partol.idl
-- Installing: /mnt/sda2/code/ros2/work_1/install/interface/share/interface/srv/Partol.srv
-- Installing: /mnt/sda2/code/ros2/work_1/install/interface/share/interface/srv/Partol_Request.msg
-- Installing: /mnt/sda2/code/ros2/work_1/install/interface/share/interface/srv/Partol_Response.msg
-- Installing: /mnt/sda2/code/ros2/work_1/install/interface/share/ament_index/resource_index/package_run_dependencies/interface
-- Installing: /mnt/sda2/code/ros2/work_1/install/interface/share/ament_index/resource_index/parent_prefix_path/interface
-- Installing: /mnt/sda2/code/ros2/work_1/install/interface/share/interface/environment/ament_prefix_path.sh
-- Installing: /mnt/sda2/code/ros2/work_1/install/interface/share/interface/environment/ament_prefix_path.dsv
-- Installing: /mnt/sda2/code/ros2/work_1/install/interface/share/interface/environment/path.sh
-- Installing: /mnt/sda2/code/ros2/work_1/install/interface/share/interface/environment/path.dsv
-- Installing: /mnt/sda2/code/ros2/work_1/install/interface/share/interface/local_setup.bash
-- Installing: /mnt/sda2/code/ros2/work_1/install/interface/share/interface/local_setup.sh
-- Installing: /mnt/sda2/code/ros2/work_1/install/interface/share/interface/local_setup.zsh
-- Installing: /mnt/sda2/code/ros2/work_1/install/interface/share/interface/local_setup.dsv
-- Installing: /mnt/sda2/code/ros2/work_1/install/interface/share/interface/package.dsv
-- Installing: /mnt/sda2/code/ros2/work_1/install/interface/share/ament_index/resource_index/packages/interface
-- Installing: /mnt/sda2/code/ros2/work_1/install/interface/share/interface/cmake/interface__rosidl_generator_cExport.cmake
-- Installing: /mnt/sda2/code/ros2/work_1/install/interface/share/interface/cmake/interface__rosidl_generator_cExport-noconfig.cmake
-- Installing: /mnt/sda2/code/ros2/work_1/install/interface/share/interface/cmake/interface__rosidl_typesupport_introspection_cExport.cmake
-- Installing: /mnt/sda2/code/ros2/work_1/install/interface/share/interface/cmake/interface__rosidl_typesupport_introspection_cExport-noconfig.cmake
-- Installing: /mnt/sda2/code/ros2/work_1/install/interface/share/interface/cmake/interface__rosidl_typesupport_cExport.cmake
-- Installing: /mnt/sda2/code/ros2/work_1/install/interface/share/interface/cmake/interface__rosidl_typesupport_cExport-noconfig.cmake
-- Installing: /mnt/sda2/code/ros2/work_1/install/interface/share/interface/cmake/interface__rosidl_generator_cppExport.cmake
-- Installing: /mnt/sda2/code/ros2/work_1/install/interface/share/interface/cmake/interface__rosidl_typesupport_introspection_cppExport.cmake
-- Installing: /mnt/sda2/code/ros2/work_1/install/interface/share/interface/cmake/interface__rosidl_typesupport_introspection_cppExport-noconfig.cmake
-- Installing: /mnt/sda2/code/ros2/work_1/install/interface/share/interface/cmake/interface__rosidl_typesupport_cppExport.cmake
-- Installing: /mnt/sda2/code/ros2/work_1/install/interface/share/interface/cmake/interface__rosidl_typesupport_cppExport-noconfig.cmake
-- Installing: /mnt/sda2/code/ros2/work_1/install/interface/share/interface/cmake/rosidl_cmake-extras.cmake
-- Installing: /mnt/sda2/code/ros2/work_1/install/interface/share/interface/cmake/ament_cmake_export_dependencies-extras.cmake
-- Installing: /mnt/sda2/code/ros2/work_1/install/interface/share/interface/cmake/ament_cmake_export_libraries-extras.cmake
-- Installing: /mnt/sda2/code/ros2/work_1/install/interface/share/interface/cmake/ament_cmake_export_targets-extras.cmake
-- Installing: /mnt/sda2/code/ros2/work_1/install/interface/share/interface/cmake/ament_cmake_export_include_directories-extras.cmake
-- Installing: /mnt/sda2/code/ros2/work_1/install/interface/share/interface/cmake/rosidl_cmake_export_typesupport_libraries-extras.cmake
-- Installing: /mnt/sda2/code/ros2/work_1/install/interface/share/interface/cmake/rosidl_cmake_export_typesupport_targets-extras.cmake
-- Installing: /mnt/sda2/code/ros2/work_1/install/interface/share/interface/cmake/interfaceConfig.cmake
-- Installing: /mnt/sda2/code/ros2/work_1/install/interface/share/interface/cmake/interfaceConfig-version.cmake
-- Installing: /mnt/sda2/code/ros2/work_1/install/interface/share/interface/package.xml
