[0.007s] Invoking command in '/mnt/sda2/code/ros2/work_1/build/interface': CMAKE_PREFIX_PATH=${CMAKE_PREFIX_PATH}:/opt/ros/foxy /usr/bin/cmake /mnt/sda2/code/ros2/work_1/src/interface -DCMAKE_INSTALL_PREFIX=/mnt/sda2/code/ros2/work_1/install/interface
[0.049s] -- The C compiler identification is GNU 9.4.0
[0.084s] -- The CXX compiler identification is GNU 9.4.0
[0.088s] -- Check for working C compiler: /usr/bin/cc
[0.151s] -- Check for working C compiler: /usr/bin/cc -- works
[0.153s] -- Detecting C compiler ABI info
[0.225s] -- Detecting C compiler ABI info - done
[0.232s] -- Detecting C compile features
[0.233s] -- Detecting C compile features - done
[0.234s] -- Check for working CXX compiler: /usr/bin/c++
[0.309s] -- Check for working CXX compiler: /usr/bin/c++ -- works
[0.310s] -- Detecting CXX compiler ABI info
[0.384s] -- Detecting CXX compiler ABI info - done
[0.392s] -- Detecting CXX compile features
[0.392s] -- Detecting CXX compile features - done
[0.395s] -- Found ament_cmake: 0.9.12 (/opt/ros/foxy/share/ament_cmake/cmake)
[0.414s] -- Found PythonInterp: /usr/bin/python3 (found suitable version "3.8.10", minimum required is "3") 
[0.414s] -- Using PYTHON_EXECUTABLE: /usr/bin/python3
[0.562s] -- Found rosidl_default_generators: 1.0.1 (/opt/ros/foxy/share/rosidl_default_generators/cmake)
[0.564s] -- Using all available rosidl_typesupport_c: rosidl_typesupport_fastrtps_c;rosidl_typesupport_introspection_c
[0.568s] -- Found rosidl_adapter: 1.3.1 (/opt/ros/foxy/share/rosidl_adapter/cmake)
[0.646s] -- Found OpenSSL: /usr/lib/x86_64-linux-gnu/libcrypto.so (found version "1.1.1f")  
[0.666s] -- Found FastRTPS: /opt/ros/foxy/include  
[0.718s] -- Using all available rosidl_typesupport_cpp: rosidl_typesupport_fastrtps_cpp;rosidl_typesupport_introspection_cpp
[0.749s] -- Found PythonInterp: /usr/bin/python3 (found version "3.8.10") 
[0.831s] -- Found ament_cmake_ros: 0.9.2 (/opt/ros/foxy/share/ament_cmake_ros/cmake)
[0.899s] -- Using all available rosidl_typesupport_c: rosidl_typesupport_fastrtps_c;rosidl_typesupport_introspection_c
[0.904s] -- Using all available rosidl_typesupport_cpp: rosidl_typesupport_fastrtps_cpp;rosidl_typesupport_introspection_cpp
[0.920s] -- Found PythonInterp: /usr/bin/python3 (found suitable version "3.8.10", minimum required is "3.5") 
[0.920s] -- Found python_cmake_module: 0.8.1 (/opt/ros/foxy/share/python_cmake_module/cmake)
[0.941s] -- Found PythonLibs: /usr/lib/x86_64-linux-gnu/libpython3.8.so (found suitable version "3.8.10", minimum required is "3.5") 
[0.941s] -- Using PYTHON_EXECUTABLE: /usr/bin/python3
[0.941s] -- Using PYTHON_INCLUDE_DIRS: /usr/include/python3.8
[0.942s] -- Using PYTHON_LIBRARIES: /usr/lib/x86_64-linux-gnu/libpython3.8.so
[0.960s] -- Found PythonExtra: .so  
[1.165s] -- Found ament_lint_auto: 0.9.8 (/opt/ros/foxy/share/ament_lint_auto/cmake)
[1.177s] -- Added test 'copyright' to check source files copyright and LICENSE
[1.179s] -- Added test 'lint_cmake' to check CMake code style
[1.180s] -- Added test 'xmllint' to check XML markup files
[1.184s] -- Configuring done
[1.203s] -- Generating done
[1.205s] -- Build files have been written to: /mnt/sda2/code/ros2/work_1/build/interface
[1.209s] Invoked command in '/mnt/sda2/code/ros2/work_1/build/interface' returned '0': CMAKE_PREFIX_PATH=${CMAKE_PREFIX_PATH}:/opt/ros/foxy /usr/bin/cmake /mnt/sda2/code/ros2/work_1/src/interface -DCMAKE_INSTALL_PREFIX=/mnt/sda2/code/ros2/work_1/install/interface
[1.211s] Invoking command in '/mnt/sda2/code/ros2/work_1/build/interface': CMAKE_PREFIX_PATH=${CMAKE_PREFIX_PATH}:/opt/ros/foxy /usr/bin/cmake --build /mnt/sda2/code/ros2/work_1/build/interface -- -j24 -l24
[1.240s] [  3%] [34m[1mGenerating C code for ROS interfaces[0m
[1.240s] [35m[1mScanning dependencies of target interface__cpp[0m
[1.246s] [  6%] [34m[1mGenerating C++ code for ROS interfaces[0m
[1.400s] [35m[1mScanning dependencies of target interface__rosidl_generator_c[0m
[1.408s] [  9%] [32mBuilding C object CMakeFiles/interface__rosidl_generator_c.dir/rosidl_generator_c/interface/srv/detail/partol__functions.c.o[0m
[1.409s] [  9%] Built target interface__cpp
[1.415s] [ 19%] [34m[1mGenerating C++ type support for eProsima Fast-RTPS[0m
[1.415s] [ 19%] [34m[1mGenerating C++ introspection for ROS interfaces[0m
[1.415s] [ 19%] [34m[1mGenerating C++ type support dispatch for ROS interfaces[0m
[1.443s] [ 22%] [32m[1mLinking C shared library libinterface__rosidl_generator_c.so[0m
[1.466s] [ 22%] Built target interface__rosidl_generator_c
[1.472s] [ 29%] [34m[1mGenerating C introspection for ROS interfaces[0m
[1.472s] [ 29%] [34m[1mGenerating C type support dispatch for ROS interfaces[0m
[1.555s] [35m[1mScanning dependencies of target interface__rosidl_typesupport_cpp[0m
[1.563s] [ 32%] [32mBuilding CXX object CMakeFiles/interface__rosidl_typesupport_cpp.dir/rosidl_typesupport_cpp/interface/srv/partol__type_support.cpp.o[0m
[1.564s] [35m[1mScanning dependencies of target interface__rosidl_typesupport_introspection_cpp[0m
[1.571s] [35m[1mScanning dependencies of target interface__rosidl_typesupport_fastrtps_cpp[0m
[1.572s] [ 35%] [32mBuilding CXX object CMakeFiles/interface__rosidl_typesupport_introspection_cpp.dir/rosidl_typesupport_introspection_cpp/interface/srv/detail/partol__type_support.cpp.o[0m
[1.583s] [ 38%] [32mBuilding CXX object CMakeFiles/interface__rosidl_typesupport_fastrtps_cpp.dir/rosidl_typesupport_fastrtps_cpp/interface/srv/detail/dds_fastrtps/partol__type_support.cpp.o[0m
[1.614s] [35m[1mScanning dependencies of target interface__rosidl_typesupport_c[0m
[1.622s] [ 41%] [32mBuilding CXX object CMakeFiles/interface__rosidl_typesupport_c.dir/rosidl_typesupport_c/interface/srv/partol__type_support.cpp.o[0m
[1.626s] [35m[1mScanning dependencies of target interface__rosidl_typesupport_introspection_c[0m
[1.634s] [ 45%] [32mBuilding C object CMakeFiles/interface__rosidl_typesupport_introspection_c.dir/rosidl_typesupport_introspection_c/interface/srv/detail/partol__type_support.c.o[0m
[1.643s] [ 48%] [32m[1mLinking CXX shared library libinterface__rosidl_typesupport_c.so[0m
[1.656s] [ 51%] [32m[1mLinking C shared library libinterface__rosidl_typesupport_introspection_c.so[0m
[1.668s] [ 51%] Built target interface__rosidl_typesupport_c
[1.675s] [ 51%] Built target interface__rosidl_typesupport_introspection_c
[1.712s] [ 54%] [32m[1mLinking CXX shared library libinterface__rosidl_typesupport_cpp.so[0m
[1.724s] [ 58%] [32m[1mLinking CXX shared library libinterface__rosidl_typesupport_introspection_cpp.so[0m
[1.738s] [ 58%] Built target interface__rosidl_typesupport_cpp
[1.749s] [ 58%] Built target interface__rosidl_typesupport_introspection_cpp
[1.808s] [ 61%] [32m[1mLinking CXX shared library libinterface__rosidl_typesupport_fastrtps_cpp.so[0m
[1.860s] [ 61%] Built target interface__rosidl_typesupport_fastrtps_cpp
[1.867s] [ 64%] [34m[1mGenerating C type support for eProsima Fast-RTPS[0m
[2.023s] [35m[1mScanning dependencies of target interface__rosidl_typesupport_fastrtps_c[0m
[2.035s] [ 67%] [32mBuilding CXX object CMakeFiles/interface__rosidl_typesupport_fastrtps_c.dir/rosidl_typesupport_fastrtps_c/interface/srv/detail/partol__type_support_c.cpp.o[0m
[2.223s] [ 70%] [32m[1mLinking CXX shared library libinterface__rosidl_typesupport_fastrtps_c.so[0m
[2.274s] [ 70%] Built target interface__rosidl_typesupport_fastrtps_c
[2.280s] [35m[1mScanning dependencies of target interface[0m
[2.287s] [ 70%] Built target interface
[2.298s] [35m[1mScanning dependencies of target interface__py[0m
[2.312s] [ 74%] [34m[1mGenerating Python code for ROS interfaces[0m
[2.638s] [ 74%] Built target interface__py
[2.644s] [35m[1mScanning dependencies of target interface__python[0m
[2.657s] [ 77%] [32mBuilding C object CMakeFiles/interface__python.dir/rosidl_generator_py/interface/srv/_partol_s.c.o[0m
[2.714s] [ 80%] [32m[1mLinking C shared library rosidl_generator_py/interface/libinterface__python.so[0m
[2.741s] [ 80%] Built target interface__python
[2.748s] [35m[1mScanning dependencies of target interface__rosidl_typesupport_c__pyext[0m
[2.748s] [35m[1mScanning dependencies of target interface__rosidl_typesupport_introspection_c__pyext[0m
[2.748s] [35m[1mScanning dependencies of target interface__rosidl_typesupport_fastrtps_c__pyext[0m
[2.766s] [ 87%] [32mBuilding C object CMakeFiles/interface__rosidl_typesupport_introspection_c__pyext.dir/rosidl_generator_py/interface/_interface_s.ep.rosidl_typesupport_introspection_c.c.o[0m
[2.766s] [ 87%] [32mBuilding C object CMakeFiles/interface__rosidl_typesupport_c__pyext.dir/rosidl_generator_py/interface/_interface_s.ep.rosidl_typesupport_c.c.o[0m
[2.774s] [ 90%] [32mBuilding C object CMakeFiles/interface__rosidl_typesupport_fastrtps_c__pyext.dir/rosidl_generator_py/interface/_interface_s.ep.rosidl_typesupport_fastrtps_c.c.o[0m
[2.829s] [ 96%] [32m[1mLinking C shared library rosidl_generator_py/interface/interface_s__rosidl_typesupport_introspection_c.cpython-38-x86_64-linux-gnu.so[0m
[2.829s] [ 96%] [32m[1mLinking C shared library rosidl_generator_py/interface/interface_s__rosidl_typesupport_c.cpython-38-x86_64-linux-gnu.so[0m
[2.829s] [100%] [32m[1mLinking CXX shared library rosidl_generator_py/interface/interface_s__rosidl_typesupport_fastrtps_c.cpython-38-x86_64-linux-gnu.so[0m
[2.850s] [100%] Built target interface__rosidl_typesupport_introspection_c__pyext
[2.850s] [100%] Built target interface__rosidl_typesupport_c__pyext
[2.867s] [100%] Built target interface__rosidl_typesupport_fastrtps_c__pyext
[2.874s] Invoked command in '/mnt/sda2/code/ros2/work_1/build/interface' returned '0': CMAKE_PREFIX_PATH=${CMAKE_PREFIX_PATH}:/opt/ros/foxy /usr/bin/cmake --build /mnt/sda2/code/ros2/work_1/build/interface -- -j24 -l24
[2.936s] Invoking command in '/mnt/sda2/code/ros2/work_1/build/interface': CMAKE_PREFIX_PATH=${CMAKE_PREFIX_PATH}:/opt/ros/foxy /usr/bin/cmake --install /mnt/sda2/code/ros2/work_1/build/interface
[2.942s] -- Install configuration: ""
[2.942s] -- Installing: /mnt/sda2/code/ros2/work_1/install/interface/share/ament_index/resource_index/rosidl_interfaces/interface
[2.942s] -- Installing: /mnt/sda2/code/ros2/work_1/install/interface/include/interface
[2.942s] -- Installing: /mnt/sda2/code/ros2/work_1/install/interface/include/interface/srv
[2.942s] -- Installing: /mnt/sda2/code/ros2/work_1/install/interface/include/interface/srv/detail
[2.942s] -- Installing: /mnt/sda2/code/ros2/work_1/install/interface/include/interface/srv/detail/partol__type_support.h
[2.943s] -- Installing: /mnt/sda2/code/ros2/work_1/install/interface/include/interface/srv/detail/partol__functions.h
[2.943s] -- Installing: /mnt/sda2/code/ros2/work_1/install/interface/include/interface/srv/detail/partol__struct.h
[2.943s] -- Installing: /mnt/sda2/code/ros2/work_1/install/interface/include/interface/srv/detail/partol__functions.c
[2.943s] -- Installing: /mnt/sda2/code/ros2/work_1/install/interface/include/interface/srv/partol.h
[2.943s] -- Installing: /mnt/sda2/code/ros2/work_1/install/interface/include/interface/msg
[2.943s] -- Installing: /mnt/sda2/code/ros2/work_1/install/interface/include/interface/msg/rosidl_generator_c__visibility_control.h
[2.943s] -- Installing: /mnt/sda2/code/ros2/work_1/install/interface/share/interface/environment/library_path.sh
[2.943s] -- Installing: /mnt/sda2/code/ros2/work_1/install/interface/share/interface/environment/library_path.dsv
[2.943s] -- Installing: /mnt/sda2/code/ros2/work_1/install/interface/lib/libinterface__rosidl_generator_c.so
[2.943s] -- Set runtime path of "/mnt/sda2/code/ros2/work_1/install/interface/lib/libinterface__rosidl_generator_c.so" to ""
[2.943s] -- Up-to-date: /mnt/sda2/code/ros2/work_1/install/interface/include/interface
[2.944s] -- Up-to-date: /mnt/sda2/code/ros2/work_1/install/interface/include/interface/srv
[2.944s] -- Up-to-date: /mnt/sda2/code/ros2/work_1/install/interface/include/interface/srv/detail
[2.944s] -- Installing: /mnt/sda2/code/ros2/work_1/install/interface/include/interface/srv/detail/partol__rosidl_typesupport_fastrtps_c.h
[2.944s] -- Up-to-date: /mnt/sda2/code/ros2/work_1/install/interface/include/interface/msg
[2.944s] -- Installing: /mnt/sda2/code/ros2/work_1/install/interface/include/interface/msg/rosidl_typesupport_fastrtps_c__visibility_control.h
[2.944s] -- Installing: /mnt/sda2/code/ros2/work_1/install/interface/lib/libinterface__rosidl_typesupport_fastrtps_c.so
[2.944s] -- Set runtime path of "/mnt/sda2/code/ros2/work_1/install/interface/lib/libinterface__rosidl_typesupport_fastrtps_c.so" to ""
[2.944s] -- Up-to-date: /mnt/sda2/code/ros2/work_1/install/interface/include/interface
[2.944s] -- Up-to-date: /mnt/sda2/code/ros2/work_1/install/interface/include/interface/srv
[2.944s] -- Up-to-date: /mnt/sda2/code/ros2/work_1/install/interface/include/interface/srv/detail
[2.944s] -- Installing: /mnt/sda2/code/ros2/work_1/install/interface/include/interface/srv/detail/dds_fastrtps
[2.944s] -- Installing: /mnt/sda2/code/ros2/work_1/install/interface/include/interface/srv/detail/partol__rosidl_typesupport_fastrtps_cpp.hpp
[2.944s] -- Up-to-date: /mnt/sda2/code/ros2/work_1/install/interface/include/interface/msg
[2.944s] -- Installing: /mnt/sda2/code/ros2/work_1/install/interface/include/interface/msg/rosidl_typesupport_fastrtps_cpp__visibility_control.h
[2.945s] -- Installing: /mnt/sda2/code/ros2/work_1/install/interface/lib/libinterface__rosidl_typesupport_fastrtps_cpp.so
[2.945s] -- Set runtime path of "/mnt/sda2/code/ros2/work_1/install/interface/lib/libinterface__rosidl_typesupport_fastrtps_cpp.so" to ""
[2.945s] -- Up-to-date: /mnt/sda2/code/ros2/work_1/install/interface/include/interface
[2.945s] -- Up-to-date: /mnt/sda2/code/ros2/work_1/install/interface/include/interface/srv
[2.945s] -- Up-to-date: /mnt/sda2/code/ros2/work_1/install/interface/include/interface/srv/detail
[2.945s] -- Installing: /mnt/sda2/code/ros2/work_1/install/interface/include/interface/srv/detail/partol__type_support.c
[2.945s] -- Installing: /mnt/sda2/code/ros2/work_1/install/interface/include/interface/srv/detail/partol__rosidl_typesupport_introspection_c.h
[2.945s] -- Up-to-date: /mnt/sda2/code/ros2/work_1/install/interface/include/interface/msg
[2.945s] -- Installing: /mnt/sda2/code/ros2/work_1/install/interface/include/interface/msg/rosidl_typesupport_introspection_c__visibility_control.h
[2.945s] -- Installing: /mnt/sda2/code/ros2/work_1/install/interface/lib/libinterface__rosidl_typesupport_introspection_c.so
[2.945s] -- Set runtime path of "/mnt/sda2/code/ros2/work_1/install/interface/lib/libinterface__rosidl_typesupport_introspection_c.so" to ""
[2.945s] -- Installing: /mnt/sda2/code/ros2/work_1/install/interface/lib/libinterface__rosidl_typesupport_c.so
[2.945s] -- Set runtime path of "/mnt/sda2/code/ros2/work_1/install/interface/lib/libinterface__rosidl_typesupport_c.so" to ""
[2.946s] -- Up-to-date: /mnt/sda2/code/ros2/work_1/install/interface/include/interface
[2.946s] -- Up-to-date: /mnt/sda2/code/ros2/work_1/install/interface/include/interface/srv
[2.946s] -- Installing: /mnt/sda2/code/ros2/work_1/install/interface/include/interface/srv/partol.hpp
[2.946s] -- Up-to-date: /mnt/sda2/code/ros2/work_1/install/interface/include/interface/srv/detail
[2.946s] -- Installing: /mnt/sda2/code/ros2/work_1/install/interface/include/interface/srv/detail/partol__struct.hpp
[2.946s] -- Installing: /mnt/sda2/code/ros2/work_1/install/interface/include/interface/srv/detail/partol__builder.hpp
[2.946s] -- Installing: /mnt/sda2/code/ros2/work_1/install/interface/include/interface/srv/detail/partol__type_support.hpp
[2.946s] -- Installing: /mnt/sda2/code/ros2/work_1/install/interface/include/interface/srv/detail/partol__traits.hpp
[2.946s] -- Up-to-date: /mnt/sda2/code/ros2/work_1/install/interface/include/interface/msg
[2.946s] -- Installing: /mnt/sda2/code/ros2/work_1/install/interface/include/interface/msg/rosidl_generator_cpp__visibility_control.hpp
[2.946s] -- Up-to-date: /mnt/sda2/code/ros2/work_1/install/interface/include/interface
[2.946s] -- Up-to-date: /mnt/sda2/code/ros2/work_1/install/interface/include/interface/srv
[2.946s] -- Up-to-date: /mnt/sda2/code/ros2/work_1/install/interface/include/interface/srv/detail
[2.946s] -- Installing: /mnt/sda2/code/ros2/work_1/install/interface/include/interface/srv/detail/partol__rosidl_typesupport_introspection_cpp.hpp
[2.947s] -- Installing: /mnt/sda2/code/ros2/work_1/install/interface/include/interface/srv/detail/partol__type_support.cpp
[2.947s] -- Installing: /mnt/sda2/code/ros2/work_1/install/interface/lib/libinterface__rosidl_typesupport_introspection_cpp.so
[2.947s] -- Set runtime path of "/mnt/sda2/code/ros2/work_1/install/interface/lib/libinterface__rosidl_typesupport_introspection_cpp.so" to ""
[2.947s] -- Installing: /mnt/sda2/code/ros2/work_1/install/interface/lib/libinterface__rosidl_typesupport_cpp.so
[2.947s] -- Set runtime path of "/mnt/sda2/code/ros2/work_1/install/interface/lib/libinterface__rosidl_typesupport_cpp.so" to ""
[2.947s] -- Installing: /mnt/sda2/code/ros2/work_1/install/interface/share/interface/environment/pythonpath.sh
[2.947s] -- Installing: /mnt/sda2/code/ros2/work_1/install/interface/share/interface/environment/pythonpath.dsv
[2.947s] -- Installing: /mnt/sda2/code/ros2/work_1/install/interface/lib/python3.8/site-packages/interface/__init__.py
[2.968s] Compiling '/mnt/sda2/code/ros2/work_1/install/interface/lib/python3.8/site-packages/interface/__init__.py'...
[2.970s] -- Installing: /mnt/sda2/code/ros2/work_1/install/interface/lib/python3.8/site-packages/interface/srv
[2.971s] -- Installing: /mnt/sda2/code/ros2/work_1/install/interface/lib/python3.8/site-packages/interface/srv/_partol_s.c
[2.971s] -- Installing: /mnt/sda2/code/ros2/work_1/install/interface/lib/python3.8/site-packages/interface/srv/_partol.py
[2.971s] -- Installing: /mnt/sda2/code/ros2/work_1/install/interface/lib/python3.8/site-packages/interface/srv/__init__.py
[2.971s] -- Installing: /mnt/sda2/code/ros2/work_1/install/interface/lib/python3.8/site-packages/interface/interface_s__rosidl_typesupport_fastrtps_c.cpython-38-x86_64-linux-gnu.so
[2.971s] -- Set runtime path of "/mnt/sda2/code/ros2/work_1/install/interface/lib/python3.8/site-packages/interface/interface_s__rosidl_typesupport_fastrtps_c.cpython-38-x86_64-linux-gnu.so" to ""
[2.971s] -- Installing: /mnt/sda2/code/ros2/work_1/install/interface/lib/python3.8/site-packages/interface/interface_s__rosidl_typesupport_introspection_c.cpython-38-x86_64-linux-gnu.so
[2.972s] -- Set runtime path of "/mnt/sda2/code/ros2/work_1/install/interface/lib/python3.8/site-packages/interface/interface_s__rosidl_typesupport_introspection_c.cpython-38-x86_64-linux-gnu.so" to ""
[2.972s] -- Installing: /mnt/sda2/code/ros2/work_1/install/interface/lib/python3.8/site-packages/interface/interface_s__rosidl_typesupport_c.cpython-38-x86_64-linux-gnu.so
[2.972s] -- Set runtime path of "/mnt/sda2/code/ros2/work_1/install/interface/lib/python3.8/site-packages/interface/interface_s__rosidl_typesupport_c.cpython-38-x86_64-linux-gnu.so" to ""
[2.972s] -- Installing: /mnt/sda2/code/ros2/work_1/install/interface/lib/libinterface__python.so
[2.972s] -- Set runtime path of "/mnt/sda2/code/ros2/work_1/install/interface/lib/libinterface__python.so" to ""
[2.973s] -- Installing: /mnt/sda2/code/ros2/work_1/install/interface/share/interface/srv/Partol.idl
[2.973s] -- Installing: /mnt/sda2/code/ros2/work_1/install/interface/share/interface/srv/Partol.srv
[2.973s] -- Installing: /mnt/sda2/code/ros2/work_1/install/interface/share/interface/srv/Partol_Request.msg
[2.973s] -- Installing: /mnt/sda2/code/ros2/work_1/install/interface/share/interface/srv/Partol_Response.msg
[2.973s] -- Installing: /mnt/sda2/code/ros2/work_1/install/interface/share/ament_index/resource_index/package_run_dependencies/interface
[2.973s] -- Installing: /mnt/sda2/code/ros2/work_1/install/interface/share/ament_index/resource_index/parent_prefix_path/interface
[2.973s] -- Installing: /mnt/sda2/code/ros2/work_1/install/interface/share/interface/environment/ament_prefix_path.sh
[2.973s] -- Installing: /mnt/sda2/code/ros2/work_1/install/interface/share/interface/environment/ament_prefix_path.dsv
[2.973s] -- Installing: /mnt/sda2/code/ros2/work_1/install/interface/share/interface/environment/path.sh
[2.973s] -- Installing: /mnt/sda2/code/ros2/work_1/install/interface/share/interface/environment/path.dsv
[2.974s] -- Installing: /mnt/sda2/code/ros2/work_1/install/interface/share/interface/local_setup.bash
[2.974s] -- Installing: /mnt/sda2/code/ros2/work_1/install/interface/share/interface/local_setup.sh
[2.974s] -- Installing: /mnt/sda2/code/ros2/work_1/install/interface/share/interface/local_setup.zsh
[2.974s] -- Installing: /mnt/sda2/code/ros2/work_1/install/interface/share/interface/local_setup.dsv
[2.974s] -- Installing: /mnt/sda2/code/ros2/work_1/install/interface/share/interface/package.dsv
[2.974s] -- Installing: /mnt/sda2/code/ros2/work_1/install/interface/share/ament_index/resource_index/packages/interface
[2.974s] -- Installing: /mnt/sda2/code/ros2/work_1/install/interface/share/interface/cmake/interface__rosidl_generator_cExport.cmake
[2.974s] -- Installing: /mnt/sda2/code/ros2/work_1/install/interface/share/interface/cmake/interface__rosidl_generator_cExport-noconfig.cmake
[2.974s] -- Installing: /mnt/sda2/code/ros2/work_1/install/interface/share/interface/cmake/interface__rosidl_typesupport_introspection_cExport.cmake
[2.975s] -- Installing: /mnt/sda2/code/ros2/work_1/install/interface/share/interface/cmake/interface__rosidl_typesupport_introspection_cExport-noconfig.cmake
[2.975s] -- Installing: /mnt/sda2/code/ros2/work_1/install/interface/share/interface/cmake/interface__rosidl_typesupport_cExport.cmake
[2.975s] -- Installing: /mnt/sda2/code/ros2/work_1/install/interface/share/interface/cmake/interface__rosidl_typesupport_cExport-noconfig.cmake
[2.975s] -- Installing: /mnt/sda2/code/ros2/work_1/install/interface/share/interface/cmake/interface__rosidl_generator_cppExport.cmake
[2.975s] -- Installing: /mnt/sda2/code/ros2/work_1/install/interface/share/interface/cmake/interface__rosidl_typesupport_introspection_cppExport.cmake
[2.975s] -- Installing: /mnt/sda2/code/ros2/work_1/install/interface/share/interface/cmake/interface__rosidl_typesupport_introspection_cppExport-noconfig.cmake
[2.975s] -- Installing: /mnt/sda2/code/ros2/work_1/install/interface/share/interface/cmake/interface__rosidl_typesupport_cppExport.cmake
[2.975s] -- Installing: /mnt/sda2/code/ros2/work_1/install/interface/share/interface/cmake/interface__rosidl_typesupport_cppExport-noconfig.cmake
[2.975s] -- Installing: /mnt/sda2/code/ros2/work_1/install/interface/share/interface/cmake/rosidl_cmake-extras.cmake
[2.976s] -- Installing: /mnt/sda2/code/ros2/work_1/install/interface/share/interface/cmake/ament_cmake_export_dependencies-extras.cmake
[2.976s] -- Installing: /mnt/sda2/code/ros2/work_1/install/interface/share/interface/cmake/ament_cmake_export_libraries-extras.cmake
[2.976s] -- Installing: /mnt/sda2/code/ros2/work_1/install/interface/share/interface/cmake/ament_cmake_export_targets-extras.cmake
[2.976s] -- Installing: /mnt/sda2/code/ros2/work_1/install/interface/share/interface/cmake/ament_cmake_export_include_directories-extras.cmake
[2.976s] -- Installing: /mnt/sda2/code/ros2/work_1/install/interface/share/interface/cmake/rosidl_cmake_export_typesupport_libraries-extras.cmake
[2.976s] -- Installing: /mnt/sda2/code/ros2/work_1/install/interface/share/interface/cmake/rosidl_cmake_export_typesupport_targets-extras.cmake
[2.976s] -- Installing: /mnt/sda2/code/ros2/work_1/install/interface/share/interface/cmake/interfaceConfig.cmake
[2.976s] -- Installing: /mnt/sda2/code/ros2/work_1/install/interface/share/interface/cmake/interfaceConfig-version.cmake
[2.976s] -- Installing: /mnt/sda2/code/ros2/work_1/install/interface/share/interface/package.xml
[2.978s] Invoked command in '/mnt/sda2/code/ros2/work_1/build/interface' returned '0': CMAKE_PREFIX_PATH=${CMAKE_PREFIX_PATH}:/opt/ros/foxy /usr/bin/cmake --install /mnt/sda2/code/ros2/work_1/build/interface
