[0.009s] Invoking command in '/mnt/sda2/code/ros2/work_1/build/cpp_service': CMAKE_PREFIX_PATH=/mnt/sda2/code/ros2/work_1/install/interface:/mnt/sda2/code/ros2/work_1/install/cpp_service:/opt/ros/foxy /usr/bin/cmake /mnt/sda2/code/ros2/work_1/src/cpp_service -DCMAKE_INSTALL_PREFIX=/mnt/sda2/code/ros2/work_1/install/cpp_service
[0.058s] -- The C compiler identification is GNU 9.4.0
[0.094s] -- The CXX compiler identification is GNU 9.4.0
[0.097s] -- Check for working C compiler: /usr/bin/cc
[0.160s] -- Check for working C compiler: /usr/bin/cc -- works
[0.161s] -- Detecting C compiler ABI info
[0.247s] -- Detecting C compiler ABI info - done
[0.261s] -- Detecting C compile features
[0.261s] -- Detecting C compile features - done
[0.264s] -- Check for working CXX compiler: /usr/bin/c++
[0.315s] -- Check for working CXX compiler: /usr/bin/c++ -- works
[0.316s] -- Detecting CXX compiler ABI info
[0.377s] -- Detecting CXX compiler ABI info - done
[0.385s] -- Detecting CXX compile features
[0.385s] -- Detecting CXX compile features - done
[0.387s] -- Found ament_cmake: 0.9.12 (/opt/ros/foxy/share/ament_cmake/cmake)
[0.406s] -- Found PythonInterp: /usr/bin/python3 (found suitable version "3.8.10", minimum required is "3") 
[0.406s] -- Using PYTHON_EXECUTABLE: /usr/bin/python3
[0.562s] -- Found interface: 0.0.0 (/mnt/sda2/code/ros2/work_1/install/interface/share/interface/cmake)
[0.580s] -- Found rclcpp: 2.4.3 (/opt/ros/foxy/share/rclcpp/cmake)
[0.597s] -- Using all available rosidl_typesupport_c: rosidl_typesupport_fastrtps_c;rosidl_typesupport_introspection_c
[0.601s] -- Found rosidl_adapter: 1.3.1 (/opt/ros/foxy/share/rosidl_adapter/cmake)
[0.669s] -- Found OpenSSL: /usr/lib/x86_64-linux-gnu/libcrypto.so (found version "1.1.1f")  
[0.691s] -- Found FastRTPS: /opt/ros/foxy/include  
[0.743s] -- Using all available rosidl_typesupport_cpp: rosidl_typesupport_fastrtps_cpp;rosidl_typesupport_introspection_cpp
[0.779s] -- Found rmw_implementation_cmake: 1.0.4 (/opt/ros/foxy/share/rmw_implementation_cmake/cmake)
[0.780s] -- Using RMW implementation 'rmw_fastrtps_cpp' as default
[0.781s] -- Looking for pthread.h
[0.839s] -- Looking for pthread.h - found
[0.839s] -- Performing Test CMAKE_HAVE_LIBC_PTHREAD
[0.902s] -- Performing Test CMAKE_HAVE_LIBC_PTHREAD - Failed
[0.902s] -- Looking for pthread_create in pthreads
[0.955s] -- Looking for pthread_create in pthreads - not found
[0.955s] -- Looking for pthread_create in pthread
[1.032s] -- Looking for pthread_create in pthread - found
[1.033s] -- Found Threads: TRUE  
[1.133s] -- Found geometry_msgs: 2.0.5 (/opt/ros/foxy/share/geometry_msgs/cmake)
[1.156s] -- Found turtlesim: 1.2.6 (/opt/ros/foxy/share/turtlesim/cmake)
[1.225s] CMake Error at /opt/ros/foxy/share/ament_cmake_target_dependencies/cmake/ament_target_dependencies.cmake:42 (message):
[1.225s]   ament_target_dependencies() the first argument must be a valid target name
[1.225s] Call Stack (most recent call first):
[1.225s]   CMakeLists.txt:28 (ament_target_dependencies)
[1.225s] 
[1.225s] 
[1.227s] -- Configuring incomplete, errors occurred!
[1.227s] See also "/mnt/sda2/code/ros2/work_1/build/cpp_service/CMakeFiles/CMakeOutput.log".
[1.227s] See also "/mnt/sda2/code/ros2/work_1/build/cpp_service/CMakeFiles/CMakeError.log".
[1.232s] Invoked command in '/mnt/sda2/code/ros2/work_1/build/cpp_service' returned '1': CMAKE_PREFIX_PATH=/mnt/sda2/code/ros2/work_1/install/interface:/mnt/sda2/code/ros2/work_1/install/cpp_service:/opt/ros/foxy /usr/bin/cmake /mnt/sda2/code/ros2/work_1/src/cpp_service -DCMAKE_INSTALL_PREFIX=/mnt/sda2/code/ros2/work_1/install/cpp_service
