[0.007s] Invoking command in '/mnt/sda2/code/ros2/work_1/build/cpp_service': CMAKE_PREFIX_PATH=/mnt/sda2/code/ros2/work_1/install/interface:/mnt/sda2/code/ros2/work_1/install/cpp_service:/opt/ros/foxy /usr/bin/cmake --build /mnt/sda2/code/ros2/work_1/build/cpp_service -- -j24 -l24
[0.059s] [ 50%] Built target turtle_client
[0.059s] [100%] Built target turtle_control
[0.070s] Invoked command in '/mnt/sda2/code/ros2/work_1/build/cpp_service' returned '0': CMAKE_PREFIX_PATH=/mnt/sda2/code/ros2/work_1/install/interface:/mnt/sda2/code/ros2/work_1/install/cpp_service:/opt/ros/foxy /usr/bin/cmake --build /mnt/sda2/code/ros2/work_1/build/cpp_service -- -j24 -l24
[0.111s] Invoking command in '/mnt/sda2/code/ros2/work_1/build/cpp_service': CMAKE_PREFIX_PATH=/mnt/sda2/code/ros2/work_1/install/interface:/mnt/sda2/code/ros2/work_1/install/cpp_service:/opt/ros/foxy /usr/bin/cmake --install /mnt/sda2/code/ros2/work_1/build/cpp_service
[0.122s] -- Install configuration: ""
[0.122s] -- Up-to-date: /mnt/sda2/code/ros2/work_1/install/cpp_service/lib/cpp_service/turtle_control
[0.122s] -- Up-to-date: /mnt/sda2/code/ros2/work_1/install/cpp_service/lib/cpp_service/turtle_client
[0.122s] -- Up-to-date: /mnt/sda2/code/ros2/work_1/install/cpp_service/share/cpp_service/launch
[0.122s] -- Up-to-date: /mnt/sda2/code/ros2/work_1/install/cpp_service/share/cpp_service/launch/demo.launch.py
[0.122s] -- Up-to-date: /mnt/sda2/code/ros2/work_1/install/cpp_service/share/ament_index/resource_index/package_run_dependencies/cpp_service
[0.122s] -- Up-to-date: /mnt/sda2/code/ros2/work_1/install/cpp_service/share/ament_index/resource_index/parent_prefix_path/cpp_service
[0.123s] -- Up-to-date: /mnt/sda2/code/ros2/work_1/install/cpp_service/share/cpp_service/environment/ament_prefix_path.sh
[0.123s] -- Up-to-date: /mnt/sda2/code/ros2/work_1/install/cpp_service/share/cpp_service/environment/ament_prefix_path.dsv
[0.123s] -- Up-to-date: /mnt/sda2/code/ros2/work_1/install/cpp_service/share/cpp_service/environment/path.sh
[0.123s] -- Up-to-date: /mnt/sda2/code/ros2/work_1/install/cpp_service/share/cpp_service/environment/path.dsv
[0.123s] -- Up-to-date: /mnt/sda2/code/ros2/work_1/install/cpp_service/share/cpp_service/local_setup.bash
[0.123s] -- Up-to-date: /mnt/sda2/code/ros2/work_1/install/cpp_service/share/cpp_service/local_setup.sh
[0.123s] -- Up-to-date: /mnt/sda2/code/ros2/work_1/install/cpp_service/share/cpp_service/local_setup.zsh
[0.123s] -- Up-to-date: /mnt/sda2/code/ros2/work_1/install/cpp_service/share/cpp_service/local_setup.dsv
[0.123s] -- Up-to-date: /mnt/sda2/code/ros2/work_1/install/cpp_service/share/cpp_service/package.dsv
[0.123s] -- Up-to-date: /mnt/sda2/code/ros2/work_1/install/cpp_service/share/ament_index/resource_index/packages/cpp_service
[0.123s] -- Up-to-date: /mnt/sda2/code/ros2/work_1/install/cpp_service/share/cpp_service/cmake/cpp_serviceConfig.cmake
[0.123s] -- Up-to-date: /mnt/sda2/code/ros2/work_1/install/cpp_service/share/cpp_service/cmake/cpp_serviceConfig-version.cmake
[0.123s] -- Up-to-date: /mnt/sda2/code/ros2/work_1/install/cpp_service/share/cpp_service/package.xml
[0.125s] Invoked command in '/mnt/sda2/code/ros2/work_1/build/cpp_service' returned '0': CMAKE_PREFIX_PATH=/mnt/sda2/code/ros2/work_1/install/interface:/mnt/sda2/code/ros2/work_1/install/cpp_service:/opt/ros/foxy /usr/bin/cmake --install /mnt/sda2/code/ros2/work_1/build/cpp_service
