[0.009s] Invoking command in '/mnt/sda2/code/ros2/work_1/build/cpp_service': AMENT_PREFIX_PATH=/mnt/sda2/code/ros2/work_1/install/interface:${AMENT_PREFIX_PATH} CMAKE_PREFIX_PATH=/mnt/sda2/code/ros2/work_1/install/interface:/opt/ros/foxy LD_LIBRARY_PATH=/mnt/sda2/code/ros2/work_1/install/interface/lib:${LD_LIBRARY_PATH} PYTHONPATH=/mnt/sda2/code/ros2/work_1/install/interface/lib/python3.8/site-packages:${PYTHONPATH} /usr/bin/cmake --build /mnt/sda2/code/ros2/work_1/build/cpp_service -- -j24 -l24
[0.048s] [35m[1mScanning dependencies of target turtle_client[0m
[0.063s] [ 50%] Built target turtle_control
[0.069s] [ 75%] [32mBuilding CXX object CMakeFiles/turtle_client.dir/src/turtle_client.cpp.o[0m
[1.453s] [100%] [32m[1mLinking CXX executable turtle_client[0m
[1.539s] [100%] Built target turtle_client
[1.547s] Invoked command in '/mnt/sda2/code/ros2/work_1/build/cpp_service' returned '0': AMENT_PREFIX_PATH=/mnt/sda2/code/ros2/work_1/install/interface:${AMENT_PREFIX_PATH} CMAKE_PREFIX_PATH=/mnt/sda2/code/ros2/work_1/install/interface:/opt/ros/foxy LD_LIBRARY_PATH=/mnt/sda2/code/ros2/work_1/install/interface/lib:${LD_LIBRARY_PATH} PYTHONPATH=/mnt/sda2/code/ros2/work_1/install/interface/lib/python3.8/site-packages:${PYTHONPATH} /usr/bin/cmake --build /mnt/sda2/code/ros2/work_1/build/cpp_service -- -j24 -l24
[1.565s] Invoking command in '/mnt/sda2/code/ros2/work_1/build/cpp_service': AMENT_PREFIX_PATH=/mnt/sda2/code/ros2/work_1/install/interface:${AMENT_PREFIX_PATH} CMAKE_PREFIX_PATH=/mnt/sda2/code/ros2/work_1/install/interface:/opt/ros/foxy LD_LIBRARY_PATH=/mnt/sda2/code/ros2/work_1/install/interface/lib:${LD_LIBRARY_PATH} PYTHONPATH=/mnt/sda2/code/ros2/work_1/install/interface/lib/python3.8/site-packages:${PYTHONPATH} /usr/bin/cmake --install /mnt/sda2/code/ros2/work_1/build/cpp_service
[1.570s] -- Install configuration: ""
[1.570s] -- Up-to-date: /mnt/sda2/code/ros2/work_1/install/cpp_service/lib/cpp_service/turtle_control
[1.570s] -- Installing: /mnt/sda2/code/ros2/work_1/install/cpp_service/lib/cpp_service/turtle_client
[1.571s] -- Set runtime path of "/mnt/sda2/code/ros2/work_1/install/cpp_service/lib/cpp_service/turtle_client" to ""
[1.571s] -- Up-to-date: /mnt/sda2/code/ros2/work_1/install/cpp_service/share/ament_index/resource_index/package_run_dependencies/cpp_service
[1.571s] -- Up-to-date: /mnt/sda2/code/ros2/work_1/install/cpp_service/share/ament_index/resource_index/parent_prefix_path/cpp_service
[1.571s] -- Up-to-date: /mnt/sda2/code/ros2/work_1/install/cpp_service/share/cpp_service/environment/ament_prefix_path.sh
[1.571s] -- Up-to-date: /mnt/sda2/code/ros2/work_1/install/cpp_service/share/cpp_service/environment/ament_prefix_path.dsv
[1.571s] -- Up-to-date: /mnt/sda2/code/ros2/work_1/install/cpp_service/share/cpp_service/environment/path.sh
[1.571s] -- Up-to-date: /mnt/sda2/code/ros2/work_1/install/cpp_service/share/cpp_service/environment/path.dsv
[1.571s] -- Up-to-date: /mnt/sda2/code/ros2/work_1/install/cpp_service/share/cpp_service/local_setup.bash
[1.571s] -- Up-to-date: /mnt/sda2/code/ros2/work_1/install/cpp_service/share/cpp_service/local_setup.sh
[1.571s] -- Up-to-date: /mnt/sda2/code/ros2/work_1/install/cpp_service/share/cpp_service/local_setup.zsh
[1.571s] -- Up-to-date: /mnt/sda2/code/ros2/work_1/install/cpp_service/share/cpp_service/local_setup.dsv
[1.571s] -- Installing: /mnt/sda2/code/ros2/work_1/install/cpp_service/share/cpp_service/package.dsv
[1.572s] -- Up-to-date: /mnt/sda2/code/ros2/work_1/install/cpp_service/share/ament_index/resource_index/packages/cpp_service
[1.572s] -- Up-to-date: /mnt/sda2/code/ros2/work_1/install/cpp_service/share/cpp_service/cmake/cpp_serviceConfig.cmake
[1.572s] -- Up-to-date: /mnt/sda2/code/ros2/work_1/install/cpp_service/share/cpp_service/cmake/cpp_serviceConfig-version.cmake
[1.572s] -- Up-to-date: /mnt/sda2/code/ros2/work_1/install/cpp_service/share/cpp_service/package.xml
[1.573s] Invoked command in '/mnt/sda2/code/ros2/work_1/build/cpp_service' returned '0': AMENT_PREFIX_PATH=/mnt/sda2/code/ros2/work_1/install/interface:${AMENT_PREFIX_PATH} CMAKE_PREFIX_PATH=/mnt/sda2/code/ros2/work_1/install/interface:/opt/ros/foxy LD_LIBRARY_PATH=/mnt/sda2/code/ros2/work_1/install/interface/lib:${LD_LIBRARY_PATH} PYTHONPATH=/mnt/sda2/code/ros2/work_1/install/interface/lib/python3.8/site-packages:${PYTHONPATH} /usr/bin/cmake --install /mnt/sda2/code/ros2/work_1/build/cpp_service
