-- Install configuration: ""
-- Up-to-date: /mnt/sda2/code/ros2/work_2/install/fishbot_description/share/fishbot_description/launch
-- Installing: /mnt/sda2/code/ros2/work_2/install/fishbot_description/share/fishbot_description/launch/display_robot.launch.py
-- Up-to-date: /mnt/sda2/code/ros2/work_2/install/fishbot_description/share/fishbot_description/urdf
-- Installing: /mnt/sda2/code/ros2/work_2/install/fishbot_description/share/fishbot_description/urdf/first_robot.xacro
-- Up-to-date: /mnt/sda2/code/ros2/work_2/install/fishbot_description/share/fishbot_description/urdf/first_robot.urdf
-- Up-to-date: /mnt/sda2/code/ros2/work_2/install/fishbot_description/share/fishbot_description/config
-- Installing: /mnt/sda2/code/ros2/work_2/install/fishbot_description/share/fishbot_description/config/diplay_rviz_config.rviz
-- Up-to-date: /mnt/sda2/code/ros2/work_2/install/fishbot_description/share/ament_index/resource_index/package_run_dependencies/fishbot_description
-- Up-to-date: /mnt/sda2/code/ros2/work_2/install/fishbot_description/share/ament_index/resource_index/parent_prefix_path/fishbot_description
-- Up-to-date: /mnt/sda2/code/ros2/work_2/install/fishbot_description/share/fishbot_description/environment/ament_prefix_path.sh
-- Up-to-date: /mnt/sda2/code/ros2/work_2/install/fishbot_description/share/fishbot_description/environment/ament_prefix_path.dsv
-- Up-to-date: /mnt/sda2/code/ros2/work_2/install/fishbot_description/share/fishbot_description/environment/path.sh
-- Up-to-date: /mnt/sda2/code/ros2/work_2/install/fishbot_description/share/fishbot_description/environment/path.dsv
-- Up-to-date: /mnt/sda2/code/ros2/work_2/install/fishbot_description/share/fishbot_description/local_setup.bash
-- Up-to-date: /mnt/sda2/code/ros2/work_2/install/fishbot_description/share/fishbot_description/local_setup.sh
-- Up-to-date: /mnt/sda2/code/ros2/work_2/install/fishbot_description/share/fishbot_description/local_setup.zsh
-- Up-to-date: /mnt/sda2/code/ros2/work_2/install/fishbot_description/share/fishbot_description/local_setup.dsv
-- Installing: /mnt/sda2/code/ros2/work_2/install/fishbot_description/share/fishbot_description/package.dsv
-- Up-to-date: /mnt/sda2/code/ros2/work_2/install/fishbot_description/share/ament_index/resource_index/packages/fishbot_description
-- Up-to-date: /mnt/sda2/code/ros2/work_2/install/fishbot_description/share/fishbot_description/cmake/fishbot_descriptionConfig.cmake
-- Up-to-date: /mnt/sda2/code/ros2/work_2/install/fishbot_description/share/fishbot_description/cmake/fishbot_descriptionConfig-version.cmake
-- Up-to-date: /mnt/sda2/code/ros2/work_2/install/fishbot_description/share/fishbot_description/package.xml
