[0.126s] DEBUG:colcon:Command line arguments: ['/usr/bin/colcon', 'build']
[0.126s] DEBUG:colcon:Parsed command line arguments: Namespace(allow_overriding=[], ament_cmake_args=None, base_paths=['.'], build_base='build', catkin_cmake_args=None, catkin_skip_building_tests=False, cmake_args=None, cmake_clean_cache=False, cmake_clean_first=False, cmake_force_configure=False, cmake_target=None, cmake_target_skip_unavailable=False, continue_on_error=False, event_handlers=None, executor='parallel', ignore_user_meta=False, install_base='install', log_base=None, log_level=None, main=<bound method BuildVerb.main of <colcon_core.verb.build.BuildVerb object at 0x7f1fe412b040>>, merge_install=False, metas=['./colcon.meta'], packages_above=None, packages_above_and_dependencies=None, packages_above_depth=None, packages_end=None, packages_ignore=None, packages_ignore_regex=None, packages_select=None, packages_select_build_failed=False, packages_select_by_dep=None, packages_select_regex=None, packages_select_test_failures=False, packages_skip=None, packages_skip_build_finished=False, packages_skip_by_dep=None, packages_skip_regex=None, packages_skip_test_passed=False, packages_skip_up_to=None, packages_start=None, packages_up_to=None, packages_up_to_regex=None, parallel_workers=24, paths=None, symlink_install=False, test_result_base=None, verb_extension=<colcon_core.verb.build.BuildVerb object at 0x7f1fe412b040>, verb_name='build', verb_parser=<colcon_defaults.argument_parser.defaults.DefaultArgumentsDecorator object at 0x7f1fe40629d0>)
[0.258s] Level 1:colcon.colcon_core.package_discovery:discover_packages(colcon_meta) check parameters
[0.258s] Level 1:colcon.colcon_core.package_discovery:discover_packages(recursive) check parameters
[0.258s] Level 1:colcon.colcon_core.package_discovery:discover_packages(ignore) check parameters
[0.258s] Level 1:colcon.colcon_core.package_discovery:discover_packages(path) check parameters
[0.258s] Level 1:colcon.colcon_core.package_discovery:discover_packages(colcon_meta) discover
[0.259s] Level 1:colcon.colcon_core.package_discovery:discover_packages(recursive) discover
[0.259s] INFO:colcon.colcon_core.package_discovery:Crawling recursively for packages in '/mnt/sda2/code/ros2/work_1'
[0.259s] Level 1:colcon.colcon_core.package_identification:_identify(.) by extensions ['ignore', 'ignore_ament_install']
[0.259s] Level 1:colcon.colcon_core.package_identification:_identify(.) by extension 'ignore'
[0.259s] Level 1:colcon.colcon_core.package_identification:_identify(.) by extension 'ignore_ament_install'
[0.259s] Level 1:colcon.colcon_core.package_identification:_identify(.) by extensions ['colcon_pkg']
[0.259s] Level 1:colcon.colcon_core.package_identification:_identify(.) by extension 'colcon_pkg'
[0.259s] Level 1:colcon.colcon_core.package_identification:_identify(.) by extensions ['colcon_meta']
[0.259s] Level 1:colcon.colcon_core.package_identification:_identify(.) by extension 'colcon_meta'
[0.259s] Level 1:colcon.colcon_core.package_identification:_identify(.) by extensions ['ros']
[0.259s] Level 1:colcon.colcon_core.package_identification:_identify(.) by extension 'ros'
[0.267s] Level 1:colcon.colcon_core.package_identification:_identify(.) by extensions ['cmake', 'python']
[0.267s] Level 1:colcon.colcon_core.package_identification:_identify(.) by extension 'cmake'
[0.267s] Level 1:colcon.colcon_core.package_identification:_identify(.) by extension 'python'
[0.267s] Level 1:colcon.colcon_core.package_identification:_identify(.) by extensions ['python_setup_py']
[0.267s] Level 1:colcon.colcon_core.package_identification:_identify(.) by extension 'python_setup_py'
[0.268s] Level 1:colcon.colcon_core.package_identification:_identify(build) by extensions ['ignore', 'ignore_ament_install']
[0.268s] Level 1:colcon.colcon_core.package_identification:_identify(build) by extension 'ignore'
[0.268s] Level 1:colcon.colcon_core.package_identification:_identify(build) ignored
[0.268s] Level 1:colcon.colcon_core.package_identification:_identify(install) by extensions ['ignore', 'ignore_ament_install']
[0.268s] Level 1:colcon.colcon_core.package_identification:_identify(install) by extension 'ignore'
[0.268s] Level 1:colcon.colcon_core.package_identification:_identify(install) ignored
[0.268s] Level 1:colcon.colcon_core.package_identification:_identify(log) by extensions ['ignore', 'ignore_ament_install']
[0.268s] Level 1:colcon.colcon_core.package_identification:_identify(log) by extension 'ignore'
[0.268s] Level 1:colcon.colcon_core.package_identification:_identify(log) ignored
[0.268s] Level 1:colcon.colcon_core.package_identification:_identify(src) by extensions ['ignore', 'ignore_ament_install']
[0.268s] Level 1:colcon.colcon_core.package_identification:_identify(src) by extension 'ignore'
[0.268s] Level 1:colcon.colcon_core.package_identification:_identify(src) by extension 'ignore_ament_install'
[0.268s] Level 1:colcon.colcon_core.package_identification:_identify(src) by extensions ['colcon_pkg']
[0.268s] Level 1:colcon.colcon_core.package_identification:_identify(src) by extension 'colcon_pkg'
[0.268s] Level 1:colcon.colcon_core.package_identification:_identify(src) by extensions ['colcon_meta']
[0.268s] Level 1:colcon.colcon_core.package_identification:_identify(src) by extension 'colcon_meta'
[0.268s] Level 1:colcon.colcon_core.package_identification:_identify(src) by extensions ['ros']
[0.268s] Level 1:colcon.colcon_core.package_identification:_identify(src) by extension 'ros'
[0.268s] Level 1:colcon.colcon_core.package_identification:_identify(src) by extensions ['cmake', 'python']
[0.268s] Level 1:colcon.colcon_core.package_identification:_identify(src) by extension 'cmake'
[0.268s] Level 1:colcon.colcon_core.package_identification:_identify(src) by extension 'python'
[0.268s] Level 1:colcon.colcon_core.package_identification:_identify(src) by extensions ['python_setup_py']
[0.268s] Level 1:colcon.colcon_core.package_identification:_identify(src) by extension 'python_setup_py'
[0.268s] Level 1:colcon.colcon_core.package_identification:_identify(src/cpp_service) by extensions ['ignore', 'ignore_ament_install']
[0.268s] Level 1:colcon.colcon_core.package_identification:_identify(src/cpp_service) by extension 'ignore'
[0.268s] Level 1:colcon.colcon_core.package_identification:_identify(src/cpp_service) by extension 'ignore_ament_install'
[0.268s] Level 1:colcon.colcon_core.package_identification:_identify(src/cpp_service) by extensions ['colcon_pkg']
[0.268s] Level 1:colcon.colcon_core.package_identification:_identify(src/cpp_service) by extension 'colcon_pkg'
[0.268s] Level 1:colcon.colcon_core.package_identification:_identify(src/cpp_service) by extensions ['colcon_meta']
[0.268s] Level 1:colcon.colcon_core.package_identification:_identify(src/cpp_service) by extension 'colcon_meta'
[0.269s] Level 1:colcon.colcon_core.package_identification:_identify(src/cpp_service) by extensions ['ros']
[0.269s] Level 1:colcon.colcon_core.package_identification:_identify(src/cpp_service) by extension 'ros'
[0.270s] DEBUG:colcon.colcon_core.package_identification:Package 'src/cpp_service' with type 'ros.ament_cmake' and name 'cpp_service'
[0.270s] Level 1:colcon.colcon_core.package_identification:_identify(src/interface) by extensions ['ignore', 'ignore_ament_install']
[0.270s] Level 1:colcon.colcon_core.package_identification:_identify(src/interface) by extension 'ignore'
[0.270s] Level 1:colcon.colcon_core.package_identification:_identify(src/interface) by extension 'ignore_ament_install'
[0.270s] Level 1:colcon.colcon_core.package_identification:_identify(src/interface) by extensions ['colcon_pkg']
[0.271s] Level 1:colcon.colcon_core.package_identification:_identify(src/interface) by extension 'colcon_pkg'
[0.271s] Level 1:colcon.colcon_core.package_identification:_identify(src/interface) by extensions ['colcon_meta']
[0.271s] Level 1:colcon.colcon_core.package_identification:_identify(src/interface) by extension 'colcon_meta'
[0.271s] Level 1:colcon.colcon_core.package_identification:_identify(src/interface) by extensions ['ros']
[0.271s] Level 1:colcon.colcon_core.package_identification:_identify(src/interface) by extension 'ros'
[0.271s] DEBUG:colcon.colcon_core.package_identification:Package 'src/interface' with type 'ros.ament_cmake' and name 'interface'
[0.271s] Level 1:colcon.colcon_core.package_discovery:discover_packages(recursive) using defaults
[0.271s] Level 1:colcon.colcon_core.package_discovery:discover_packages(ignore) discover
[0.271s] Level 1:colcon.colcon_core.package_discovery:discover_packages(ignore) using defaults
[0.271s] Level 1:colcon.colcon_core.package_discovery:discover_packages(path) discover
[0.271s] Level 1:colcon.colcon_core.package_discovery:discover_packages(path) using defaults
[0.283s] Level 1:colcon.colcon_core.package_discovery:discover_packages(prefix_path) check parameters
[0.283s] Level 1:colcon.colcon_core.package_discovery:discover_packages(prefix_path) discover
[0.285s] DEBUG:colcon.colcon_installed_package_information.package_discovery:Found 256 installed packages in /opt/ros/foxy
[0.286s] Level 1:colcon.colcon_core.package_discovery:discover_packages(prefix_path) using defaults
[0.313s] Level 5:colcon.colcon_core.verb:set package 'interface' build argument 'cmake_args' from command line to 'None'
[0.313s] Level 5:colcon.colcon_core.verb:set package 'interface' build argument 'cmake_target' from command line to 'None'
[0.313s] Level 5:colcon.colcon_core.verb:set package 'interface' build argument 'cmake_target_skip_unavailable' from command line to 'False'
[0.313s] Level 5:colcon.colcon_core.verb:set package 'interface' build argument 'cmake_clean_cache' from command line to 'False'
[0.313s] Level 5:colcon.colcon_core.verb:set package 'interface' build argument 'cmake_clean_first' from command line to 'False'
[0.313s] Level 5:colcon.colcon_core.verb:set package 'interface' build argument 'cmake_force_configure' from command line to 'False'
[0.313s] Level 5:colcon.colcon_core.verb:set package 'interface' build argument 'ament_cmake_args' from command line to 'None'
[0.313s] Level 5:colcon.colcon_core.verb:set package 'interface' build argument 'catkin_cmake_args' from command line to 'None'
[0.313s] Level 5:colcon.colcon_core.verb:set package 'interface' build argument 'catkin_skip_building_tests' from command line to 'False'
[0.313s] DEBUG:colcon.colcon_core.verb:Building package 'interface' with the following arguments: {'ament_cmake_args': None, 'build_base': '/mnt/sda2/code/ros2/work_1/build/interface', 'catkin_cmake_args': None, 'catkin_skip_building_tests': False, 'cmake_args': None, 'cmake_clean_cache': False, 'cmake_clean_first': False, 'cmake_force_configure': False, 'cmake_target': None, 'cmake_target_skip_unavailable': False, 'install_base': '/mnt/sda2/code/ros2/work_1/install/interface', 'merge_install': False, 'path': '/mnt/sda2/code/ros2/work_1/src/interface', 'symlink_install': False, 'test_result_base': None}
[0.313s] Level 5:colcon.colcon_core.verb:set package 'cpp_service' build argument 'cmake_args' from command line to 'None'
[0.313s] Level 5:colcon.colcon_core.verb:set package 'cpp_service' build argument 'cmake_target' from command line to 'None'
[0.313s] Level 5:colcon.colcon_core.verb:set package 'cpp_service' build argument 'cmake_target_skip_unavailable' from command line to 'False'
[0.313s] Level 5:colcon.colcon_core.verb:set package 'cpp_service' build argument 'cmake_clean_cache' from command line to 'False'
[0.313s] Level 5:colcon.colcon_core.verb:set package 'cpp_service' build argument 'cmake_clean_first' from command line to 'False'
[0.313s] Level 5:colcon.colcon_core.verb:set package 'cpp_service' build argument 'cmake_force_configure' from command line to 'False'
[0.313s] Level 5:colcon.colcon_core.verb:set package 'cpp_service' build argument 'ament_cmake_args' from command line to 'None'
[0.313s] Level 5:colcon.colcon_core.verb:set package 'cpp_service' build argument 'catkin_cmake_args' from command line to 'None'
[0.313s] Level 5:colcon.colcon_core.verb:set package 'cpp_service' build argument 'catkin_skip_building_tests' from command line to 'False'
[0.313s] DEBUG:colcon.colcon_core.verb:Building package 'cpp_service' with the following arguments: {'ament_cmake_args': None, 'build_base': '/mnt/sda2/code/ros2/work_1/build/cpp_service', 'catkin_cmake_args': None, 'catkin_skip_building_tests': False, 'cmake_args': None, 'cmake_clean_cache': False, 'cmake_clean_first': False, 'cmake_force_configure': False, 'cmake_target': None, 'cmake_target_skip_unavailable': False, 'install_base': '/mnt/sda2/code/ros2/work_1/install/cpp_service', 'merge_install': False, 'path': '/mnt/sda2/code/ros2/work_1/src/cpp_service', 'symlink_install': False, 'test_result_base': None}
[0.313s] INFO:colcon.colcon_core.executor:Executing jobs using 'parallel' executor
[0.314s] DEBUG:colcon.colcon_parallel_executor.executor.parallel:run_until_complete
[0.314s] INFO:colcon.colcon_ros.task.ament_cmake.build:Building ROS package in '/mnt/sda2/code/ros2/work_1/src/interface' with build type 'ament_cmake'
[0.314s] INFO:colcon.colcon_cmake.task.cmake.build:Building CMake package in '/mnt/sda2/code/ros2/work_1/src/interface'
[0.315s] INFO:colcon.colcon_core.plugin_system:Skipping extension 'colcon_core.shell.bat': Not used on non-Windows systems
[0.315s] INFO:colcon.colcon_core.shell:Skip shell extension 'powershell' for command environment: Not usable outside of PowerShell
[0.315s] DEBUG:colcon.colcon_core.shell:Skip shell extension 'dsv' for command environment
[0.321s] DEBUG:colcon.colcon_core.event_handler.log_command:Invoking command in '/mnt/sda2/code/ros2/work_1/build/interface': CMAKE_PREFIX_PATH=/opt/ros/foxy /usr/bin/cmake --build /mnt/sda2/code/ros2/work_1/build/interface -- -j24 -l24
[0.506s] DEBUG:colcon.colcon_core.event_handler.log_command:Invoked command in '/mnt/sda2/code/ros2/work_1/build/interface' returned '0': CMAKE_PREFIX_PATH=/opt/ros/foxy /usr/bin/cmake --build /mnt/sda2/code/ros2/work_1/build/interface -- -j24 -l24
[0.562s] DEBUG:colcon.colcon_core.event_handler.log_command:Invoking command in '/mnt/sda2/code/ros2/work_1/build/interface': CMAKE_PREFIX_PATH=/opt/ros/foxy /usr/bin/cmake --install /mnt/sda2/code/ros2/work_1/build/interface
[0.603s] Level 1:colcon.colcon_core.environment:create_environment_scripts_only(interface)
[0.603s] DEBUG:colcon.colcon_core.event_handler.log_command:Invoked command in '/mnt/sda2/code/ros2/work_1/build/interface' returned '0': CMAKE_PREFIX_PATH=/opt/ros/foxy /usr/bin/cmake --install /mnt/sda2/code/ros2/work_1/build/interface
[0.605s] Level 1:colcon.colcon_core.environment:checking '/mnt/sda2/code/ros2/work_1/install/interface' for CMake module files
[0.605s] Level 1:colcon.colcon_core.environment:checking '/mnt/sda2/code/ros2/work_1/install/interface' for CMake config files
[0.606s] Level 1:colcon.colcon_core.shell:create_environment_hook('interface', 'cmake_prefix_path')
[0.606s] INFO:colcon.colcon_core.shell:Creating environment hook '/mnt/sda2/code/ros2/work_1/install/interface/share/interface/hook/cmake_prefix_path.ps1'
[0.606s] INFO:colcon.colcon_core.shell:Creating environment descriptor '/mnt/sda2/code/ros2/work_1/install/interface/share/interface/hook/cmake_prefix_path.dsv'
[0.606s] INFO:colcon.colcon_core.shell:Creating environment hook '/mnt/sda2/code/ros2/work_1/install/interface/share/interface/hook/cmake_prefix_path.sh'
[0.607s] Level 1:colcon.colcon_core.environment:checking '/mnt/sda2/code/ros2/work_1/install/interface/lib'
[0.607s] Level 1:colcon.colcon_core.shell:create_environment_hook('interface', 'ld_library_path_lib')
[0.607s] INFO:colcon.colcon_core.shell:Creating environment hook '/mnt/sda2/code/ros2/work_1/install/interface/share/interface/hook/ld_library_path_lib.ps1'
[0.607s] INFO:colcon.colcon_core.shell:Creating environment descriptor '/mnt/sda2/code/ros2/work_1/install/interface/share/interface/hook/ld_library_path_lib.dsv'
[0.608s] INFO:colcon.colcon_core.shell:Creating environment hook '/mnt/sda2/code/ros2/work_1/install/interface/share/interface/hook/ld_library_path_lib.sh'
[0.608s] Level 1:colcon.colcon_core.environment:checking '/mnt/sda2/code/ros2/work_1/install/interface/bin'
[0.608s] Level 1:colcon.colcon_core.environment:checking '/mnt/sda2/code/ros2/work_1/install/interface/lib/pkgconfig/interface.pc'
[0.608s] Level 1:colcon.colcon_core.environment:checking '/mnt/sda2/code/ros2/work_1/install/interface/lib/python3.8/site-packages'
[0.608s] Level 1:colcon.colcon_core.shell:create_environment_hook('interface', 'pythonpath')
[0.608s] INFO:colcon.colcon_core.shell:Creating environment hook '/mnt/sda2/code/ros2/work_1/install/interface/share/interface/hook/pythonpath.ps1'
[0.608s] INFO:colcon.colcon_core.shell:Creating environment descriptor '/mnt/sda2/code/ros2/work_1/install/interface/share/interface/hook/pythonpath.dsv'
[0.608s] INFO:colcon.colcon_core.shell:Creating environment hook '/mnt/sda2/code/ros2/work_1/install/interface/share/interface/hook/pythonpath.sh'
[0.609s] Level 1:colcon.colcon_core.environment:checking '/mnt/sda2/code/ros2/work_1/install/interface/bin'
[0.609s] INFO:colcon.colcon_core.shell:Creating package script '/mnt/sda2/code/ros2/work_1/install/interface/share/interface/package.ps1'
[0.609s] INFO:colcon.colcon_core.shell:Creating package descriptor '/mnt/sda2/code/ros2/work_1/install/interface/share/interface/package.dsv'
[0.610s] INFO:colcon.colcon_core.shell:Creating package script '/mnt/sda2/code/ros2/work_1/install/interface/share/interface/package.sh'
[0.610s] INFO:colcon.colcon_core.shell:Creating package script '/mnt/sda2/code/ros2/work_1/install/interface/share/interface/package.bash'
[0.610s] INFO:colcon.colcon_core.shell:Creating package script '/mnt/sda2/code/ros2/work_1/install/interface/share/interface/package.zsh'
[0.611s] Level 1:colcon.colcon_core.environment:create_file_with_runtime_dependencies(/mnt/sda2/code/ros2/work_1/install/interface/share/colcon-core/packages/interface)
[0.661s] Level 1:colcon.colcon_core.environment:create_environment_scripts_only(interface)
[0.662s] Level 1:colcon.colcon_core.environment:checking '/mnt/sda2/code/ros2/work_1/install/interface' for CMake module files
[0.663s] Level 1:colcon.colcon_core.environment:checking '/mnt/sda2/code/ros2/work_1/install/interface' for CMake config files
[0.664s] Level 1:colcon.colcon_core.shell:create_environment_hook('interface', 'cmake_prefix_path')
[0.664s] INFO:colcon.colcon_core.shell:Creating environment hook '/mnt/sda2/code/ros2/work_1/install/interface/share/interface/hook/cmake_prefix_path.ps1'
[0.665s] INFO:colcon.colcon_core.shell:Creating environment descriptor '/mnt/sda2/code/ros2/work_1/install/interface/share/interface/hook/cmake_prefix_path.dsv'
[0.665s] INFO:colcon.colcon_core.shell:Creating environment hook '/mnt/sda2/code/ros2/work_1/install/interface/share/interface/hook/cmake_prefix_path.sh'
[0.666s] Level 1:colcon.colcon_core.environment:checking '/mnt/sda2/code/ros2/work_1/install/interface/lib'
[0.666s] Level 1:colcon.colcon_core.shell:create_environment_hook('interface', 'ld_library_path_lib')
[0.667s] INFO:colcon.colcon_core.shell:Creating environment hook '/mnt/sda2/code/ros2/work_1/install/interface/share/interface/hook/ld_library_path_lib.ps1'
[0.667s] INFO:colcon.colcon_core.shell:Creating environment descriptor '/mnt/sda2/code/ros2/work_1/install/interface/share/interface/hook/ld_library_path_lib.dsv'
[0.668s] INFO:colcon.colcon_core.shell:Creating environment hook '/mnt/sda2/code/ros2/work_1/install/interface/share/interface/hook/ld_library_path_lib.sh'
[0.668s] Level 1:colcon.colcon_core.environment:checking '/mnt/sda2/code/ros2/work_1/install/interface/bin'
[0.668s] Level 1:colcon.colcon_core.environment:checking '/mnt/sda2/code/ros2/work_1/install/interface/lib/pkgconfig/interface.pc'
[0.668s] Level 1:colcon.colcon_core.environment:checking '/mnt/sda2/code/ros2/work_1/install/interface/lib/python3.8/site-packages'
[0.669s] Level 1:colcon.colcon_core.shell:create_environment_hook('interface', 'pythonpath')
[0.669s] INFO:colcon.colcon_core.shell:Creating environment hook '/mnt/sda2/code/ros2/work_1/install/interface/share/interface/hook/pythonpath.ps1'
[0.669s] INFO:colcon.colcon_core.shell:Creating environment descriptor '/mnt/sda2/code/ros2/work_1/install/interface/share/interface/hook/pythonpath.dsv'
[0.669s] INFO:colcon.colcon_core.shell:Creating environment hook '/mnt/sda2/code/ros2/work_1/install/interface/share/interface/hook/pythonpath.sh'
[0.670s] Level 1:colcon.colcon_core.environment:checking '/mnt/sda2/code/ros2/work_1/install/interface/bin'
[0.670s] INFO:colcon.colcon_core.shell:Creating package script '/mnt/sda2/code/ros2/work_1/install/interface/share/interface/package.ps1'
[0.671s] INFO:colcon.colcon_core.shell:Creating package descriptor '/mnt/sda2/code/ros2/work_1/install/interface/share/interface/package.dsv'
[0.671s] INFO:colcon.colcon_core.shell:Creating package script '/mnt/sda2/code/ros2/work_1/install/interface/share/interface/package.sh'
[0.672s] INFO:colcon.colcon_core.shell:Creating package script '/mnt/sda2/code/ros2/work_1/install/interface/share/interface/package.bash'
[0.672s] INFO:colcon.colcon_core.shell:Creating package script '/mnt/sda2/code/ros2/work_1/install/interface/share/interface/package.zsh'
[0.672s] Level 1:colcon.colcon_core.environment:create_file_with_runtime_dependencies(/mnt/sda2/code/ros2/work_1/install/interface/share/colcon-core/packages/interface)
[0.672s] INFO:colcon.colcon_ros.task.ament_cmake.build:Building ROS package in '/mnt/sda2/code/ros2/work_1/src/cpp_service' with build type 'ament_cmake'
[0.673s] INFO:colcon.colcon_cmake.task.cmake.build:Building CMake package in '/mnt/sda2/code/ros2/work_1/src/cpp_service'
[0.673s] INFO:colcon.colcon_core.shell:Skip shell extension 'powershell' for command environment: Not usable outside of PowerShell
[0.673s] DEBUG:colcon.colcon_core.shell:Skip shell extension 'dsv' for command environment
[0.681s] DEBUG:colcon.colcon_core.event_handler.log_command:Invoking command in '/mnt/sda2/code/ros2/work_1/build/cpp_service': AMENT_PREFIX_PATH=/mnt/sda2/code/ros2/work_1/install/interface:${AMENT_PREFIX_PATH} CMAKE_PREFIX_PATH=/mnt/sda2/code/ros2/work_1/install/interface:/opt/ros/foxy LD_LIBRARY_PATH=/mnt/sda2/code/ros2/work_1/install/interface/lib:${LD_LIBRARY_PATH} PYTHONPATH=/mnt/sda2/code/ros2/work_1/install/interface/lib/python3.8/site-packages:${PYTHONPATH} /usr/bin/cmake --build /mnt/sda2/code/ros2/work_1/build/cpp_service -- -j24 -l24
[1.992s] DEBUG:colcon.colcon_core.event_handler.log_command:Invoked command in '/mnt/sda2/code/ros2/work_1/build/cpp_service' returned '0': AMENT_PREFIX_PATH=/mnt/sda2/code/ros2/work_1/install/interface:${AMENT_PREFIX_PATH} CMAKE_PREFIX_PATH=/mnt/sda2/code/ros2/work_1/install/interface:/opt/ros/foxy LD_LIBRARY_PATH=/mnt/sda2/code/ros2/work_1/install/interface/lib:${LD_LIBRARY_PATH} PYTHONPATH=/mnt/sda2/code/ros2/work_1/install/interface/lib/python3.8/site-packages:${PYTHONPATH} /usr/bin/cmake --build /mnt/sda2/code/ros2/work_1/build/cpp_service -- -j24 -l24
[2.010s] DEBUG:colcon.colcon_core.event_handler.log_command:Invoking command in '/mnt/sda2/code/ros2/work_1/build/cpp_service': AMENT_PREFIX_PATH=/mnt/sda2/code/ros2/work_1/install/interface:${AMENT_PREFIX_PATH} CMAKE_PREFIX_PATH=/mnt/sda2/code/ros2/work_1/install/interface:/opt/ros/foxy LD_LIBRARY_PATH=/mnt/sda2/code/ros2/work_1/install/interface/lib:${LD_LIBRARY_PATH} PYTHONPATH=/mnt/sda2/code/ros2/work_1/install/interface/lib/python3.8/site-packages:${PYTHONPATH} /usr/bin/cmake --install /mnt/sda2/code/ros2/work_1/build/cpp_service
[2.020s] Level 1:colcon.colcon_core.environment:create_environment_scripts_only(cpp_service)
[2.020s] Level 1:colcon.colcon_core.environment:checking '/mnt/sda2/code/ros2/work_1/install/cpp_service' for CMake module files
[2.020s] DEBUG:colcon.colcon_core.event_handler.log_command:Invoked command in '/mnt/sda2/code/ros2/work_1/build/cpp_service' returned '0': AMENT_PREFIX_PATH=/mnt/sda2/code/ros2/work_1/install/interface:${AMENT_PREFIX_PATH} CMAKE_PREFIX_PATH=/mnt/sda2/code/ros2/work_1/install/interface:/opt/ros/foxy LD_LIBRARY_PATH=/mnt/sda2/code/ros2/work_1/install/interface/lib:${LD_LIBRARY_PATH} PYTHONPATH=/mnt/sda2/code/ros2/work_1/install/interface/lib/python3.8/site-packages:${PYTHONPATH} /usr/bin/cmake --install /mnt/sda2/code/ros2/work_1/build/cpp_service
[2.021s] Level 1:colcon.colcon_core.environment:checking '/mnt/sda2/code/ros2/work_1/install/cpp_service' for CMake config files
[2.021s] Level 1:colcon.colcon_core.shell:create_environment_hook('cpp_service', 'cmake_prefix_path')
[2.021s] INFO:colcon.colcon_core.shell:Creating environment hook '/mnt/sda2/code/ros2/work_1/install/cpp_service/share/cpp_service/hook/cmake_prefix_path.ps1'
[2.021s] INFO:colcon.colcon_core.shell:Creating environment descriptor '/mnt/sda2/code/ros2/work_1/install/cpp_service/share/cpp_service/hook/cmake_prefix_path.dsv'
[2.022s] INFO:colcon.colcon_core.shell:Creating environment hook '/mnt/sda2/code/ros2/work_1/install/cpp_service/share/cpp_service/hook/cmake_prefix_path.sh'
[2.022s] Level 1:colcon.colcon_core.environment:checking '/mnt/sda2/code/ros2/work_1/install/cpp_service/lib'
[2.022s] Level 1:colcon.colcon_core.environment:checking '/mnt/sda2/code/ros2/work_1/install/cpp_service/bin'
[2.022s] Level 1:colcon.colcon_core.environment:checking '/mnt/sda2/code/ros2/work_1/install/cpp_service/lib/pkgconfig/cpp_service.pc'
[2.022s] Level 1:colcon.colcon_core.environment:checking '/mnt/sda2/code/ros2/work_1/install/cpp_service/lib/python3.8/site-packages'
[2.022s] Level 1:colcon.colcon_core.environment:checking '/mnt/sda2/code/ros2/work_1/install/cpp_service/bin'
[2.023s] INFO:colcon.colcon_core.shell:Creating package script '/mnt/sda2/code/ros2/work_1/install/cpp_service/share/cpp_service/package.ps1'
[2.023s] INFO:colcon.colcon_core.shell:Creating package descriptor '/mnt/sda2/code/ros2/work_1/install/cpp_service/share/cpp_service/package.dsv'
[2.023s] INFO:colcon.colcon_core.shell:Creating package script '/mnt/sda2/code/ros2/work_1/install/cpp_service/share/cpp_service/package.sh'
[2.023s] INFO:colcon.colcon_core.shell:Creating package script '/mnt/sda2/code/ros2/work_1/install/cpp_service/share/cpp_service/package.bash'
[2.024s] INFO:colcon.colcon_core.shell:Creating package script '/mnt/sda2/code/ros2/work_1/install/cpp_service/share/cpp_service/package.zsh'
[2.024s] Level 1:colcon.colcon_core.environment:create_file_with_runtime_dependencies(/mnt/sda2/code/ros2/work_1/install/cpp_service/share/colcon-core/packages/cpp_service)
[2.041s] Level 1:colcon.colcon_core.environment:create_environment_scripts_only(cpp_service)
[2.042s] Level 1:colcon.colcon_core.environment:checking '/mnt/sda2/code/ros2/work_1/install/cpp_service' for CMake module files
[2.042s] Level 1:colcon.colcon_core.environment:checking '/mnt/sda2/code/ros2/work_1/install/cpp_service' for CMake config files
[2.042s] Level 1:colcon.colcon_core.shell:create_environment_hook('cpp_service', 'cmake_prefix_path')
[2.042s] INFO:colcon.colcon_core.shell:Creating environment hook '/mnt/sda2/code/ros2/work_1/install/cpp_service/share/cpp_service/hook/cmake_prefix_path.ps1'
[2.043s] INFO:colcon.colcon_core.shell:Creating environment descriptor '/mnt/sda2/code/ros2/work_1/install/cpp_service/share/cpp_service/hook/cmake_prefix_path.dsv'
[2.043s] INFO:colcon.colcon_core.shell:Creating environment hook '/mnt/sda2/code/ros2/work_1/install/cpp_service/share/cpp_service/hook/cmake_prefix_path.sh'
[2.043s] Level 1:colcon.colcon_core.environment:checking '/mnt/sda2/code/ros2/work_1/install/cpp_service/lib'
[2.043s] Level 1:colcon.colcon_core.environment:checking '/mnt/sda2/code/ros2/work_1/install/cpp_service/bin'
[2.043s] Level 1:colcon.colcon_core.environment:checking '/mnt/sda2/code/ros2/work_1/install/cpp_service/lib/pkgconfig/cpp_service.pc'
[2.043s] Level 1:colcon.colcon_core.environment:checking '/mnt/sda2/code/ros2/work_1/install/cpp_service/lib/python3.8/site-packages'
[2.044s] Level 1:colcon.colcon_core.environment:checking '/mnt/sda2/code/ros2/work_1/install/cpp_service/bin'
[2.044s] INFO:colcon.colcon_core.shell:Creating package script '/mnt/sda2/code/ros2/work_1/install/cpp_service/share/cpp_service/package.ps1'
[2.044s] INFO:colcon.colcon_core.shell:Creating package descriptor '/mnt/sda2/code/ros2/work_1/install/cpp_service/share/cpp_service/package.dsv'
[2.044s] INFO:colcon.colcon_core.shell:Creating package script '/mnt/sda2/code/ros2/work_1/install/cpp_service/share/cpp_service/package.sh'
[2.044s] INFO:colcon.colcon_core.shell:Creating package script '/mnt/sda2/code/ros2/work_1/install/cpp_service/share/cpp_service/package.bash'
[2.045s] INFO:colcon.colcon_core.shell:Creating package script '/mnt/sda2/code/ros2/work_1/install/cpp_service/share/cpp_service/package.zsh'
[2.045s] Level 1:colcon.colcon_core.environment:create_file_with_runtime_dependencies(/mnt/sda2/code/ros2/work_1/install/cpp_service/share/colcon-core/packages/cpp_service)
[2.045s] DEBUG:colcon.colcon_parallel_executor.executor.parallel:closing loop
[2.045s] DEBUG:colcon.colcon_parallel_executor.executor.parallel:loop closed
[2.045s] DEBUG:colcon.colcon_parallel_executor.executor.parallel:run_until_complete finished with '0'
[2.045s] DEBUG:colcon.colcon_core.event_reactor:joining thread
[2.049s] INFO:colcon.colcon_core.plugin_system:Skipping extension 'colcon_notification.desktop_notification.terminal_notifier': Not used on non-Darwin systems
[2.049s] INFO:colcon.colcon_core.plugin_system:Skipping extension 'colcon_notification.desktop_notification.win32': Not used on non-Windows systems
[2.049s] INFO:colcon.colcon_notification.desktop_notification:Sending desktop notification using 'notify2'
[2.060s] DEBUG:colcon.colcon_core.event_reactor:joined thread
[2.060s] INFO:colcon.colcon_core.shell:Creating prefix script '/mnt/sda2/code/ros2/work_1/install/local_setup.ps1'
[2.061s] INFO:colcon.colcon_core.shell:Creating prefix util module '/mnt/sda2/code/ros2/work_1/install/_local_setup_util_ps1.py'
[2.061s] INFO:colcon.colcon_core.shell:Creating prefix chain script '/mnt/sda2/code/ros2/work_1/install/setup.ps1'
[2.062s] INFO:colcon.colcon_core.shell:Creating prefix script '/mnt/sda2/code/ros2/work_1/install/local_setup.sh'
[2.062s] INFO:colcon.colcon_core.shell:Creating prefix util module '/mnt/sda2/code/ros2/work_1/install/_local_setup_util_sh.py'
[2.062s] INFO:colcon.colcon_core.shell:Creating prefix chain script '/mnt/sda2/code/ros2/work_1/install/setup.sh'
[2.063s] INFO:colcon.colcon_core.shell:Creating prefix script '/mnt/sda2/code/ros2/work_1/install/local_setup.bash'
[2.063s] INFO:colcon.colcon_core.shell:Creating prefix chain script '/mnt/sda2/code/ros2/work_1/install/setup.bash'
[2.064s] INFO:colcon.colcon_core.shell:Creating prefix script '/mnt/sda2/code/ros2/work_1/install/local_setup.zsh'
[2.064s] INFO:colcon.colcon_core.shell:Creating prefix chain script '/mnt/sda2/code/ros2/work_1/install/setup.zsh'
